BLOCK00/SES002/SA002S12	SES002	2.27465	15.1948	12.9201
BLOCK00/SES002/SA002S13	SES002	2.11516	13.6084	11.4933
BLOCK00/SES002/SA002S23	SES002	1.72997	14.5509	12.821
BLOCK00/SES002/SA002S26	SES002	2.15714	15.3836	13.2265
BLOCK00/SES002/SA002S28	SES002	1.51027	12.8304	11.3202
BLOCK00/SES007/SA007S14	SES007	1.71491	14.8781	13.1632
BLOCK00/SES007/SA007S15	SES007	1.20496	13.6293	12.4243
BLOCK00/SES007/SA007S24	SES007	1.54836	13.4686	11.9202
BLOCK00/SES007/SA007S27	SES007	0.929656	13.349	12.4194
BLOCK00/SES007/SA007S29	SES007	0.815852	14.4158	13.6
BLOCK00/SES008/SA008S11	SES008	1.93562	14.9825	13.0469
BLOCK00/SES008/SA008S12	SES008	1.3756	14.4696	13.094
BLOCK00/SES008/SA008S19	SES008	1.92599	15.458	13.532
BLOCK00/SES008/SA008S22	SES008	0.828572	13.0825	12.254
BLOCK00/SES008/SA008S29	SES008	1.73059	15.0335	13.3029
BLOCK01/SES014/SA014S10	SES014	0.766263	14.1035	13.3373
BLOCK01/SES014/SA014S12	SES014	1.17148	15.8053	14.6338
BLOCK01/SES014/SA014S24	SES014	0.774877	14.9103	14.1354
BLOCK01/SES014/SA014S26	SES014	1.26517	16.8212	15.556
BLOCK01/SES014/SA014S28	SES014	1.45184	15.3939	13.942
BLOCK01/SES016/SA016S12	SES016	1.08827	12.3971	11.3089
BLOCK01/SES016/SA016S13	SES016	1.89769	14.0728	12.1751
BLOCK01/SES016/SA016S22	SES016	1.95875	14.5343	12.5756
BLOCK01/SES016/SA016S25	SES016	2.17843	15.4009	13.2224
BLOCK01/SES016/SA016S27	SES016	2.39811	16.2903	13.8922
BLOCK01/SES019/SA019S13	SES019	2.74114	13.0941	10.353
BLOCK01/SES019/SA019S14	SES019	1.78706	13.5016	11.7145
BLOCK01/SES019/SA019S22	SES019	2.09457	13.0638	10.9692
BLOCK01/SES019/SA019S25	SES019	2.21567	13.4536	11.2379
BLOCK01/SES019/SA019S29	SES019	2.54468	12.9488	10.4041
BLOCK02/SES029/SA029S11	SES029	1.5965	13.837	12.2405
BLOCK02/SES029/SA029S12	SES029	1.08132	14.4225	13.3412
BLOCK02/SES029/SA029S20	SES029	1.64222	13.8754	12.2332
BLOCK02/SES029/SA029S25	SES029	2.05951	15.1861	13.1266
BLOCK02/SES029/SA029S28	SES029	1.22601	14.156	12.93
BLOCK04/SES042/SA042S12	SES042	1.36362	14.4197	13.0561
BLOCK04/SES042/SA042S15	SES042	0.794023	14.3392	13.5452
BLOCK04/SES042/SA042S22	SES042	1.94863	16.4874	14.5388
BLOCK04/SES042/SA042S25	SES042	1.30472	14.2009	12.8962
BLOCK04/SES042/SA042S27	SES042	1.36988	15.5206	14.1507
BLOCK04/SES048/SA048S11	SES048	0.796384	14.299	13.5026
BLOCK04/SES048/SA048S12	SES048	0.638412	14.4335	13.7951
BLOCK04/SES048/SA048S20	SES048	0.401157	13.9005	13.4993
BLOCK04/SES048/SA048S23	SES048	1.05528	13.3186	12.2633
BLOCK04/SES048/SA048S27	SES048	0.557157	15.43	14.8728
BLOCK06/SES060/SA060S11	SES060	1.4275	14.544	13.1165
BLOCK06/SES060/SA060S12	SES060	0.772985	12.819	12.046
BLOCK06/SES060/SA060S22	SES060	1.00552	12.5649	11.5594
BLOCK06/SES060/SA060S24	SES060	1.56031	15.2379	13.6776
BLOCK06/SES060/SA060S28	SES060	1.69959	16.6981	14.9986
BLOCK06/SES062/SA062S10	SES062	1.52865	14.8885	13.3598
BLOCK06/SES062/SA062S11	SES062	1.94116	14.0633	12.1221
BLOCK06/SES062/SA062S21	SES062	2.39819	17.1282	14.73
BLOCK06/SES062/SA062S26	SES062	2.09666	15.6997	13.6031
BLOCK06/SES062/SA062S29	SES062	2.34895	16.6589	14.31
BLOCK06/SES068/SA068S14	SES068	0.282065	13.4987	13.2166
BLOCK06/SES068/SA068S15	SES068	0.895905	15.2809	14.3849
BLOCK06/SES068/SA068S23	SES068	0.612123	12.9107	12.2985
BLOCK06/SES068/SA068S27	SES068	1.05884	13.9898	12.9309
BLOCK06/SES068/SA068S29	SES068	0.471031	13.7281	13.2571
BLOCK08/SES082/SA082S12	SES082	0.980625	13.1718	12.1912
BLOCK08/SES082/SA082S14	SES082	0.879891	12.1872	11.3073
BLOCK08/SES082/SA082S21	SES082	0.570905	12.5146	11.9437
BLOCK08/SES082/SA082S24	SES082	1.11691	13.6866	12.5697
BLOCK08/SES082/SA082S28	SES082	1.03424	12.371	11.3368
BLOCK08/SES083/SA083S14	SES083	0.698381	13.6105	12.9121
BLOCK08/SES083/SA083S15	SES083	1.10125	14.5285	13.4273
BLOCK08/SES083/SA083S24	SES083	0.890192	14.2641	13.3739
BLOCK08/SES083/SA083S26	SES083	0.647985	14.0356	13.3876
BLOCK08/SES083/SA083S29	SES083	0.98614	14.8799	13.8938
BLOCK08/SES085/SA085S10	SES085	1.91057	14.8703	12.9598
BLOCK08/SES085/SA085S13	SES085	0.760987	13.1602	12.3992
BLOCK08/SES085/SA085S22	SES085	1.04043	14.627	13.5866
BLOCK08/SES085/SA085S26	SES085	1.80336	15.0303	13.227
BLOCK08/SES085/SA085S28	SES085	1.74778	14.9464	13.1986
BLOCK08/SES087/SA087S15	SES087	1.70961	13.9603	12.2506
BLOCK08/SES087/SA087S16	SES087	1.84261	14.3624	12.5198
BLOCK08/SES087/SA087S24	SES087	2.37752	14.8915	12.5139
BLOCK08/SES087/SA087S26	SES087	1.18905	14.8199	13.6308
BLOCK08/SES087/SA087S29	SES087	1.64668	14.1065	12.4598
BLOCK09/SES099/SA099S15	SES099	2.05154	13.4196	11.368
BLOCK09/SES099/SA099S16	SES099	1.66119	13.5994	11.9382
BLOCK09/SES099/SA099S24	SES099	2.11556	14.4285	12.313
BLOCK09/SES099/SA099S26	SES099	2.2121	14.4171	12.205
BLOCK09/SES099/SA099S29	SES099	2.031	14.3065	12.2755
BLOCK10/SES101/SA101S11	SES101	1.93574	14.3468	12.4111
BLOCK10/SES101/SA101S13	SES101	2.46347	15.8614	13.398
BLOCK10/SES101/SA101S22	SES101	1.11257	12.9706	11.858
BLOCK10/SES101/SA101S24	SES101	2.75544	14.8637	12.1083
BLOCK10/SES101/SA101S28	SES101	1.36457	12.7085	11.3439
BLOCK10/SES104/SA104S11	SES104	1.00539	14.9544	13.949
BLOCK10/SES104/SA104S12	SES104	1.04397	13.1187	12.0747
BLOCK10/SES104/SA104S21	SES104	1.29946	13.922	12.6226
BLOCK10/SES104/SA104S24	SES104	1.02675	14.1723	13.1456
BLOCK10/SES104/SA104S28	SES104	1.39233	13.9317	12.5393
BLOCK10/SES105/SA105S12	SES105	0.855588	12.3486	11.493
BLOCK10/SES105/SA105S13	SES105	0.746938	12.5206	11.7736
BLOCK10/SES105/SA105S22	SES105	0.65993	12.297	11.637
BLOCK10/SES105/SA105S26	SES105	0.789412	12.0496	11.2602
BLOCK10/SES105/SA105S29	SES105	0.659202	13.0233	12.3641
BLOCK10/SES106/SA106S09	SES106	1.31948	11.8971	10.5776
BLOCK10/SES106/SA106S11	SES106	2.20324	14.2963	12.0931
BLOCK10/SES106/SA106S22	SES106	2.43673	12.6483	10.2116
BLOCK10/SES106/SA106S27	SES106	1.99806	13.0411	11.0431
BLOCK10/SES106/SA106S29	SES106	2.14373	14.6567	12.5129
BLOCK11/SES117/SA117S12	SES117	0.616489	13.9765	13.36
BLOCK11/SES117/SA117S13	SES117	0.408381	14.7647	14.3563
BLOCK11/SES117/SA117S23	SES117	2.53654	13.8995	11.363
BLOCK11/SES117/SA117S25	SES117	1.94212	13.8653	11.9232
BLOCK11/SES117/SA117S28	SES117	1.9338	13.3368	11.403
BLOCK12/SES120/SA120S08	SES120	0.414575	11.2595	10.8449
BLOCK12/SES120/SA120S11	SES120	0.618365	10.3529	9.73449
BLOCK12/SES120/SA120S22	SES120	0.316681	13.5814	13.2647
BLOCK12/SES120/SA120S24	SES120	0.485861	12.3602	11.8743
BLOCK12/SES120/SA120S28	SES120	0.325762	10.6577	10.332
BLOCK12/SES125/SA125S13	SES125	2.34536	14.5195	12.1741
BLOCK12/SES125/SA125S14	SES125	1.52075	13.7846	12.2638
BLOCK12/SES125/SA125S25	SES125	2.31763	15.5853	13.2677
BLOCK12/SES125/SA125S27	SES125	2.18312	15.8378	13.6547
BLOCK12/SES125/SA125S29	SES125	2.1897	14.4977	12.308
BLOCK12/SES127/SA127S11	SES127	1.67823	14.308	12.6297
BLOCK12/SES127/SA127S12	SES127	1.70438	14.9502	13.2458
BLOCK12/SES127/SA127S23	SES127	1.2746	14.6567	13.3821
BLOCK12/SES127/SA127S25	SES127	0.317801	12.6898	12.372
BLOCK12/SES127/SA127S27	SES127	1.84456	14.8747	13.0301
BLOCK12/SES129/SA129S11	SES129	1.75708	16.0371	14.28
BLOCK12/SES129/SA129S12	SES129	1.94709	16.0213	14.0742
BLOCK12/SES129/SA129S22	SES129	1.49907	14.919	13.4199
BLOCK12/SES129/SA129S27	SES129	1.97535	15.8287	13.8534
BLOCK12/SES129/SA129S29	SES129	1.63254	15.7175	14.085
BLOCK14/SES142/SA142S11	SES142	2.38879	14.1759	11.7871
BLOCK14/SES142/SA142S12	SES142	1.91028	13.8665	11.9562
BLOCK14/SES142/SA142S24	SES142	2.71839	14.6285	11.9101
BLOCK14/SES142/SA142S27	SES142	2.03189	15.1164	13.0845
BLOCK14/SES142/SA142S29	SES142	2.4385	13.9701	11.5316
BLOCK14/SES143/SA143S12	SES143	0.703082	13.1898	12.4867
BLOCK14/SES143/SA143S13	SES143	0.489399	12.9319	12.4425
BLOCK14/SES143/SA143S23	SES143	0.654951	12.8285	12.1735
BLOCK14/SES143/SA143S25	SES143	0.674903	13.5206	12.8457
BLOCK14/SES143/SA143S28	SES143	0.545416	12.9839	12.4384
BLOCK14/SES144/SA144S09	SES144	1.2667	15.4027	14.136
BLOCK14/SES144/SA144S11	SES144	1.37742	14.0463	12.6689
BLOCK14/SES144/SA144S21	SES144	0.698812	13.6159	12.9171
BLOCK14/SES144/SA144S25	SES144	0.932659	14.039	13.1063
BLOCK14/SES144/SA144S29	SES144	0.821681	15.0115	14.1898
BLOCK14/SES146/SA146S14	SES146	0.981096	13.1474	12.1663
BLOCK14/SES146/SA146S15	SES146	0.839113	13.4013	12.5622
BLOCK14/SES146/SA146S24	SES146	1.06197	13.421	12.359
BLOCK14/SES146/SA146S26	SES146	1.61911	13.4342	11.8151
BLOCK14/SES146/SA146S29	SES146	1.18012	12.1453	10.9651
BLOCK14/SES147/SA147S11	SES147	0.910832	12.7865	11.8756
BLOCK14/SES147/SA147S13	SES147	2.00383	14.385	12.3812
BLOCK14/SES147/SA147S23	SES147	0.870576	13.5233	12.6527
BLOCK14/SES147/SA147S26	SES147	1.05369	13.5237	12.47
BLOCK14/SES147/SA147S28	SES147	1.39299	13.6303	12.2373
BLOCK14/SES148/SA148S10	SES148	1.81641	14.3845	12.5681
BLOCK14/SES148/SA148S12	SES148	1.65948	12.9552	11.2957
BLOCK14/SES148/SA148S22	SES148	1.42564	14.3781	12.9525
BLOCK14/SES148/SA148S26	SES148	0.970141	14.0813	13.1112
BLOCK14/SES148/SA148S29	SES148	1.35033	13.7162	12.3659
BLOCK14/SES149/SA149S13	SES149	1.41711	15.1694	13.7523
BLOCK14/SES149/SA149S14	SES149	1.215	15.1138	13.8989
BLOCK14/SES149/SA149S24	SES149	1.3012	15.0393	13.7381
BLOCK14/SES149/SA149S26	SES149	2.28849	15.9288	13.6403
BLOCK14/SES149/SA149S28	SES149	1.81665	16.62	14.8033
BLOCK15/SES158/SA158S13	SES158	2.73225	13.0194	10.2871
BLOCK15/SES158/SA158S14	SES158	2.789	12.3804	9.59136
BLOCK15/SES158/SA158S23	SES158	2.4491	13.2263	10.7772
BLOCK15/SES158/SA158S26	SES158	2.65402	11.996	9.34199
BLOCK15/SES158/SA158S28	SES158	1.80678	12.4041	10.5973
BLOCK16/SES162/SA162S10	SES162	0.280067	12.3147	12.0346
BLOCK16/SES162/SA162S11	SES162	0.594259	13.8076	13.2133
BLOCK16/SES162/SA162S21	SES162	0.955288	13.7878	12.8325
BLOCK16/SES162/SA162S24	SES162	0.817574	13.1507	12.3331
BLOCK16/SES162/SA162S27	SES162	0.84599	12.8154	11.9694
BLOCK16/SES167/SA167S14	SES167	1.81597	16.315	14.4991
BLOCK16/SES167/SA167S15	SES167	1.57002	15.2042	13.6341
BLOCK16/SES167/SA167S21	SES167	2.32097	15.896	13.575
BLOCK16/SES167/SA167S25	SES167	2.76923	14.8099	12.0407
BLOCK16/SES167/SA167S29	SES167	2.99297	17.125	14.132
BLOCK17/SES172/SA172S12	SES172	0.826438	13.6104	12.784
BLOCK17/SES172/SA172S13	SES172	1.45756	13.446	11.9884
BLOCK17/SES172/SA172S23	SES172	0.559152	14.4012	13.842
BLOCK17/SES172/SA172S27	SES172	1.0225	13.8935	12.871
BLOCK17/SES172/SA172S29	SES172	0.890985	13.2167	12.3257
BLOCK17/SES175/SA175S11	SES175	0.591982	13.6025	13.0106
BLOCK17/SES175/SA175S13	SES175	0.880759	13.9024	13.0217
BLOCK17/SES175/SA175S23	SES175	0.931615	13.849	12.9174
BLOCK17/SES175/SA175S25	SES175	0.146986	11.9205	11.7735
BLOCK17/SES175/SA175S28	SES175	0.825083	14.1949	13.3698
BLOCK17/SES177/SA177S15	SES177	0.895268	14.1104	13.2151
BLOCK17/SES177/SA177S17	SES177	0.823314	14.2098	13.3865
BLOCK17/SES177/SA177S23	SES177	0.654504	13.4344	12.7799
BLOCK17/SES177/SA177S26	SES177	1.6954	15.8663	14.1709
BLOCK17/SES177/SA177S28	SES177	1.57525	15.1388	13.5635
BLOCK18/SES180/SA180S13	SES180	0.487387	12.9941	12.5067
BLOCK18/SES180/SA180S15	SES180	0.361227	13.3588	12.9975
BLOCK18/SES180/SA180S24	SES180	0.431241	14.3011	13.8699
BLOCK18/SES180/SA180S26	SES180	0.491843	13.8747	13.3829
BLOCK18/SES180/SA180S29	SES180	1.02167	13.5918	12.5702
BLOCK18/SES183/SA183S13	SES183	0.524175	12.4633	11.9391
BLOCK18/SES183/SA183S14	SES183	0.693754	12.8265	12.1327
BLOCK18/SES183/SA183S24	SES183	1.14019	12.005	10.8648
BLOCK18/SES183/SA183S27	SES183	0.877073	12.7843	11.9072
BLOCK18/SES183/SA183S29	SES183	1.00729	13.747	12.7397
BLOCK18/SES187/SA187S13	SES187	0.520679	13.0213	12.5006
BLOCK18/SES187/SA187S14	SES187	0.426764	13.0567	12.6299
BLOCK18/SES187/SA187S24	SES187	1.0545	11.5816	10.5271
BLOCK18/SES187/SA187S27	SES187	0.561728	12.7062	12.1445
BLOCK18/SES187/SA187S29	SES187	0.78372	12.724	11.9403
BLOCK18/SES189/SA189S10	SES189	2.30465	12.7097	10.405
BLOCK18/SES189/SA189S13	SES189	4.00823	11.6817	7.67343
BLOCK18/SES189/SA189S24	SES189	4.89205	11.2052	6.31312
BLOCK18/SES189/SA189S26	SES189	2.4741	13.2558	10.7817
BLOCK18/SES189/SA189S29	SES189	2.79546	12.2613	9.46582
BLOCK20/SES202/SA202S12	SES202	1.91804	11.5041	9.58611
BLOCK20/SES202/SA202S14	SES202	3.00642	13.6447	10.6383
BLOCK20/SES202/SA202S24	SES202	1.31678	13.24	11.9233
BLOCK20/SES202/SA202S27	SES202	2.03024	14.9797	12.9494
BLOCK20/SES202/SA202S29	SES202	2.00982	13.9187	11.9088
BLOCK20/SES206/SA206S15	SES206	1.1131	13.9928	12.8797
BLOCK20/SES206/SA206S17	SES206	2.17223	15.2408	13.0686
BLOCK20/SES206/SA206S24	SES206	2.47207	15.1252	12.6532
BLOCK20/SES206/SA206S27	SES206	1.82539	13.7958	11.9704
BLOCK20/SES206/SA206S29	SES206	1.86228	16.1923	14.3301
BLOCK22/SES226/SA226S12	SES226	0.0987215	12.117	12.0183
BLOCK22/SES226/SA226S13	SES226	-0.525279	11.8205	12.3458
BLOCK22/SES226/SA226S20	SES226	0.711844	12.5621	11.8503
BLOCK22/SES226/SA226S23	SES226	0.709763	13.0404	12.3306
BLOCK22/SES226/SA226S28	SES226	0.905369	13.8911	12.9858
BLOCK25/SES259/SA259S13	SES259	3.03185	15.3418	12.31
BLOCK25/SES259/SA259S14	SES259	1.66292	15.211	13.5481
BLOCK25/SES259/SA259S22	SES259	2.16824	15.7028	13.5346
BLOCK25/SES259/SA259S24	SES259	1.6314	16.4816	14.8502
BLOCK25/SES259/SA259S28	SES259	2.33149	15.9209	13.5895
BLOCK27/SES270/SA270S14	SES270	2.30272	12.8295	10.5268
BLOCK27/SES270/SA270S16	SES270	1.26696	12.6348	11.3679
BLOCK27/SES270/SA270S22	SES270	2.01342	12.3365	10.3231
BLOCK27/SES270/SA270S26	SES270	2.01445	12.0004	9.98593
BLOCK27/SES270/SA270S28	SES270	1.56714	13.0414	11.4743
BLOCK27/SES275/SA275S17	SES275	0.573321	12.672	12.0987
BLOCK27/SES275/SA275S18	SES275	0.53435	13.1669	12.6325
BLOCK27/SES275/SA275S24	SES275	0.62207	12.1201	11.498
BLOCK27/SES275/SA275S26	SES275	0.755564	13.518	12.7624
BLOCK27/SES275/SA275S28	SES275	0.39924	13.1311	12.7318
BLOCK29/SES292/SA292S10	SES292	0.734141	13.4503	12.7162
BLOCK29/SES292/SA292S12	SES292	0.788415	12.9104	12.122
BLOCK29/SES292/SA292S22	SES292	0.807628	14.0462	13.2385
BLOCK29/SES292/SA292S24	SES292	0.903949	14.1732	13.2692
BLOCK29/SES292/SA292S27	SES292	0.987745	14.0039	13.0162
BLOCK00/SES001/SA001S14	SES062	-0.779798	11.0443	11.8241
BLOCK00/SES001/SA001S14	SES082	-0.708898	11.1152	11.8241
BLOCK00/SES001/SA001S14	SES106	-0.636262	11.1879	11.8241
BLOCK00/SES001/SA001S14	SES206	-0.674397	11.1497	11.8241
BLOCK00/SES001/SA001S15	SES062	-1.11343	12.3002	13.4136
BLOCK00/SES001/SA001S15	SES104	-0.101523	13.3121	13.4136
BLOCK00/SES001/SA001S15	SES106	0.515858	13.9295	13.4136
BLOCK00/SES001/SA001S15	SES206	0.283977	13.6976	13.4136
BLOCK00/SES001/SA001S24	SES062	-0.922034	10.9872	11.9093
BLOCK00/SES001/SA001S24	SES082	-1.05135	10.8579	11.9093
BLOCK00/SES001/SA001S24	SES087	-0.627529	11.2817	11.9093
BLOCK00/SES001/SA001S24	SES206	-0.0205641	11.8887	11.9093
BLOCK00/SES001/SA001S27	SES062	-0.943327	12.5864	13.5297
BLOCK00/SES001/SA001S27	SES082	0.224505	13.7542	13.5297
BLOCK00/SES001/SA001S27	SES087	0.309219	13.8389	13.5297
BLOCK00/SES001/SA001S27	SES206	0.561696	14.0914	13.5297
BLOCK00/SES001/SA001S29	SES062	-1.13805	10.4795	11.6176
BLOCK00/SES001/SA001S29	SES082	0.301065	11.9187	11.6176
BLOCK00/SES001/SA001S29	SES158	0.269966	11.8876	11.6176
BLOCK00/SES001/SA001S29	SES206	0.0143976	11.632	11.6176
BLOCK00/SES003/SA003S11	SES002	0.683296	13.2386	12.5553
BLOCK00/SES003/SA003S11	SES019	-0.242777	12.3125	12.5553
BLOCK00/SES003/SA003S11	SES082	0.273192	12.8285	12.5553
BLOCK00/SES003/SA003S11	SES125	-0.178457	12.3768	12.5553
BLOCK00/SES003/SA003S15	SES016	0.0453272	12.7853	12.74
BLOCK00/SES003/SA003S15	SES019	-0.182593	12.5574	12.74
BLOCK00/SES003/SA003S15	SES062	-0.719176	12.0208	12.74
BLOCK00/SES003/SA003S15	SES206	1.11117	13.8512	12.74
BLOCK00/SES003/SA003S22	SES002	0.088048	13.4656	13.3776
BLOCK00/SES003/SA003S22	SES062	0.0709419	13.4485	13.3776
BLOCK00/SES003/SA003S22	SES082	-0.783119	12.5945	13.3776
BLOCK00/SES003/SA003S22	SES087	-0.955782	12.4218	13.3776
BLOCK00/SES003/SA003S25	SES062	-1.2594	10.5624	11.8218
BLOCK00/SES003/SA003S25	SES082	-0.471487	11.3503	11.8218
BLOCK00/SES003/SA003S25	SES087	-0.459663	11.3622	11.8218
BLOCK00/SES003/SA003S25	SES206	-0.238944	11.5829	11.8218
BLOCK00/SES003/SA003S29	SES002	0.197535	12.9077	12.7102
BLOCK00/SES003/SA003S29	SES062	-0.785094	11.9251	12.7102
BLOCK00/SES003/SA003S29	SES082	-0.0105228	12.6996	12.7102
BLOCK00/SES003/SA003S29	SES087	0.382751	13.0929	12.7102
BLOCK00/SES004/SA004S12	SES083	-0.026104	11.7469	11.773
BLOCK00/SES004/SA004S12	SES148	-0.237856	11.5351	11.773
BLOCK00/SES004/SA004S12	SES172	0.130615	11.9036	11.773
BLOCK00/SES004/SA004S12	SES292	0.137929	11.9109	11.773
BLOCK00/SES004/SA004S17	SES083	-0.116174	12.184	12.3002
BLOCK00/SES004/SA004S17	SES162	0.362593	12.6628	12.3002
BLOCK00/SES004/SA004S17	SES172	0.193251	12.4935	12.3002
BLOCK00/SES004/SA004S17	SES292	0.215214	12.5154	12.3002
BLOCK00/SES004/SA004S24	SES083	0.0417471	12.2316	12.1898
BLOCK00/SES004/SA004S24	SES148	-0.555859	11.634	12.1898
BLOCK00/SES004/SA004S24	SES172	0.263256	12.4531	12.1898
BLOCK00/SES004/SA004S24	SES292	0.350884	12.5407	12.1898
BLOCK00/SES004/SA004S26	SES083	0.30905	11.5687	11.2596
BLOCK00/SES004/SA004S26	SES127	0.753443	12.0131	11.2596
BLOCK00/SES004/SA004S26	SES148	-0.687329	10.5723	11.2596
BLOCK00/SES004/SA004S26	SES292	-0.0881796	11.1715	11.2596
BLOCK00/SES004/SA004S28	SES083	0.215576	12.9836	12.768
BLOCK00/SES004/SA004S28	SES127	0.00798798	12.776	12.768
BLOCK00/SES004/SA004S28	SES187	0.0196028	12.7877	12.768
BLOCK00/SES004/SA004S28	SES292	0.0462646	12.8143	12.768
BLOCK00/SES006/SA006S10	SES014	-1.62763	7.95967	9.5873
BLOCK00/SES006/SA006S10	SES158	-0.532526	9.05477	9.5873
BLOCK00/SES006/SA006S10	SES226	-1.77902	7.80828	9.5873
BLOCK00/SES006/SA006S10	SES270	-0.0602007	9.5271	9.5873
BLOCK00/SES006/SA006S11	SES158	-0.640429	10.0761	10.7166
BLOCK00/SES006/SA006S11	SES226	-0.815393	9.90116	10.7166
BLOCK00/SES006/SA006S11	SES270	0.413168	11.1297	10.7166
BLOCK00/SES006/SA006S11	SES275	-0.653657	10.0629	10.7166
BLOCK00/SES006/SA006S23	SES062	-0.6795	12.1021	12.7816
BLOCK00/SES006/SA006S23	SES105	-1.68009	11.1015	12.7816
BLOCK00/SES006/SA006S23	SES158	-1.08177	11.6998	12.7816
BLOCK00/SES006/SA006S23	SES275	-0.597634	12.1839	12.7816
BLOCK00/SES006/SA006S26	SES104	-0.701862	11.5357	12.2376
BLOCK00/SES006/SA006S26	SES158	-0.498436	11.7392	12.2376
BLOCK00/SES006/SA006S26	SES270	0.222049	12.4597	12.2376
BLOCK00/SES006/SA006S26	SES275	-1.11934	11.1183	12.2376
BLOCK00/SES006/SA006S28	SES007	-0.525054	10.4171	10.9421
BLOCK00/SES006/SA006S28	SES105	-1.41685	9.52528	10.9421
BLOCK00/SES006/SA006S28	SES158	-0.965922	9.9762	10.9421
BLOCK00/SES006/SA006S28	SES275	-0.790923	10.1512	10.9421
BLOCK00/SES009/SA009S12	SES083	-0.217505	13.3562	13.5737
BLOCK00/SES009/SA009S12	SES148	-0.77676	12.797	13.5737
BLOCK00/SES009/SA009S12	SES177	0.205222	13.779	13.5737
BLOCK00/SES009/SA009S12	SES292	0.202421	13.7762	13.5737
BLOCK00/SES009/SA009S15	SES007	0.883133	14.7348	13.8517
BLOCK00/SES009/SA009S15	SES099	-0.663684	13.188	13.8517
BLOCK00/SES009/SA009S15	SES148	-0.369579	13.4821	13.8517
BLOCK00/SES009/SA009S15	SES172	-0.147336	13.7043	13.8517
BLOCK00/SES009/SA009S24	SES146	0.137856	13.8929	13.755
BLOCK00/SES009/SA009S24	SES148	-0.801953	12.953	13.755
BLOCK00/SES009/SA009S24	SES177	0.521829	14.2768	13.755
BLOCK00/SES009/SA009S24	SES292	0.145226	13.9002	13.755
BLOCK00/SES009/SA009S26	SES083	-0.431477	13.01	13.4415
BLOCK00/SES009/SA009S26	SES101	-0.305507	13.136	13.4415
BLOCK00/SES009/SA009S26	SES120	-0.0917492	13.3498	13.4415
BLOCK00/SES009/SA009S26	SES177	0.101318	13.5428	13.4415
BLOCK00/SES009/SA009S29	SES083	-0.0195808	14.0406	14.0602
BLOCK00/SES009/SA009S29	SES101	0.112082	14.1722	14.0602
BLOCK00/SES009/SA009S29	SES177	0.413362	14.4735	14.0602
BLOCK00/SES009/SA009S29	SES292	0.661451	14.7216	14.0602
BLOCK01/SES011/SA011S10	SES019	-0.405247	12.0719	12.4771
BLOCK01/SES011/SA011S10	SES042	0.0404215	12.5176	12.4771
BLOCK01/SES011/SA011S10	SES082	-0.134121	12.343	12.4771
BLOCK01/SES011/SA011S10	SES206	0.676552	13.1537	12.4771
BLOCK01/SES011/SA011S11	SES019	-0.702075	11.0064	11.7085
BLOCK01/SES011/SA011S11	SES042	-0.315322	11.3932	11.7085
BLOCK01/SES011/SA011S11	SES082	-0.817155	10.8913	11.7085
BLOCK01/SES011/SA011S11	SES206	0.0212641	11.7297	11.7085
BLOCK01/SES011/SA011S22	SES019	-0.117739	12.1275	12.2453
BLOCK01/SES011/SA011S22	SES042	0.294889	12.5401	12.2453
BLOCK01/SES011/SA011S22	SES082	0.061553	12.3068	12.2453
BLOCK01/SES011/SA011S22	SES206	0.230149	12.4754	12.2453
BLOCK01/SES011/SA011S24	SES019	-0.0937977	12.5688	12.6626
BLOCK01/SES011/SA011S24	SES042	0.14426	12.8068	12.6626
BLOCK01/SES011/SA011S24	SES104	0.279448	12.942	12.6626
BLOCK01/SES011/SA011S24	SES206	0.749378	13.412	12.6626
BLOCK01/SES011/SA011S27	SES082	0.379148	12.4035	12.0243
BLOCK01/SES011/SA011S27	SES087	-0.871319	11.153	12.0243
BLOCK01/SES011/SA011S27	SES125	0.013258	12.0376	12.0243
BLOCK01/SES011/SA011S27	SES206	-0.119754	11.9046	12.0243
BLOCK01/SES012/SA012S11	SES007	-0.142034	13.7168	13.8589
BLOCK01/SES012/SA012S11	SES082	0.17347	14.0323	13.8589
BLOCK01/SES012/SA012S11	SES083	0.308262	14.1671	13.8589
BLOCK01/SES012/SA012S11	SES206	0.598768	14.4576	13.8589
BLOCK01/SES012/SA012S14	SES082	0.882318	14.3065	13.4241
BLOCK01/SES012/SA012S14	SES087	0.401495	13.8256	13.4241
BLOCK01/SES012/SA012S14	SES206	1.09321	14.5174	13.4241
BLOCK01/SES012/SA012S14	SES292	0.28017	13.7043	13.4241
BLOCK01/SES012/SA012S24	SES082	0.890218	14.0241	13.1339
BLOCK01/SES012/SA012S24	SES087	-0.503942	12.6299	13.1339
BLOCK01/SES012/SA012S24	SES120	-0.384092	12.7498	13.1339
BLOCK01/SES012/SA012S24	SES206	0.160183	13.2941	13.1339
BLOCK01/SES012/SA012S26	SES019	-1.10205	13.0015	14.1036
BLOCK01/SES012/SA012S26	SES082	0.21379	14.3174	14.1036
BLOCK01/SES012/SA012S26	SES206	1.05619	15.1598	14.1036
BLOCK01/SES012/SA012S26	SES292	0.369759	14.4733	14.1036
BLOCK01/SES012/SA012S29	SES062	-0.658597	13.1262	13.7848
BLOCK01/SES012/SA012S29	SES082	0.413964	14.1988	13.7848
BLOCK01/SES012/SA012S29	SES083	-0.0712709	13.7135	13.7848
BLOCK01/SES012/SA012S29	SES206	0.886214	14.671	13.7848
BLOCK01/SES013/SA013S16	SES062	-0.926957	11.1488	12.0758
BLOCK01/SES013/SA013S16	SES106	-0.0794687	11.9963	12.0758
BLOCK01/SES013/SA013S16	SES206	0.348214	12.424	12.0758
BLOCK01/SES013/SA013S16	SES226	0.161409	12.2372	12.0758
BLOCK01/SES013/SA013S17	SES062	-0.903532	12.5582	13.4617
BLOCK01/SES013/SA013S17	SES106	0.48536	13.9471	13.4617
BLOCK01/SES013/SA013S17	SES206	1.03478	14.4965	13.4617
BLOCK01/SES013/SA013S17	SES226	0.343515	13.8053	13.4617
BLOCK01/SES013/SA013S23	SES104	0.100785	12.8868	12.786
BLOCK01/SES013/SA013S23	SES106	0.350232	13.1363	12.786
BLOCK01/SES013/SA013S23	SES206	0.588965	13.375	12.786
BLOCK01/SES013/SA013S23	SES270	0.461823	13.2478	12.786
BLOCK01/SES013/SA013S25	SES042	0.20376	14.0577	13.8539
BLOCK01/SES013/SA013S25	SES104	0.301626	14.1555	13.8539
BLOCK01/SES013/SA013S25	SES106	0.895164	14.7491	13.8539
BLOCK01/SES013/SA013S25	SES206	1.04797	14.9019	13.8539
BLOCK01/SES013/SA013S29	SES062	-1.46527	11.2275	12.6928
BLOCK01/SES013/SA013S29	SES104	0.0335598	12.7263	12.6928
BLOCK01/SES013/SA013S29	SES106	0.60148	13.2942	12.6928
BLOCK01/SES013/SA013S29	SES206	0.374863	13.0676	12.6928
BLOCK02/SES021/SA021S13	SES016	-0.898219	13.0992	13.9974
BLOCK02/SES021/SA021S13	SES029	0.152235	14.1496	13.9974
BLOCK02/SES021/SA021S13	SES087	-0.310439	13.687	13.9974
BLOCK02/SES021/SA021S13	SES206	0.413325	14.4107	13.9974
BLOCK02/SES021/SA021S15	SES087	0.651346	15.5392	14.8879
BLOCK02/SES021/SA021S15	SES125	0.78446	15.6723	14.8879
BLOCK02/SES021/SA021S15	SES206	1.12039	16.0083	14.8879
BLOCK02/SES021/SA021S15	SES226	-0.446033	14.4418	14.8879
BLOCK02/SES021/SA021S23	SES062	-1.03284	10.8694	11.9023
BLOCK02/SES021/SA021S23	SES087	0.499475	12.4017	11.9023
BLOCK02/SES021/SA021S23	SES206	0.665148	12.5674	11.9023
BLOCK02/SES021/SA021S23	SES226	-0.102264	11.8	11.9023
BLOCK02/SES021/SA021S27	SES002	0.334197	14.1509	13.8167
BLOCK02/SES021/SA021S27	SES016	-1.49423	12.3225	13.8167
BLOCK02/SES021/SA021S27	SES019	-0.710446	13.1063	13.8167
BLOCK02/SES021/SA021S27	SES062	-0.567006	13.2497	13.8167
BLOCK02/SES021/SA021S29	SES087	-0.437304	13.222	13.6593
BLOCK02/SES021/SA021S29	SES125	0.869017	14.5283	13.6593
BLOCK02/SES021/SA021S29	SES206	-0.0273695	13.6319	13.6593
BLOCK02/SES021/SA021S29	SES226	-0.658507	13.0008	13.6593
BLOCK04/SES043/SA043S09	SES083	0.051239	12.4358	12.3846
BLOCK04/SES043/SA043S09	SES101	0.596044	12.9806	12.3846
BLOCK04/SES043/SA043S09	SES144	0.63279	13.0174	12.3846
BLOCK04/SES043/SA043S09	SES172	0.136375	12.521	12.3846
BLOCK04/SES043/SA043S11	SES083	0.35217	14.1313	13.7791
BLOCK04/SES043/SA043S11	SES101	0.41656	14.1956	13.7791
BLOCK04/SES043/SA043S11	SES144	0.941087	14.7202	13.7791
BLOCK04/SES043/SA043S11	SES172	0.228826	14.0079	13.7791
BLOCK04/SES043/SA043S23	SES083	0.576474	13.8823	13.3059
BLOCK04/SES043/SA043S23	SES144	1.32389	14.6297	13.3059
BLOCK04/SES043/SA043S23	SES177	0.503456	13.8093	13.3059
BLOCK04/SES043/SA043S23	SES275	-0.113315	13.1925	13.3059
BLOCK04/SES043/SA043S26	SES083	0.256197	13.0322	12.776
BLOCK04/SES043/SA043S26	SES101	0.247854	13.0238	12.776
BLOCK04/SES043/SA043S26	SES144	0.704996	13.481	12.776
BLOCK04/SES043/SA043S26	SES177	0.0790634	12.8551	12.776
BLOCK04/SES043/SA043S28	SES016	0.769902	14.532	13.7621
BLOCK04/SES043/SA043S28	SES083	0.664485	14.4266	13.7621
BLOCK04/SES043/SA043S28	SES101	0.881648	14.6438	13.7621
BLOCK04/SES043/SA043S28	SES144	0.669357	14.4315	13.7621
BLOCK04/SES044/SA044S10	SES127	-0.106247	10.3605	10.4668
BLOCK04/SES044/SA044S10	SES144	1.00592	11.4727	10.4668
BLOCK04/SES044/SA044S10	SES147	0.0203066	10.4871	10.4668
BLOCK04/SES044/SA044S10	SES148	-0.250549	10.2162	10.4668
BLOCK04/SES044/SA044S11	SES101	0.44853	12.072	11.6235
BLOCK04/SES044/SA044S11	SES144	0.653602	12.2771	11.6235
BLOCK04/SES044/SA044S11	SES147	-0.0834074	11.5401	11.6235
BLOCK04/SES044/SA044S11	SES177	-0.761617	10.8619	11.6235
BLOCK04/SES044/SA044S24	SES007	-0.607623	11.1389	11.7465
BLOCK04/SES044/SA044S24	SES101	0.721661	12.4682	11.7465
BLOCK04/SES044/SA044S24	SES147	0.0433855	11.7899	11.7465
BLOCK04/SES044/SA044S24	SES177	-0.0794144	11.6671	11.7465
BLOCK04/SES044/SA044S26	SES007	-0.362042	12.1453	12.5073
BLOCK04/SES044/SA044S26	SES016	0.603496	13.1108	12.5073
BLOCK04/SES044/SA044S26	SES101	0.767651	13.2749	12.5073
BLOCK04/SES044/SA044S26	SES147	0.795936	13.3032	12.5073
BLOCK04/SES044/SA044S29	SES007	-0.220748	11.9771	12.1978
BLOCK04/SES044/SA044S29	SES101	0.900552	13.0984	12.1978
BLOCK04/SES044/SA044S29	SES147	0.537938	12.7357	12.1978
BLOCK04/SES044/SA044S29	SES177	-0.0740919	12.1237	12.1978
BLOCK04/SES046/SA046S13	SES101	0.236324	12.4816	12.2452
BLOCK04/SES046/SA046S13	SES144	0.526051	12.7713	12.2452
BLOCK04/SES046/SA046S13	SES147	-0.0641699	12.1811	12.2452
BLOCK04/SES046/SA046S13	SES177	0.263627	12.5089	12.2452
BLOCK04/SES046/SA046S15	SES048	-0.0757227	13.0284	13.1041
BLOCK04/SES046/SA046S15	SES083	0.918771	14.0229	13.1041
BLOCK04/SES046/SA046S15	SES120	-0.568544	12.5356	13.1041
BLOCK04/SES046/SA046S15	SES148	0.275948	13.3801	13.1041
BLOCK04/SES046/SA046S22	SES101	0.332555	12.6755	12.3429
BLOCK04/SES046/SA046S22	SES144	0.293138	12.6361	12.3429
BLOCK04/SES046/SA046S22	SES147	-0.145697	12.1972	12.3429
BLOCK04/SES046/SA046S22	SES172	0.35253	12.6955	12.3429
BLOCK04/SES046/SA046S25	SES083	-0.263579	12.1476	12.4112
BLOCK04/SES046/SA046S25	SES127	0.305476	12.7167	12.4112
BLOCK04/SES046/SA046S25	SES144	0.0887985	12.5	12.4112
BLOCK04/SES046/SA046S25	SES148	-0.149408	12.2618	12.4112
BLOCK04/SES046/SA046S28	SES007	0.0636158	12.137	12.0734
BLOCK04/SES046/SA046S28	SES105	-0.880566	11.1928	12.0734
BLOCK04/SES046/SA046S28	SES147	0.271964	12.3453	12.0734
BLOCK04/SES046/SA046S28	SES148	0.504715	12.5781	12.0734
BLOCK04/SES049/SA049S16	SES104	0.209787	11.4591	11.2493
BLOCK04/SES049/SA049S16	SES106	0.138543	11.3878	11.2493
BLOCK04/SES049/SA049S16	SES120	-0.22184	11.0275	11.2493
BLOCK04/SES049/SA049S16	SES206	0.359476	11.6088	11.2493
BLOCK04/SES049/SA049S18	SES099	0.113786	10.817	10.7032
BLOCK04/SES049/SA049S18	SES104	-0.56168	10.1415	10.7032
BLOCK04/SES049/SA049S18	SES125	-0.417187	10.286	10.7032
BLOCK04/SES049/SA049S18	SES206	0.239088	10.9423	10.7032
BLOCK04/SES049/SA049S25	SES087	0.266717	11.8362	11.5694
BLOCK04/SES049/SA049S25	SES104	-0.564397	11.005	11.5694
BLOCK04/SES049/SA049S25	SES125	-0.0505419	11.5189	11.5694
BLOCK04/SES049/SA049S25	SES206	0.363617	11.9331	11.5694
BLOCK04/SES049/SA049S27	SES099	-0.190212	12.3288	12.519
BLOCK04/SES049/SA049S27	SES104	-0.109356	12.4097	12.519
BLOCK04/SES049/SA049S27	SES125	-0.418379	12.1006	12.519
BLOCK04/SES049/SA049S27	SES206	0.299919	12.8189	12.519
BLOCK04/SES049/SA049S29	SES099	0.473098	13.7575	13.2844
BLOCK04/SES049/SA049S29	SES104	0.212073	13.4965	13.2844
BLOCK04/SES049/SA049S29	SES125	0.320001	13.6044	13.2844
BLOCK04/SES049/SA049S29	SES206	0.395892	13.6803	13.2844
BLOCK06/SES063/SA063S09	SES068	-0.332778	14.3837	14.7164
BLOCK06/SES063/SA063S09	SES083	0.452882	15.1693	14.7164
BLOCK06/SES063/SA063S09	SES177	0.213473	14.9299	14.7164
BLOCK06/SES063/SA063S09	SES187	-0.113694	14.6027	14.7164
BLOCK06/SES063/SA063S10	SES068	-0.869257	12.6871	13.5564
BLOCK06/SES063/SA063S10	SES083	0.635387	14.1917	13.5564
BLOCK06/SES063/SA063S10	SES172	0.379635	13.936	13.5564
BLOCK06/SES063/SA063S10	SES187	-0.225364	13.331	13.5564
BLOCK06/SES063/SA063S20	SES068	-0.940244	12.4887	13.4289
BLOCK06/SES063/SA063S20	SES083	0.251727	13.6806	13.4289
BLOCK06/SES063/SA063S20	SES172	0.256203	13.6851	13.4289
BLOCK06/SES063/SA063S20	SES187	0.326874	13.7558	13.4289
BLOCK06/SES063/SA063S24	SES029	-1.06026	12.7013	13.7616
BLOCK06/SES063/SA063S24	SES083	0.166931	13.9285	13.7616
BLOCK06/SES063/SA063S24	SES177	0.896973	14.6586	13.7616
BLOCK06/SES063/SA063S24	SES189	-0.0140343	13.7475	13.7616
BLOCK06/SES063/SA063S27	SES083	-0.00728989	13.3371	13.3444
BLOCK06/SES063/SA063S27	SES172	0.435369	13.7798	13.3444
BLOCK06/SES063/SA063S27	SES187	-0.173969	13.1704	13.3444
BLOCK06/SES063/SA063S27	SES292	-0.441456	12.9029	13.3444
BLOCK06/SES067/SA067S12	SES083	0.362913	14.59	14.2271
BLOCK06/SES067/SA067S12	SES172	-0.246659	13.9805	14.2271
BLOCK06/SES067/SA067S12	SES202	0.818892	15.046	14.2271
BLOCK06/SES067/SA067S12	SES292	0.353436	14.5806	14.2271
BLOCK06/SES067/SA067S14	SES085	1.7859	16.8283	15.0424
BLOCK06/SES067/SA067S14	SES177	0.901206	15.9436	15.0424
BLOCK06/SES067/SA067S14	SES183	0.483296	15.5257	15.0424
BLOCK06/SES067/SA067S14	SES202	0.981539	16.024	15.0424
BLOCK06/SES067/SA067S21	SES144	0.87616	14.5376	13.6614
BLOCK06/SES067/SA067S21	SES177	0.420441	14.0819	13.6614
BLOCK06/SES067/SA067S21	SES183	0.0226994	13.6841	13.6614
BLOCK06/SES067/SA067S21	SES189	-0.795735	12.8657	13.6614
BLOCK06/SES067/SA067S25	SES085	0.856756	14.7517	13.8949
BLOCK06/SES067/SA067S25	SES177	0.507965	14.4029	13.8949
BLOCK06/SES067/SA067S25	SES183	0.522686	14.4176	13.8949
BLOCK06/SES067/SA067S25	SES202	0.643007	14.5379	13.8949
BLOCK06/SES067/SA067S29	SES085	1.02203	15.1704	14.1483
BLOCK06/SES067/SA067S29	SES177	0.348145	14.4965	14.1483
BLOCK06/SES067/SA067S29	SES183	0.742106	14.8904	14.1483
BLOCK06/SES067/SA067S29	SES202	0.823609	14.9719	14.1483
BLOCK06/SES069/SA069S12	SES029	-0.351082	12.9407	13.2918
BLOCK06/SES069/SA069S12	SES082	0.673434	13.9652	13.2918
BLOCK06/SES069/SA069S12	SES087	0.664329	13.9561	13.2918
BLOCK06/SES069/SA069S12	SES206	1.2063	14.4981	13.2918
BLOCK06/SES069/SA069S13	SES029	-0.545441	12.806	13.3514
BLOCK06/SES069/SA069S13	SES087	1.05166	14.4031	13.3514
BLOCK06/SES069/SA069S13	SES206	1.16908	14.5205	13.3514
BLOCK06/SES069/SA069S13	SES226	-0.0143528	13.3371	13.3514
BLOCK06/SES069/SA069S23	SES029	0.117179	14.4717	14.3545
BLOCK06/SES069/SA069S23	SES087	1.5869	15.9414	14.3545
BLOCK06/SES069/SA069S23	SES206	1.43549	15.79	14.3545
BLOCK06/SES069/SA069S23	SES226	0.158982	14.5135	14.3545
BLOCK06/SES069/SA069S25	SES087	1.27985	15.0104	13.7305
BLOCK06/SES069/SA069S25	SES206	0.650428	14.3809	13.7305
BLOCK06/SES069/SA069S25	SES226	0.0622978	13.7928	13.7305
BLOCK06/SES069/SA069S25	SES270	0.415525	14.146	13.7305
BLOCK06/SES069/SA069S27	SES087	0.387893	14.0504	13.6625
BLOCK06/SES069/SA069S27	SES206	1.24219	14.9047	13.6625
BLOCK06/SES069/SA069S27	SES226	0.359632	14.0222	13.6625
BLOCK06/SES069/SA069S27	SES270	0.734559	14.3971	13.6625
BLOCK08/SES081/SA081S11	SES060	-0.382735	11.5876	11.9703
BLOCK08/SES081/SA081S11	SES062	-0.395267	11.5751	11.9703
BLOCK08/SES081/SA081S11	SES117	-0.424374	11.546	11.9703
BLOCK08/SES081/SA081S11	SES162	-0.119518	11.8508	11.9703
BLOCK08/SES081/SA081S13	SES016	0.422705	14.3868	13.9641
BLOCK08/SES081/SA081S13	SES060	1.46367	15.4278	13.9641
BLOCK08/SES081/SA081S13	SES068	-0.0376892	13.9264	13.9641
BLOCK08/SES081/SA081S13	SES129	-0.458105	13.506	13.9641
BLOCK08/SES081/SA081S24	SES060	1.09739	13.9169	12.8195
BLOCK08/SES081/SA081S24	SES068	-0.21598	12.6035	12.8195
BLOCK08/SES081/SA081S24	SES117	-0.290355	12.5291	12.8195
BLOCK08/SES081/SA081S24	SES275	-0.340592	12.4789	12.8195
BLOCK08/SES081/SA081S27	SES007	-0.142309	12.058	12.2003
BLOCK08/SES081/SA081S27	SES060	-0.00251007	12.1978	12.2003
BLOCK08/SES081/SA081S27	SES117	0.156817	12.3571	12.2003
BLOCK08/SES081/SA081S27	SES275	-0.183512	12.0168	12.2003
BLOCK08/SES081/SA081S29	SES007	0.198648	13.509	13.3104
BLOCK08/SES081/SA081S29	SES060	0.761191	14.0716	13.3104
BLOCK08/SES081/SA081S29	SES117	0.0747862	13.3852	13.3104
BLOCK08/SES081/SA081S29	SES275	-0.162076	13.1483	13.3104
BLOCK08/SES086/SA086S11	SES029	-2.02358	8.94491	10.9685
BLOCK08/SES086/SA086S11	SES082	0.577501	11.546	10.9685
BLOCK08/SES086/SA086S11	SES087	1.3128	12.2813	10.9685
BLOCK08/SES086/SA086S11	SES206	0.716881	11.6854	10.9685
BLOCK08/SES086/SA086S12	SES029	-0.839234	10.7817	11.6209
BLOCK08/SES086/SA086S12	SES082	0.63549	12.2564	11.6209
BLOCK08/SES086/SA086S12	SES087	1.72139	13.3423	11.6209
BLOCK08/SES086/SA086S12	SES206	1.09659	12.7175	11.6209
BLOCK08/SES086/SA086S20	SES029	-1.34875	11.7288	13.0775
BLOCK08/SES086/SA086S20	SES082	0.28818	13.3657	13.0775
BLOCK08/SES086/SA086S20	SES087	1.42563	14.5031	13.0775
BLOCK08/SES086/SA086S20	SES206	1.56759	14.6451	13.0775
BLOCK08/SES086/SA086S24	SES087	1.44694	13.5696	12.1226
BLOCK08/SES086/SA086S24	SES104	-0.188699	11.9339	12.1226
BLOCK08/SES086/SA086S24	SES120	-0.0370932	12.0855	12.1226
BLOCK08/SES086/SA086S24	SES206	1.53456	13.6572	12.1226
BLOCK08/SES086/SA086S28	SES029	-0.582614	12.3552	12.9378
BLOCK08/SES086/SA086S28	SES082	0.667714	13.6056	12.9378
BLOCK08/SES086/SA086S28	SES087	1.43121	14.369	12.9378
BLOCK08/SES086/SA086S28	SES206	1.50258	14.4404	12.9378
BLOCK08/SES089/SA089S13	SES087	0.0946407	11.8939	11.7992
BLOCK08/SES089/SA089S13	SES206	0.178194	11.9774	11.7992
BLOCK08/SES089/SA089S13	SES226	0.198556	11.9978	11.7992
BLOCK08/SES089/SA089S13	SES270	-0.0460997	11.7531	11.7992
BLOCK08/SES089/SA089S14	SES062	-0.564054	12.5804	13.1444
BLOCK08/SES089/SA089S14	SES087	0.581376	13.7258	13.1444
BLOCK08/SES089/SA089S14	SES206	0.81905	13.9635	13.1444
BLOCK08/SES089/SA089S14	SES226	-0.125759	13.0187	13.1444
BLOCK08/SES089/SA089S23	SES087	0.253942	10.477	10.2231
BLOCK08/SES089/SA089S23	SES206	0.116044	10.3391	10.2231
BLOCK08/SES089/SA089S23	SES226	-0.554361	9.66871	10.2231
BLOCK08/SES089/SA089S23	SES270	-0.279778	9.9433	10.2231
BLOCK08/SES089/SA089S25	SES062	-1.34066	10.25	11.5907
BLOCK08/SES089/SA089S25	SES087	0.88136	12.4721	11.5907
BLOCK08/SES089/SA089S25	SES206	0.989367	12.5801	11.5907
BLOCK08/SES089/SA089S25	SES226	0.307116	11.8978	11.5907
BLOCK08/SES089/SA089S28	SES062	-0.902036	11.6363	12.5384
BLOCK08/SES089/SA089S28	SES087	0.611534	13.1499	12.5384
BLOCK08/SES089/SA089S28	SES206	0.703644	13.242	12.5384
BLOCK08/SES089/SA089S28	SES226	0.40341	12.9418	12.5384
BLOCK09/SES097/SA097S11	SES099	1.82278	12.4745	10.6517
BLOCK09/SES097/SA097S11	SES125	1.22106	11.8728	10.6517
BLOCK09/SES097/SA097S11	SES206	0.140933	10.7927	10.6517
BLOCK09/SES097/SA097S11	SES226	0.296004	10.9477	10.6517
BLOCK09/SES097/SA097S14	SES062	-0.345316	11.1108	11.4561
BLOCK09/SES097/SA097S14	SES099	0.938217	12.3943	11.4561
BLOCK09/SES097/SA097S14	SES104	-0.503974	10.9521	11.4561
BLOCK09/SES097/SA097S14	SES206	-0.0943508	11.3617	11.4561
BLOCK09/SES097/SA097S22	SES099	1.50358	13.4154	11.9119
BLOCK09/SES097/SA097S22	SES206	0.44736	12.3592	11.9119
BLOCK09/SES097/SA097S22	SES226	0.0093298	11.9212	11.9119
BLOCK09/SES097/SA097S22	SES270	1.36715	13.279	11.9119
BLOCK09/SES097/SA097S26	SES099	1.36074	13.1289	11.7682
BLOCK09/SES097/SA097S26	SES120	0.0570211	11.8252	11.7682
BLOCK09/SES097/SA097S26	SES206	0.172378	11.9406	11.7682
BLOCK09/SES097/SA097S26	SES226	-0.117329	11.6509	11.7682
BLOCK09/SES097/SA097S28	SES099	1.16881	12.9379	11.7691
BLOCK09/SES097/SA097S28	SES120	0.241041	12.0102	11.7691
BLOCK09/SES097/SA097S28	SES206	-0.202219	11.5669	11.7691
BLOCK09/SES097/SA097S28	SES226	-0.854251	10.9149	11.7691
BLOCK09/SES098/SA098S11	SES127	-0.828003	11.1865	12.0145
BLOCK09/SES098/SA098S11	SES144	-0.0739422	11.9405	12.0145
BLOCK09/SES098/SA098S11	SES147	-0.0160046	11.9985	12.0145
BLOCK09/SES098/SA098S11	SES148	-1.21889	10.7956	12.0145
BLOCK09/SES098/SA098S12	SES127	-0.603065	10.8334	11.4365
BLOCK09/SES098/SA098S12	SES144	-0.427608	11.0089	11.4365
BLOCK09/SES098/SA098S12	SES147	0.45505	11.8915	11.4365
BLOCK09/SES098/SA098S12	SES189	-1.03482	10.4016	11.4365
BLOCK09/SES098/SA098S20	SES127	-0.658765	11.7588	12.4176
BLOCK09/SES098/SA098S20	SES147	0.467637	12.8852	12.4176
BLOCK09/SES098/SA098S20	SES148	-0.480188	11.9374	12.4176
BLOCK09/SES098/SA098S20	SES292	-0.247066	12.1705	12.4176
BLOCK09/SES098/SA098S23	SES127	-0.285567	12.7196	13.0052
BLOCK09/SES098/SA098S23	SES147	-0.0721931	12.933	13.0052
BLOCK09/SES098/SA098S23	SES187	0.0114269	13.0166	13.0052
BLOCK09/SES098/SA098S23	SES292	-0.102231	12.9029	13.0052
BLOCK09/SES098/SA098S27	SES127	-0.449637	10.6514	11.1011
BLOCK09/SES098/SA098S27	SES147	-0.345823	10.7552	11.1011
BLOCK09/SES098/SA098S27	SES148	-0.685907	10.4152	11.1011
BLOCK09/SES098/SA098S27	SES292	0.0170069	11.1181	11.1011
BLOCK10/SES102/SA102S13	SES101	1.36825	12.2668	10.8986
BLOCK10/SES102/SA102S13	SES105	-0.438396	10.4602	10.8986
BLOCK10/SES102/SA102S13	SES120	-0.379286	10.5193	10.8986
BLOCK10/SES102/SA102S13	SES158	-0.761136	10.1375	10.8986
BLOCK10/SES102/SA102S14	SES007	0.800952	12.6473	11.8464
BLOCK10/SES102/SA102S14	SES101	1.80052	13.6469	11.8464
BLOCK10/SES102/SA102S14	SES105	-0.187581	11.6588	11.8464
BLOCK10/SES102/SA102S14	SES147	0.538132	12.3845	11.8464
BLOCK10/SES102/SA102S22	SES007	-0.340153	12.524	12.8641
BLOCK10/SES102/SA102S22	SES101	1.23615	14.1003	12.8641
BLOCK10/SES102/SA102S22	SES105	-0.214543	12.6496	12.8641
BLOCK10/SES102/SA102S22	SES158	-0.923471	11.9407	12.8641
BLOCK10/SES102/SA102S25	SES007	0.0349016	12.5155	12.4806
BLOCK10/SES102/SA102S25	SES101	0.997994	13.4786	12.4806
BLOCK10/SES102/SA102S25	SES105	-0.215389	12.2653	12.4806
BLOCK10/SES102/SA102S25	SES147	-0.0890827	12.3916	12.4806
BLOCK10/SES102/SA102S27	SES007	-0.225717	12.4729	12.6986
BLOCK10/SES102/SA102S27	SES101	0.938409	13.637	12.6986
BLOCK10/SES102/SA102S27	SES105	-0.408572	12.29	12.6986
BLOCK10/SES102/SA102S27	SES147	-0.139484	12.5591	12.6986
BLOCK10/SES103/SA103S14	SES105	-0.914006	9.65471	10.5687
BLOCK10/SES103/SA103S14	SES106	0.245561	10.8143	10.5687
BLOCK10/SES103/SA103S14	SES120	-0.559575	10.0091	10.5687
BLOCK10/SES103/SA103S14	SES206	-0.331065	10.2377	10.5687
BLOCK10/SES103/SA103S15	SES099	-0.145836	9.67244	9.81828
BLOCK10/SES103/SA103S15	SES101	-0.502324	9.31595	9.81828
BLOCK10/SES103/SA103S15	SES104	-0.0195856	9.79869	9.81828
BLOCK10/SES103/SA103S15	SES125	-0.187649	9.63063	9.81828
BLOCK10/SES103/SA103S24	SES104	0.0761538	12.6337	12.5575
BLOCK10/SES103/SA103S24	SES125	-0.257779	12.2998	12.5575
BLOCK10/SES103/SA103S24	SES148	-0.84738	11.7102	12.5575
BLOCK10/SES103/SA103S24	SES158	0.276706	12.8342	12.5575
BLOCK10/SES103/SA103S26	SES104	-0.134854	9.82672	9.96157
BLOCK10/SES103/SA103S26	SES106	0.762303	10.7239	9.96157
BLOCK10/SES103/SA103S26	SES125	-0.401239	9.56033	9.96157
BLOCK10/SES103/SA103S26	SES148	-1.4367	8.52488	9.96157
BLOCK10/SES103/SA103S28	SES104	0.241127	9.17137	8.93025
BLOCK10/SES103/SA103S28	SES106	0.954404	9.88465	8.93025
BLOCK10/SES103/SA103S28	SES125	0.345955	9.2762	8.93025
BLOCK10/SES103/SA103S28	SES206	-0.167747	8.7625	8.93025
BLOCK12/SES121/SA121S12	SES042	-1.79536	5.92464	7.72001
BLOCK12/SES121/SA121S12	SES087	-1.42434	6.29567	7.72001
BLOCK12/SES121/SA121S12	SES105	0.24191	7.96192	7.72001
BLOCK12/SES121/SA121S12	SES206	-0.537116	7.18289	7.72001
BLOCK12/SES121/SA121S14	SES007	-0.73982	8.28814	9.02796
BLOCK12/SES121/SA121S14	SES105	-0.532747	8.49521	9.02796
BLOCK12/SES121/SA121S14	SES106	0.55392	9.58188	9.02796
BLOCK12/SES121/SA121S14	SES206	-0.343506	8.68446	9.02796
BLOCK12/SES121/SA121S23	SES105	-0.746131	7.78605	8.53218
BLOCK12/SES121/SA121S23	SES106	1.30641	9.83858	8.53218
BLOCK12/SES121/SA121S23	SES120	-0.158131	8.37405	8.53218
BLOCK12/SES121/SA121S23	SES206	0.926487	9.45867	8.53218
BLOCK12/SES121/SA121S25	SES007	-0.648101	6.5102	7.15831
BLOCK12/SES121/SA121S25	SES105	-0.657829	6.50048	7.15831
BLOCK12/SES121/SA121S25	SES106	0.555198	7.7135	7.15831
BLOCK12/SES121/SA121S25	SES206	-0.291112	6.86719	7.15831
BLOCK12/SES121/SA121S27	SES087	0.0918989	8.71334	8.62144
BLOCK12/SES121/SA121S27	SES105	-0.95766	7.66378	8.62144
BLOCK12/SES121/SA121S27	SES120	0.446402	9.06784	8.62144
BLOCK12/SES121/SA121S27	SES206	1.03083	9.65227	8.62144
BLOCK12/SES124/SA124S16	SES042	-0.191054	12.2787	12.4698
BLOCK12/SES124/SA124S16	SES082	-0.214214	12.2556	12.4698
BLOCK12/SES124/SA124S16	SES183	-1.38438	11.0854	12.4698
BLOCK12/SES124/SA124S16	SES206	0.0532227	12.523	12.4698
BLOCK12/SES124/SA124S17	SES105	-0.219411	10.0122	10.2317
BLOCK12/SES124/SA124S17	SES149	-1.68154	8.55011	10.2317
BLOCK12/SES124/SA124S17	SES158	-0.18257	10.0491	10.2317
BLOCK12/SES124/SA124S17	SES275	-0.593596	9.63806	10.2317
BLOCK12/SES124/SA124S23	SES105	-1.26228	12.1089	13.3712
BLOCK12/SES124/SA124S23	SES125	1.10414	14.4753	13.3712
BLOCK12/SES124/SA124S23	SES129	-1.16544	12.2057	13.3712
BLOCK12/SES124/SA124S23	SES158	0.437469	13.8087	13.3712
BLOCK12/SES124/SA124S26	SES105	-1.14303	10.8443	11.9874
BLOCK12/SES124/SA124S26	SES125	0.525211	12.5126	11.9874
BLOCK12/SES124/SA124S26	SES129	-1.08985	10.8975	11.9874
BLOCK12/SES124/SA124S26	SES158	0.680007	12.6674	11.9874
BLOCK12/SES124/SA124S28	SES104	0.57908	12.6105	12.0314
BLOCK12/SES124/SA124S28	SES106	1.01896	13.0503	12.0314
BLOCK12/SES124/SA124S28	SES125	0.794599	12.826	12.0314
BLOCK12/SES124/SA124S28	SES275	-1.30473	10.7267	12.0314
BLOCK12/SES126/SA126S13	SES007	-0.0631456	12.1358	12.1989
BLOCK12/SES126/SA126S13	SES162	-0.262098	11.9368	12.1989
BLOCK12/SES126/SA126S13	SES177	-0.0708704	12.128	12.1989
BLOCK12/SES126/SA126S13	SES180	-0.369554	11.8293	12.1989
BLOCK12/SES126/SA126S14	SES144	0.360094	14.073	13.7129
BLOCK12/SES126/SA126S14	SES148	0.0208206	13.7337	13.7129
BLOCK12/SES126/SA126S14	SES177	0.1367	13.8496	13.7129
BLOCK12/SES126/SA126S14	SES180	0.0872955	13.8002	13.7129
BLOCK12/SES126/SA126S20	SES007	0.290933	13.4521	13.1612
BLOCK12/SES126/SA126S20	SES162	-0.21165	12.9496	13.1612
BLOCK12/SES126/SA126S20	SES172	-0.265796	12.8954	13.1612
BLOCK12/SES126/SA126S20	SES180	0.382567	13.5438	13.1612
BLOCK12/SES126/SA126S24	SES120	0.083497	13.7182	13.6347
BLOCK12/SES126/SA126S24	SES162	0.0992794	13.734	13.6347
BLOCK12/SES126/SA126S24	SES177	0.359446	13.9942	13.6347
BLOCK12/SES126/SA126S24	SES180	0.449455	14.0842	13.6347
BLOCK12/SES126/SA126S26	SES120	0.26607	13.836	13.5699
BLOCK12/SES126/SA126S26	SES177	-0.390967	13.179	13.5699
BLOCK12/SES126/SA126S26	SES180	-0.370034	13.1999	13.5699
BLOCK12/SES126/SA126S26	SES202	-0.614115	12.9558	13.5699
BLOCK12/SES128/SA128S10	SES087	-0.091465	12.8713	12.9628
BLOCK12/SES128/SA128S10	SES206	0.294768	13.2576	12.9628
BLOCK12/SES128/SA128S10	SES226	0.202681	13.1655	12.9628
BLOCK12/SES128/SA128S10	SES270	-0.0524063	12.9104	12.9628
BLOCK12/SES128/SA128S12	SES120	0.0355959	12.7713	12.7357
BLOCK12/SES128/SA128S12	SES158	-0.524278	12.2115	12.7357
BLOCK12/SES128/SA128S12	SES206	0.146667	12.8824	12.7357
BLOCK12/SES128/SA128S12	SES226	0.302077	13.0378	12.7357
BLOCK12/SES128/SA128S21	SES106	-0.00653934	11.0931	11.0996
BLOCK12/SES128/SA128S21	SES120	0.26015	11.3598	11.0996
BLOCK12/SES128/SA128S21	SES206	0.66303	11.7627	11.0996
BLOCK12/SES128/SA128S21	SES226	0.725474	11.8251	11.0996
BLOCK12/SES128/SA128S24	SES087	-0.519	11.8562	12.3752
BLOCK12/SES128/SA128S24	SES120	0.0221853	12.3973	12.3752
BLOCK12/SES128/SA128S24	SES206	0.0215073	12.3967	12.3752
BLOCK12/SES128/SA128S24	SES226	0.00809288	12.3833	12.3752
BLOCK12/SES128/SA128S27	SES099	-0.533866	13.2745	13.8084
BLOCK12/SES128/SA128S27	SES120	-0.0301085	13.7782	13.8084
BLOCK12/SES128/SA128S27	SES206	-0.0430794	13.7653	13.8084
BLOCK12/SES128/SA128S27	SES226	0.202978	14.0113	13.8084
BLOCK13/SES130/SA130S13	SES143	0.0932865	12.1838	12.0905
BLOCK13/SES130/SA130S13	SES144	0.554668	12.6452	12.0905
BLOCK13/SES130/SA130S13	SES146	0.555952	12.6465	12.0905
BLOCK13/SES130/SA130S13	SES275	-0.0900116	12.0005	12.0905
BLOCK13/SES130/SA130S15	SES143	-0.267063	13.0207	13.2878
BLOCK13/SES130/SA130S15	SES144	0.449309	13.7371	13.2878
BLOCK13/SES130/SA130S15	SES146	0.565046	13.8529	13.2878
BLOCK13/SES130/SA130S15	SES275	0.0285835	13.3164	13.2878
BLOCK13/SES130/SA130S23	SES127	-0.0323868	11.5574	11.5898
BLOCK13/SES130/SA130S23	SES144	0.147041	11.7368	11.5898
BLOCK13/SES130/SA130S23	SES146	0.52793	12.1177	11.5898
BLOCK13/SES130/SA130S23	SES162	0.603891	12.1937	11.5898
BLOCK13/SES130/SA130S25	SES127	0.334769	14.052	13.7172
BLOCK13/SES130/SA130S25	SES144	0.746277	14.4635	13.7172
BLOCK13/SES130/SA130S25	SES146	0.334246	14.0515	13.7172
BLOCK13/SES130/SA130S25	SES275	0.0651474	13.7824	13.7172
BLOCK13/SES130/SA130S28	SES127	0.48325	12.7569	12.2736
BLOCK13/SES130/SA130S28	SES144	0.152194	12.4258	12.2736
BLOCK13/SES130/SA130S28	SES146	0.314837	12.5884	12.2736
BLOCK13/SES130/SA130S28	SES275	0.319652	12.5933	12.2736
BLOCK13/SES131/SA131S13	SES002	0.577218	10.3946	9.81739
BLOCK13/SES131/SA131S13	SES007	0.0949612	9.91235	9.81739
BLOCK13/SES131/SA131S13	SES099	-0.667095	9.15029	9.81739
BLOCK13/SES131/SA131S13	SES105	-0.566283	9.25111	9.81739
BLOCK13/SES131/SA131S14	SES104	0.255419	11.0737	10.8183
BLOCK13/SES131/SA131S14	SES106	1.85064	12.669	10.8183
BLOCK13/SES131/SA131S14	SES125	-0.0127516	10.8056	10.8183
BLOCK13/SES131/SA131S14	SES148	0.748002	11.5663	10.8183
BLOCK13/SES131/SA131S20	SES104	-0.790509	9.7898	10.5803
BLOCK13/SES131/SA131S20	SES106	0.0473366	10.6276	10.5803
BLOCK13/SES131/SA131S20	SES125	-1.54126	9.03905	10.5803
BLOCK13/SES131/SA131S20	SES148	-0.578335	10.002	10.5803
BLOCK13/SES131/SA131S22	SES099	-0.447892	11.7378	12.1857
BLOCK13/SES131/SA131S22	SES104	-0.107499	12.0782	12.1857
BLOCK13/SES131/SA131S22	SES125	-0.623664	11.562	12.1857
BLOCK13/SES131/SA131S22	SES206	-0.167691	12.018	12.1857
BLOCK13/SES131/SA131S29	SES087	-0.307192	10.9755	11.2827
BLOCK13/SES131/SA131S29	SES104	-0.786679	10.4961	11.2827
BLOCK13/SES131/SA131S29	SES125	-1.1332	10.1495	11.2827
BLOCK13/SES131/SA131S29	SES206	-0.457245	10.8255	11.2827
BLOCK13/SES132/SA132S11	SES083	-0.389119	13.2842	13.6733
BLOCK13/SES132/SA132S11	SES120	0.161549	13.8348	13.6733
BLOCK13/SES132/SA132S11	SES127	0.155325	13.8286	13.6733
BLOCK13/SES132/SA132S11	SES275	0.0154734	13.6888	13.6733
BLOCK13/SES132/SA132S12	SES083	-0.380549	13.9341	14.3146
BLOCK13/SES132/SA132S12	SES143	-0.306076	14.0085	14.3146
BLOCK13/SES132/SA132S12	SES144	-0.0407963	14.2738	14.3146
BLOCK13/SES132/SA132S12	SES148	0.0524035	14.367	14.3146
BLOCK13/SES132/SA132S22	SES062	0.254687	14.3419	14.0873
BLOCK13/SES132/SA132S22	SES083	-0.0533295	14.0339	14.0873
BLOCK13/SES132/SA132S22	SES127	-0.127324	13.9599	14.0873
BLOCK13/SES132/SA132S22	SES275	-0.384788	13.7025	14.0873
BLOCK13/SES132/SA132S24	SES007	0.356359	13.8956	13.5393
BLOCK13/SES132/SA132S24	SES083	0.107077	13.6463	13.5393
BLOCK13/SES132/SA132S24	SES127	0.0188131	13.5581	13.5393
BLOCK13/SES132/SA132S24	SES275	-0.227903	13.3113	13.5393
BLOCK13/SES132/SA132S27	SES083	-0.32205	13.1673	13.4894
BLOCK13/SES132/SA132S27	SES120	0.205461	13.6948	13.4894
BLOCK13/SES132/SA132S27	SES127	-0.400248	13.0891	13.4894
BLOCK13/SES132/SA132S27	SES275	-0.0711184	13.4183	13.4894
BLOCK14/SES141/SA141S09	SES143	-0.021884	13.2095	13.2314
BLOCK14/SES141/SA141S09	SES144	0.769054	14.0004	13.2314
BLOCK14/SES141/SA141S09	SES162	-0.217354	13.014	13.2314
BLOCK14/SES141/SA141S09	SES180	0.0171623	13.2485	13.2314
BLOCK14/SES141/SA141S15	SES127	0.16218	12.9778	12.8157
BLOCK14/SES141/SA141S15	SES144	0.296393	13.112	12.8157
BLOCK14/SES141/SA141S15	SES162	-0.366705	12.4489	12.8157
BLOCK14/SES141/SA141S15	SES180	-0.723694	12.092	12.8157
BLOCK14/SES141/SA141S24	SES127	-0.0639486	12.8987	12.9626
BLOCK14/SES141/SA141S24	SES144	0.0726013	13.0352	12.9626
BLOCK14/SES141/SA141S24	SES162	0.0229559	12.9856	12.9626
BLOCK14/SES141/SA141S24	SES183	-0.521239	12.4414	12.9626
BLOCK14/SES141/SA141S26	SES142	0.48151	13.3661	12.8846
BLOCK14/SES141/SA141S26	SES144	0.0613346	12.9459	12.8846
BLOCK14/SES141/SA141S26	SES172	0.269072	13.1537	12.8846
BLOCK14/SES141/SA141S26	SES180	-0.0260534	12.8585	12.8846
BLOCK14/SES141/SA141S29	SES127	0.860051	14.0252	13.1651
BLOCK14/SES141/SA141S29	SES142	0.632798	13.7979	13.1651
BLOCK14/SES141/SA141S29	SES144	0.404959	13.5701	13.1651
BLOCK14/SES141/SA141S29	SES180	0.26231	13.4274	13.1651
BLOCK15/SES157/SA157S08	SES083	-0.0870953	13.362	13.4491
BLOCK15/SES157/SA157S08	SES127	0.0127487	13.4618	13.4491
BLOCK15/SES157/SA157S08	SES148	0.361036	13.8101	13.4491
BLOCK15/SES157/SA157S08	SES292	0.0783596	13.5274	13.4491
BLOCK15/SES157/SA157S11	SES083	-0.660708	12.4253	13.086
BLOCK15/SES157/SA157S11	SES127	-0.225826	12.8602	13.086
BLOCK15/SES157/SA157S11	SES148	-0.395137	12.6908	13.086
BLOCK15/SES157/SA157S11	SES292	0.0252504	13.1112	13.086
BLOCK15/SES157/SA157S21	SES127	0.195279	14.094	13.8987
BLOCK15/SES157/SA157S21	SES148	0.158422	14.0572	13.8987
BLOCK15/SES157/SA157S21	SES158	-1.68519	12.2136	13.8987
BLOCK15/SES157/SA157S21	SES292	0.244061	14.1428	13.8987
BLOCK15/SES157/SA157S24	SES127	0.496106	13.9368	13.4407
BLOCK15/SES157/SA157S24	SES148	-0.000732422	13.44	13.4407
BLOCK15/SES157/SA157S24	SES183	-0.32196	13.1188	13.4407
BLOCK15/SES157/SA157S24	SES292	0.647731	14.0885	13.4407
BLOCK15/SES157/SA157S26	SES007	0.376494	13.9663	13.5898
BLOCK15/SES157/SA157S26	SES127	0.262161	13.852	13.5898
BLOCK15/SES157/SA157S26	SES147	0.124957	13.7148	13.5898
BLOCK15/SES157/SA157S26	SES148	0.0746088	13.6645	13.5898
BLOCK16/SES161/SA161S10	SES007	-0.00117493	10.9263	10.9275
BLOCK16/SES161/SA161S10	SES105	-0.223817	10.7037	10.9275
BLOCK16/SES161/SA161S10	SES158	-0.337415	10.5901	10.9275
BLOCK16/SES161/SA161S10	SES275	-0.664546	10.2629	10.9275
BLOCK16/SES161/SA161S12	SES007	0.0705824	11.8019	11.7313
BLOCK16/SES161/SA161S12	SES105	-1.18104	10.5503	11.7313
BLOCK16/SES161/SA161S12	SES158	0.233777	11.9651	11.7313
BLOCK16/SES161/SA161S12	SES275	-0.377879	11.3534	11.7313
BLOCK16/SES161/SA161S20	SES007	-0.203714	10.5295	10.7332
BLOCK16/SES161/SA161S20	SES105	-0.623901	10.1093	10.7332
BLOCK16/SES161/SA161S20	SES158	-0.416948	10.3163	10.7332
BLOCK16/SES161/SA161S20	SES275	-0.532397	10.2008	10.7332
BLOCK16/SES161/SA161S23	SES007	-0.595583	11.185	11.7806
BLOCK16/SES161/SA161S23	SES105	-0.506854	11.2737	11.7806
BLOCK16/SES161/SA161S23	SES148	-0.0385342	11.742	11.7806
BLOCK16/SES161/SA161S23	SES158	-0.843801	10.9368	11.7806
BLOCK16/SES161/SA161S28	SES007	-0.702595	11.3715	12.0741
BLOCK16/SES161/SA161S28	SES105	-1.02651	11.0475	12.0741
BLOCK16/SES161/SA161S28	SES158	0.00957203	12.0836	12.0741
BLOCK16/SES161/SA161S28	SES206	0.364829	12.4389	12.0741
BLOCK16/SES164/SA164S11	SES104	0.967944	13.9463	12.9784
BLOCK16/SES164/SA164S11	SES125	1.16455	14.1429	12.9784
BLOCK16/SES164/SA164S11	SES158	1.76292	14.7413	12.9784
BLOCK16/SES164/SA164S11	SES206	1.22208	14.2005	12.9784
BLOCK16/SES164/SA164S13	SES099	0.198944	11.2861	11.0872
BLOCK16/SES164/SA164S13	SES104	-0.0969505	10.9902	11.0872
BLOCK16/SES164/SA164S13	SES125	0.195595	11.2827	11.0872
BLOCK16/SES164/SA164S13	SES206	0.450407	11.5376	11.0872
BLOCK16/SES164/SA164S24	SES002	1.25908	13.0598	11.8007
BLOCK16/SES164/SA164S24	SES099	0.43475	12.2355	11.8007
BLOCK16/SES164/SA164S24	SES125	0.298367	12.0991	11.8007
BLOCK16/SES164/SA164S24	SES226	0.715393	12.5161	11.8007
BLOCK16/SES164/SA164S27	SES087	1.07941	12.8659	11.7865
BLOCK16/SES164/SA164S27	SES125	0.874713	12.6612	11.7865
BLOCK16/SES164/SA164S27	SES206	0.987787	12.7743	11.7865
BLOCK16/SES164/SA164S27	SES226	0.509312	12.2958	11.7865
BLOCK16/SES164/SA164S29	SES002	0.462828	12.2628	11.8
BLOCK16/SES164/SA164S29	SES019	-0.214531	11.5854	11.8
BLOCK16/SES164/SA164S29	SES125	0.655023	12.455	11.8
BLOCK16/SES164/SA164S29	SES226	-0.0639076	11.7361	11.8
BLOCK16/SES169/SA169S13	SES117	-0.247385	12.7138	12.9612
BLOCK16/SES169/SA169S13	SES144	-0.232298	12.7289	12.9612
BLOCK16/SES169/SA169S13	SES146	0.175683	13.1369	12.9612
BLOCK16/SES169/SA169S13	SES162	0.0244284	12.9856	12.9612
BLOCK16/SES169/SA169S14	SES144	0.207853	13.8163	13.6084
BLOCK16/SES169/SA169S14	SES148	-0.574594	13.0338	13.6084
BLOCK16/SES169/SA169S14	SES177	0.586962	14.1954	13.6084
BLOCK16/SES169/SA169S14	SES180	-0.458749	13.1497	13.6084
BLOCK16/SES169/SA169S24	SES117	0.173744	12.6187	12.445
BLOCK16/SES169/SA169S24	SES144	-0.137939	12.3071	12.445
BLOCK16/SES169/SA169S24	SES146	0.63225	13.0773	12.445
BLOCK16/SES169/SA169S24	SES162	0.517523	12.9625	12.445
BLOCK16/SES169/SA169S27	SES127	0.223147	13.0949	12.8718
BLOCK16/SES169/SA169S27	SES129	-0.860161	12.0116	12.8718
BLOCK16/SES169/SA169S27	SES144	-0.10711	12.7647	12.8718
BLOCK16/SES169/SA169S27	SES146	0.878339	13.7501	12.8718
BLOCK16/SES169/SA169S29	SES144	0.0588579	13.3524	13.2936
BLOCK16/SES169/SA169S29	SES162	0.0384798	13.3321	13.2936
BLOCK16/SES169/SA169S29	SES177	-0.199443	13.0941	13.2936
BLOCK16/SES169/SA169S29	SES180	-0.245654	13.0479	13.2936
BLOCK17/SES171/SA171S12	SES083	-0.0899706	12.6942	12.7842
BLOCK17/SES171/SA171S12	SES148	-0.287212	12.497	12.7842
BLOCK17/SES171/SA171S12	SES172	-0.213237	12.5709	12.7842
BLOCK17/SES171/SA171S12	SES292	-0.230229	12.5539	12.7842
BLOCK17/SES171/SA171S15	SES148	-0.425748	11.9558	12.3815
BLOCK17/SES171/SA171S15	SES177	-0.0952835	12.2862	12.3815
BLOCK17/SES171/SA171S15	SES180	-0.882304	11.4992	12.3815
BLOCK17/SES171/SA171S15	SES292	-0.215314	12.1662	12.3815
BLOCK17/SES171/SA171S22	SES007	-0.138176	13.477	13.6152
BLOCK17/SES171/SA171S22	SES148	0.429153	14.0444	13.6152
BLOCK17/SES171/SA171S22	SES177	0.507731	14.123	13.6152
BLOCK17/SES171/SA171S22	SES180	-0.554336	13.0609	13.6152
BLOCK17/SES171/SA171S25	SES101	-0.128079	11.1416	11.2697
BLOCK17/SES171/SA171S25	SES120	-0.368042	10.9017	11.2697
BLOCK17/SES171/SA171S25	SES177	0.511171	11.7809	11.2697
BLOCK17/SES171/SA171S25	SES180	-0.548911	10.7208	11.2697
BLOCK17/SES171/SA171S27	SES177	0.464826	13.0747	12.6099
BLOCK17/SES171/SA171S27	SES180	-1.07074	11.5392	12.6099
BLOCK17/SES171/SA171S27	SES189	-0.413896	12.196	12.6099
BLOCK17/SES171/SA171S27	SES292	-0.514844	12.0951	12.6099
BLOCK17/SES173/SA173S13	SES162	-1.20724	11.0156	12.2228
BLOCK17/SES173/SA173S13	SES177	0.267242	12.4901	12.2228
BLOCK17/SES173/SA173S13	SES180	-0.833942	11.3889	12.2228
BLOCK17/SES173/SA173S13	SES292	0.200349	12.4232	12.2228
BLOCK17/SES173/SA173S14	SES007	-0.0971346	11.6156	11.7127
BLOCK17/SES173/SA173S14	SES162	-0.899316	10.8134	11.7127
BLOCK17/SES173/SA173S14	SES177	0.303491	12.0162	11.7127
BLOCK17/SES173/SA173S14	SES180	-0.304342	11.4083	11.7127
BLOCK17/SES173/SA173S24	SES144	0.211776	11.5028	11.291
BLOCK17/SES173/SA173S24	SES162	-0.469432	10.8216	11.291
BLOCK17/SES173/SA173S24	SES177	0.0840168	11.375	11.291
BLOCK17/SES173/SA173S24	SES180	-0.584444	10.7066	11.291
BLOCK17/SES173/SA173S27	SES162	-1.16083	11.0685	12.2294
BLOCK17/SES173/SA173S27	SES177	0.446054	12.6754	12.2294
BLOCK17/SES173/SA173S27	SES180	-0.444976	11.7844	12.2294
BLOCK17/SES173/SA173S27	SES292	0.378673	12.608	12.2294
BLOCK17/SES173/SA173S29	SES162	-0.455296	11.7991	12.2544
BLOCK17/SES173/SA173S29	SES175	-0.404124	11.8503	12.2544
BLOCK17/SES173/SA173S29	SES177	0.411214	12.6656	12.2544
BLOCK17/SES173/SA173S29	SES292	0.245464	12.4999	12.2544
BLOCK18/SES182/SA182S10	SES144	-0.228106	12.8877	13.1158
BLOCK18/SES182/SA182S10	SES177	-0.217375	12.8984	13.1158
BLOCK18/SES182/SA182S10	SES180	-0.684545	12.4312	13.1158
BLOCK18/SES182/SA182S10	SES275	-0.186368	12.9294	13.1158
BLOCK18/SES182/SA182S12	SES144	0.285535	13.7859	13.5004
BLOCK18/SES182/SA182S12	SES177	0.213678	13.7141	13.5004
BLOCK18/SES182/SA182S12	SES180	-0.368153	13.1322	13.5004
BLOCK18/SES182/SA182S12	SES275	-0.186804	13.3136	13.5004
BLOCK18/SES182/SA182S21	SES117	-0.396111	12.161	12.5571
BLOCK18/SES182/SA182S21	SES144	-0.00332069	12.5537	12.5571
BLOCK18/SES182/SA182S21	SES162	-0.0638027	12.4933	12.5571
BLOCK18/SES182/SA182S21	SES180	-0.256636	12.3004	12.5571
BLOCK18/SES182/SA182S23	SES117	0.114981	13.0371	12.9221
BLOCK18/SES182/SA182S23	SES144	-0.400197	12.5219	12.9221
BLOCK18/SES182/SA182S23	SES180	-0.575527	12.3466	12.9221
BLOCK18/SES182/SA182S23	SES275	-0.168826	12.7533	12.9221
BLOCK18/SES182/SA182S25	SES007	0.277193	13.5341	13.2569
BLOCK18/SES182/SA182S25	SES162	-0.0535049	13.2034	13.2569
BLOCK18/SES182/SA182S25	SES177	0.175573	13.4325	13.2569
BLOCK18/SES182/SA182S25	SES180	0.021328	13.2782	13.2569
BLOCK18/SES184/SA184S12	SES177	0.421746	12.3142	11.8925
BLOCK18/SES184/SA184S12	SES180	-0.572057	11.3204	11.8925
BLOCK18/SES184/SA184S12	SES189	-1.1336	10.7589	11.8925
BLOCK18/SES184/SA184S12	SES292	-0.222407	11.6701	11.8925
BLOCK18/SES184/SA184S13	SES101	-0.376198	11.3646	11.7408
BLOCK18/SES184/SA184S13	SES177	0.0843077	11.8251	11.7408
BLOCK18/SES184/SA184S13	SES180	-0.308882	11.4319	11.7408
BLOCK18/SES184/SA184S13	SES292	-0.00351048	11.7373	11.7408
BLOCK18/SES184/SA184S22	SES177	0.407803	12.9906	12.5828
BLOCK18/SES184/SA184S22	SES180	-0.0565672	12.5262	12.5828
BLOCK18/SES184/SA184S22	SES189	-1.17094	11.4119	12.5828
BLOCK18/SES184/SA184S22	SES292	0.17439	12.7572	12.5828
BLOCK18/SES184/SA184S25	SES101	0.202531	13.8843	13.6818
BLOCK18/SES184/SA184S25	SES177	0.280195	13.962	13.6818
BLOCK18/SES184/SA184S25	SES180	-0.172017	13.5098	13.6818
BLOCK18/SES184/SA184S25	SES292	0.225581	13.9074	13.6818
BLOCK18/SES184/SA184S27	SES083	-0.219122	12.2726	12.4917
BLOCK18/SES184/SA184S27	SES177	0.18571	12.6774	12.4917
BLOCK18/SES184/SA184S27	SES202	-0.0394497	12.4523	12.4917
BLOCK18/SES184/SA184S27	SES292	0.0862503	12.578	12.4917
BLOCK20/SES204/SA204S12	SES062	0.315565	13.6672	13.3516
BLOCK20/SES204/SA204S12	SES083	-0.339977	13.0116	13.3516
BLOCK20/SES204/SA204S12	SES206	0.509721	13.8613	13.3516
BLOCK20/SES204/SA204S12	SES226	-0.753545	12.598	13.3516
BLOCK20/SES204/SA204S14	SES068	-0.117996	14.6336	14.7516
BLOCK20/SES204/SA204S14	SES087	0.952681	15.7043	14.7516
BLOCK20/SES204/SA204S14	SES206	0.205242	14.9568	14.7516
BLOCK20/SES204/SA204S14	SES226	-0.3954	14.3562	14.7516
BLOCK20/SES204/SA204S22	SES068	0.013649	13.3453	13.3317
BLOCK20/SES204/SA204S22	SES082	-0.58861	12.7431	13.3317
BLOCK20/SES204/SA204S22	SES083	0.0832462	13.4149	13.3317
BLOCK20/SES204/SA204S22	SES206	0.521478	13.8532	13.3317
BLOCK20/SES204/SA204S25	SES062	-0.0251551	13.5893	13.6144
BLOCK20/SES204/SA204S25	SES083	0.116227	13.7307	13.6144
BLOCK20/SES204/SA204S25	SES206	0.119609	13.734	13.6144
BLOCK20/SES204/SA204S25	SES226	-0.446923	13.1675	13.6144
BLOCK20/SES204/SA204S27	SES068	-0.139004	12.3979	12.5369
BLOCK20/SES204/SA204S27	SES082	-0.520752	12.0162	12.5369
BLOCK20/SES204/SA204S27	SES087	0.590495	13.1274	12.5369
BLOCK20/SES204/SA204S27	SES206	0.232689	12.7696	12.5369
BLOCK20/SES207/SA207S10	SES127	-0.071106	12.0371	12.1082
BLOCK20/SES207/SA207S10	SES183	-0.619334	11.4888	12.1082
BLOCK20/SES207/SA207S10	SES189	-0.830778	11.2774	12.1082
BLOCK20/SES207/SA207S10	SES292	-0.158582	11.9496	12.1082
BLOCK20/SES207/SA207S11	SES127	-0.33359	12.3554	12.689
BLOCK20/SES207/SA207S11	SES183	-0.560147	12.1288	12.689
BLOCK20/SES207/SA207S11	SES187	-0.416534	12.2724	12.689
BLOCK20/SES207/SA207S11	SES292	0.138678	12.8276	12.689
BLOCK20/SES207/SA207S25	SES068	-0.18129	11.5559	11.7372
BLOCK20/SES207/SA207S25	SES083	-0.482628	11.2545	11.7372
BLOCK20/SES207/SA207S25	SES127	0.688152	12.4253	11.7372
BLOCK20/SES207/SA207S25	SES187	-0.202623	11.5345	11.7372
BLOCK20/SES207/SA207S27	SES127	-0.290172	10.6799	10.9701
BLOCK20/SES207/SA207S27	SES183	-0.106071	10.864	10.9701
BLOCK20/SES207/SA207S27	SES187	-0.333241	10.6368	10.9701
BLOCK20/SES207/SA207S27	SES292	-0.608462	10.3616	10.9701
BLOCK20/SES207/SA207S29	SES083	-0.407113	12.2974	12.7045
BLOCK20/SES207/SA207S29	SES085	0.445442	13.15	12.7045
BLOCK20/SES207/SA207S29	SES172	0.553885	13.2584	12.7045
BLOCK20/SES207/SA207S29	SES189	-1.54986	11.1547	12.7045
BLOCK22/SES221/SA221S12	SES068	-0.272679	12.6043	12.877
BLOCK22/SES221/SA221S12	SES143	0.167673	13.0447	12.877
BLOCK22/SES221/SA221S12	SES175	0.393544	13.2706	12.877
BLOCK22/SES221/SA221S12	SES202	0.913629	13.7907	12.877
BLOCK22/SES221/SA221S15	SES085	0.952422	12.8981	11.9457
BLOCK22/SES221/SA221S15	SES143	0.0538502	11.9995	11.9457
BLOCK22/SES221/SA221S15	SES175	0.377313	12.323	11.9457
BLOCK22/SES221/SA221S15	SES187	-0.134414	11.8113	11.9457
BLOCK22/SES221/SA221S23	SES068	-0.0939779	11.748	11.842
BLOCK22/SES221/SA221S23	SES143	0.50427	12.3463	11.842
BLOCK22/SES221/SA221S23	SES175	0.866733	12.7087	11.842
BLOCK22/SES221/SA221S23	SES189	0.645893	12.4879	11.842
BLOCK22/SES221/SA221S27	SES085	2.08602	14.5496	12.4636
BLOCK22/SES221/SA221S27	SES143	0.420476	12.8841	12.4636
BLOCK22/SES221/SA221S27	SES175	0.384821	12.8484	12.4636
BLOCK22/SES221/SA221S27	SES189	1.11424	13.5778	12.4636
BLOCK22/SES221/SA221S29	SES085	1.27388	12.1692	10.8953
BLOCK22/SES221/SA221S29	SES143	0.515311	11.4106	10.8953
BLOCK22/SES221/SA221S29	SES175	0.621971	11.5173	10.8953
BLOCK22/SES221/SA221S29	SES187	0.356178	11.2515	10.8953
BLOCK22/SES223/SA223S11	SES143	0.4602	10.3856	9.92537
BLOCK22/SES223/SA223S11	SES144	-0.472092	9.45328	9.92537
BLOCK22/SES223/SA223S11	SES175	0.0738583	9.99923	9.92537
BLOCK22/SES223/SA223S11	SES187	-0.555015	9.37036	9.92537
BLOCK22/SES223/SA223S13	SES068	-0.188445	9.58943	9.77788
BLOCK22/SES223/SA223S13	SES143	0.120683	9.89856	9.77788
BLOCK22/SES223/SA223S13	SES146	0.778868	10.5567	9.77788
BLOCK22/SES223/SA223S13	SES202	0.0341682	9.81204	9.77788
BLOCK22/SES223/SA223S22	SES143	0.0727892	11.4719	11.3991
BLOCK22/SES223/SA223S22	SES144	-0.337639	11.0614	11.3991
BLOCK22/SES223/SA223S22	SES175	0.0510092	11.4501	11.3991
BLOCK22/SES223/SA223S22	SES187	-0.237057	11.162	11.3991
BLOCK22/SES223/SA223S25	SES068	-0.0307627	10.8427	10.8734
BLOCK22/SES223/SA223S25	SES143	0.420042	11.2935	10.8734
BLOCK22/SES223/SA223S25	SES175	-0.0733252	10.8001	10.8734
BLOCK22/SES223/SA223S25	SES187	0.0406809	10.9141	10.8734
BLOCK22/SES223/SA223S27	SES143	0.231262	11.3004	11.0691
BLOCK22/SES223/SA223S27	SES146	0.0564976	11.1256	11.0691
BLOCK22/SES223/SA223S27	SES187	-0.138783	10.9304	11.0691
BLOCK22/SES223/SA223S27	SES292	-0.167404	10.9017	11.0691
BLOCK27/SES273/SA273S12	SES099	0.693312	15.3544	14.6611
BLOCK27/SES273/SA273S12	SES104	0.441017	15.1021	14.6611
BLOCK27/SES273/SA273S12	SES125	0.472413	15.1335	14.6611
BLOCK27/SES273/SA273S12	SES206	1.02237	15.6834	14.6611
BLOCK27/SES273/SA273S13	SES099	0.707808	15.3947	14.6869
BLOCK27/SES273/SA273S13	SES104	-0.101938	14.5849	14.6869
BLOCK27/SES273/SA273S13	SES206	0.839247	15.5261	14.6869
BLOCK27/SES273/SA273S13	SES292	0.175932	14.8628	14.6869
BLOCK27/SES273/SA273S21	SES099	0.38919	15.0657	14.6766
BLOCK27/SES273/SA273S21	SES148	-1.13563	13.5409	14.6766
BLOCK27/SES273/SA273S21	SES149	0.00542545	14.682	14.6766
BLOCK27/SES273/SA273S21	SES177	0.022047	14.6986	14.6766
BLOCK27/SES273/SA273S25	SES104	0.0186195	13.7458	13.7272
BLOCK27/SES273/SA273S25	SES125	0.647778	14.3749	13.7272
BLOCK27/SES273/SA273S25	SES158	0.498187	14.2253	13.7272
BLOCK27/SES273/SA273S25	SES206	1.28425	15.0114	13.7272
BLOCK27/SES273/SA273S27	SES099	0.581871	14.8506	14.2687
BLOCK27/SES273/SA273S27	SES104	-0.80735	13.4613	14.2687
BLOCK27/SES273/SA273S27	SES149	0.918921	15.1876	14.2687
BLOCK27/SES273/SA273S27	SES275	-0.259084	14.0096	14.2687
BLOCK27/SES274/SA274S10	SES105	-0.996943	12.9025	13.8994
BLOCK27/SES274/SA274S10	SES125	-0.539289	13.3601	13.8994
BLOCK27/SES274/SA274S10	SES129	0.210652	14.1101	13.8994
BLOCK27/SES274/SA274S10	SES158	-0.878556	13.0209	13.8994
BLOCK27/SES274/SA274S11	SES105	-0.746225	13.1946	13.9409
BLOCK27/SES274/SA274S11	SES149	-0.888008	13.0529	13.9409
BLOCK27/SES274/SA274S11	SES158	-0.960858	12.98	13.9409
BLOCK27/SES274/SA274S11	SES275	-0.237629	13.7032	13.9409
BLOCK27/SES274/SA274S21	SES105	-0.267475	13.0513	13.3187
BLOCK27/SES274/SA274S21	SES129	-0.115257	13.2035	13.3187
BLOCK27/SES274/SA274S21	SES149	-0.807751	12.511	13.3187
BLOCK27/SES274/SA274S21	SES158	-1.50996	11.8088	13.3187
BLOCK27/SES274/SA274S24	SES105	-0.569054	13.7123	14.2814
BLOCK27/SES274/SA274S24	SES129	0.607641	14.889	14.2814
BLOCK27/SES274/SA274S24	SES149	-0.148987	14.1324	14.2814
BLOCK27/SES274/SA274S24	SES158	-1.22075	13.0606	14.2814
BLOCK27/SES274/SA274S29	SES105	-0.971661	12.6694	13.6411
BLOCK27/SES274/SA274S29	SES106	-0.692487	12.9486	13.6411
BLOCK27/SES274/SA274S29	SES120	-0.389902	13.2512	13.6411
BLOCK27/SES274/SA274S29	SES275	-0.25782	13.3833	13.6411
BLOCK27/SES276/SA276S16	SES148	0.169459	11.9827	11.8132
BLOCK27/SES276/SA276S16	SES172	0.723804	12.537	11.8132
BLOCK27/SES276/SA276S16	SES180	0.0844469	11.8976	11.8132
BLOCK27/SES276/SA276S16	SES292	0.209608	12.0228	11.8132
BLOCK27/SES276/SA276S17	SES101	0.424641	13.194	12.7694
BLOCK27/SES276/SA276S17	SES177	-0.255117	12.5143	12.7694
BLOCK27/SES276/SA276S17	SES180	-0.0575027	12.7119	12.7694
BLOCK27/SES276/SA276S17	SES292	0.241401	13.0108	12.7694
BLOCK27/SES276/SA276S24	SES101	0.334499	13.7623	13.4278
BLOCK27/SES276/SA276S24	SES177	0.405968	13.8337	13.4278
BLOCK27/SES276/SA276S24	SES180	0.219081	13.6468	13.4278
BLOCK27/SES276/SA276S24	SES292	-0.309216	13.1185	13.4278
BLOCK27/SES276/SA276S26	SES101	-0.00902843	13.6059	13.6149
BLOCK27/SES276/SA276S26	SES177	0.449625	14.0645	13.6149
BLOCK27/SES276/SA276S26	SES180	0.163637	13.7785	13.6149
BLOCK27/SES276/SA276S26	SES292	0.0983782	13.7133	13.6149
BLOCK27/SES276/SA276S28	SES101	0.401211	12.9529	12.5517
BLOCK27/SES276/SA276S28	SES177	-0.0726414	12.479	12.5517
BLOCK27/SES276/SA276S28	SES180	0.22453	12.7762	12.5517
BLOCK27/SES276/SA276S28	SES292	0.281999	12.8337	12.5517
BLOCK27/SES277/SA277S12	SES101	0.0781393	11.5853	11.5071
BLOCK27/SES277/SA277S12	SES177	-0.653756	10.8534	11.5071
BLOCK27/SES277/SA277S12	SES180	-0.355271	11.1518	11.5071
BLOCK27/SES277/SA277S12	SES292	-0.747929	10.7592	11.5071
BLOCK27/SES277/SA277S14	SES177	0.516064	11.6679	11.1519
BLOCK27/SES277/SA277S14	SES180	-0.585294	10.5666	11.1519
BLOCK27/SES277/SA277S14	SES189	0.313887	11.4658	11.1519
BLOCK27/SES277/SA277S14	SES292	-0.759333	10.3925	11.1519
BLOCK27/SES277/SA277S21	SES177	0.339382	13.121	12.7816
BLOCK27/SES277/SA277S21	SES180	-0.531631	12.25	12.7816
BLOCK27/SES277/SA277S21	SES189	-0.0246353	12.757	12.7816
BLOCK27/SES277/SA277S21	SES292	-0.559892	12.2218	12.7816
BLOCK27/SES277/SA277S24	SES144	-0.259939	11.3404	11.6003
BLOCK27/SES277/SA277S24	SES177	-0.258187	11.3421	11.6003
BLOCK27/SES277/SA277S24	SES180	-0.75983	10.8405	11.6003
BLOCK27/SES277/SA277S24	SES189	-0.285872	11.3144	11.6003
BLOCK27/SES277/SA277S29	SES177	0.459536	13.7538	13.2943
BLOCK27/SES277/SA277S29	SES180	-0.103395	13.1909	13.2943
BLOCK27/SES277/SA277S29	SES202	0.192529	13.4868	13.2943
BLOCK27/SES277/SA277S29	SES292	-0.14717	13.1471	13.2943
BLOCK27/SES279/SA279S09	SES120	-0.244317	13.1326	13.3769
BLOCK27/SES279/SA279S09	SES146	-0.256227	13.1207	13.3769
BLOCK27/SES279/SA279S09	SES206	0.25425	13.6312	13.3769
BLOCK27/SES279/SA279S09	SES226	-0.291652	13.0853	13.3769
BLOCK27/SES279/SA279S10	SES099	-0.0794468	13.4154	13.4948
BLOCK27/SES279/SA279S10	SES206	-0.231436	13.2634	13.4948
BLOCK27/SES279/SA279S10	SES226	-0.199959	13.2949	13.4948
BLOCK27/SES279/SA279S10	SES292	0.202999	13.6978	13.4948
BLOCK27/SES279/SA279S20	SES099	-0.374754	12.961	13.3357
BLOCK27/SES279/SA279S20	SES206	0.569046	13.9048	13.3357
BLOCK27/SES279/SA279S20	SES226	-0.276149	13.0596	13.3357
BLOCK27/SES279/SA279S20	SES292	0.635186	13.9709	13.3357
BLOCK27/SES279/SA279S26	SES099	0.448568	13.1771	12.7285
BLOCK27/SES279/SA279S26	SES206	0.485459	13.214	12.7285
BLOCK27/SES279/SA279S26	SES226	-0.0882912	12.6402	12.7285
BLOCK27/SES279/SA279S26	SES292	0.567419	13.2959	12.7285
BLOCK27/SES279/SA279S28	SES099	0.26877	14.731	14.4623
BLOCK27/SES279/SA279S28	SES120	-0.131623	14.3306	14.4623
BLOCK27/SES279/SA279S28	SES177	0.178258	14.6405	14.4623
BLOCK27/SES279/SA279S28	SES206	0.202234	14.6645	14.4623
BLOCK29/SES290/SA290S12	SES162	0.22268	13.0002	12.7775
BLOCK29/SES290/SA290S12	SES177	1.1304	13.9079	12.7775
BLOCK29/SES290/SA290S12	SES180	0.276367	13.0539	12.7775
BLOCK29/SES290/SA290S12	SES292	0.0792627	12.8568	12.7775
BLOCK29/SES290/SA290S13	SES007	-0.461578	12.5249	12.9865
BLOCK29/SES290/SA290S13	SES162	-0.391764	12.5948	12.9865
BLOCK29/SES290/SA290S13	SES177	-0.0173101	12.9692	12.9865
BLOCK29/SES290/SA290S13	SES180	-0.225054	12.7615	12.9865
BLOCK29/SES290/SA290S22	SES177	0.240363	12.6563	12.4159
BLOCK29/SES290/SA290S22	SES180	0.0391235	12.4551	12.4159
BLOCK29/SES290/SA290S22	SES202	-0.267247	12.1487	12.4159
BLOCK29/SES290/SA290S22	SES292	-0.447042	11.9689	12.4159
BLOCK29/SES290/SA290S25	SES162	0.183282	13.9266	13.7434
BLOCK29/SES290/SA290S25	SES177	0.397886	14.1412	13.7434
BLOCK29/SES290/SA290S25	SES180	0.315118	14.0585	13.7434
BLOCK29/SES290/SA290S25	SES292	0.29321	14.0366	13.7434
BLOCK29/SES290/SA290S29	SES177	0.903148	13.6029	12.6998
BLOCK29/SES290/SA290S29	SES180	0.461376	13.1612	12.6998
BLOCK29/SES290/SA290S29	SES275	-0.333599	12.3662	12.6998
BLOCK29/SES290/SA290S29	SES292	0.00957775	12.7094	12.6998
BLOCK29/SES291/SA291S11	SES105	-0.892189	10.7548	11.647
BLOCK29/SES291/SA291S11	SES125	0.0853062	11.7323	11.647
BLOCK29/SES291/SA291S11	SES158	-0.0459223	11.601	11.647
BLOCK29/SES291/SA291S11	SES275	-0.868073	10.7789	11.647
BLOCK29/SES291/SA291S12	SES158	1.76885	13.1321	11.3632
BLOCK29/SES291/SA291S12	SES226	0.105294	11.4685	11.3632
BLOCK29/SES291/SA291S12	SES270	1.45986	12.8231	11.3632
BLOCK29/SES291/SA291S12	SES275	-1.17029	10.193	11.3632
BLOCK29/SES291/SA291S22	SES082	0.260764	12.684	12.4232
BLOCK29/SES291/SA291S22	SES158	0.396883	12.8201	12.4232
BLOCK29/SES291/SA291S22	SES259	0.469647	12.8929	12.4232
BLOCK29/SES291/SA291S22	SES275	-1.01091	11.4123	12.4232
BLOCK29/SES291/SA291S24	SES104	0.63872	14.1517	13.513
BLOCK29/SES291/SA291S24	SES125	0.136404	13.6494	13.513
BLOCK29/SES291/SA291S24	SES158	0.536591	14.0496	13.513
BLOCK29/SES291/SA291S24	SES275	-1.23291	12.2801	13.513
BLOCK29/SES291/SA291S27	SES158	1.10905	13.1604	12.0513
BLOCK29/SES291/SA291S27	SES172	-1.02944	11.0219	12.0513
BLOCK29/SES291/SA291S27	SES275	-1.06167	10.9897	12.0513
BLOCK29/SES291/SA291S27	SES292	0.234276	12.2856	12.0513
