BLOCK00/SES002/SA002S12	SES002	1.5796	-37.4475	-39.0271
BLOCK00/SES002/SA002S13	SES002	1.75966	-37.0692	-38.8288
BLOCK00/SES002/SA002S23	SES002	2.01605	-36.5221	-38.5382
BLOCK00/SES002/SA002S26	SES002	2.32525	-36.7326	-39.0579
BLOCK00/SES002/SA002S28	SES002	1.52485	-37.1642	-38.6891
BLOCK00/SES007/SA007S14	SES007	1.44169	-36.487	-37.9287
BLOCK00/SES007/SA007S15	SES007	0.840298	-37.6075	-38.4478
BLOCK00/SES007/SA007S24	SES007	0.854115	-37.4411	-38.2953
BLOCK00/SES007/SA007S27	SES007	0.893082	-38.3417	-39.2348
BLOCK00/SES007/SA007S29	SES007	0.655586	-37.0095	-37.6651
BLOCK00/SES008/SA008S11	SES008	1.49075	-37.2839	-38.7746
BLOCK00/SES008/SA008S12	SES008	0.838326	-37.8709	-38.7092
BLOCK00/SES008/SA008S19	SES008	1.82564	-36.7746	-38.6003
BLOCK00/SES008/SA008S22	SES008	1.45194	-37.755	-39.207
BLOCK00/SES008/SA008S29	SES008	1.76551	-36.9136	-38.6791
BLOCK01/SES014/SA014S10	SES014	2.50717	-36.2133	-38.7205
BLOCK01/SES014/SA014S12	SES014	2.85582	-34.8649	-37.7207
BLOCK01/SES014/SA014S24	SES014	1.59038	-36.7931	-38.3835
BLOCK01/SES014/SA014S26	SES014	2.46309	-34.8296	-37.2927
BLOCK01/SES014/SA014S28	SES014	2.62634	-34.8977	-37.524
BLOCK01/SES016/SA016S12	SES016	1.61948	-38.3403	-39.9598
BLOCK01/SES016/SA016S13	SES016	1.9212	-37.179	-39.1002
BLOCK01/SES016/SA016S22	SES016	0.79789	-38.0193	-38.8172
BLOCK01/SES016/SA016S25	SES016	1.60331	-35.91	-37.5133
BLOCK01/SES016/SA016S27	SES016	1.86599	-36.2471	-38.1131
BLOCK01/SES019/SA019S13	SES019	2.9999	-37.4458	-40.4457
BLOCK01/SES019/SA019S14	SES019	2.09858	-37.658	-39.7566
BLOCK01/SES019/SA019S22	SES019	2.94792	-36.7815	-39.7294
BLOCK01/SES019/SA019S25	SES019	2.58727	-37.4774	-40.0647
BLOCK01/SES019/SA019S29	SES019	3.68159	-37.1503	-40.8319
BLOCK02/SES029/SA029S11	SES029	1.56717	-36.6632	-38.2304
BLOCK02/SES029/SA029S12	SES029	0.919983	-37.2301	-38.1501
BLOCK02/SES029/SA029S20	SES029	1.0512	-38.1393	-39.1905
BLOCK02/SES029/SA029S25	SES029	0.874466	-37.1717	-38.0462
BLOCK02/SES029/SA029S28	SES029	0.939915	-37.6038	-38.5437
BLOCK04/SES042/SA042S12	SES042	2.45982	-36.0708	-38.5306
BLOCK04/SES042/SA042S15	SES042	2.54179	-36.3451	-38.8869
BLOCK04/SES042/SA042S22	SES042	3.5495	-35.1619	-38.7114
BLOCK04/SES042/SA042S25	SES042	2.5939	-37.499	-40.0929
BLOCK04/SES042/SA042S27	SES042	2.08173	-36.6182	-38.6999
BLOCK04/SES048/SA048S11	SES048	1.88173	-36.9713	-38.853
BLOCK04/SES048/SA048S12	SES048	0.982853	-37.7143	-38.6971
BLOCK04/SES048/SA048S20	SES048	1.09423	-37.4744	-38.5686
BLOCK04/SES048/SA048S23	SES048	2.03631	-37.6425	-39.6788
BLOCK04/SES048/SA048S27	SES048	0.887241	-37.2203	-38.1075
BLOCK06/SES060/SA060S11	SES060	1.73433	-37.1081	-38.8424
BLOCK06/SES060/SA060S12	SES060	0.353882	-38.3565	-38.7104
BLOCK06/SES060/SA060S22	SES060	0.273918	-38.7383	-39.0122
BLOCK06/SES060/SA060S24	SES060	1.32993	-36.9106	-38.2405
BLOCK06/SES060/SA060S28	SES060	1.58475	-35.9266	-37.5113
BLOCK06/SES062/SA062S10	SES062	1.15416	-37.082	-38.2361
BLOCK06/SES062/SA062S11	SES062	1.70142	-36.819	-38.5204
BLOCK06/SES062/SA062S21	SES062	2.10855	-34.8127	-36.9213
BLOCK06/SES062/SA062S26	SES062	1.30806	-36.014	-37.3221
BLOCK06/SES062/SA062S29	SES062	1.49746	-36.0315	-37.5289
BLOCK06/SES068/SA068S14	SES068	0.804031	-37.7945	-38.5985
BLOCK06/SES068/SA068S15	SES068	1.38348	-36.5726	-37.9561
BLOCK06/SES068/SA068S23	SES068	1.26368	-37.4971	-38.7608
BLOCK06/SES068/SA068S27	SES068	1.98989	-36.2457	-38.2356
BLOCK06/SES068/SA068S29	SES068	1.02781	-37.0811	-38.1089
BLOCK08/SES082/SA082S12	SES082	0.961533	-38.8254	-39.7869
BLOCK08/SES082/SA082S14	SES082	0.854839	-38.6788	-39.5336
BLOCK08/SES082/SA082S21	SES082	0.840908	-38.2486	-39.0896
BLOCK08/SES082/SA082S24	SES082	0.859627	-38.5602	-39.4198
BLOCK08/SES082/SA082S28	SES082	0.391262	-38.7649	-39.1561
BLOCK08/SES083/SA083S14	SES083	-0.142849	-37.9681	-37.8252
BLOCK08/SES083/SA083S15	SES083	0.416496	-37.5994	-38.0159
BLOCK08/SES083/SA083S24	SES083	0.549526	-37.7127	-38.2622
BLOCK08/SES083/SA083S26	SES083	0.911705	-37.5096	-38.4213
BLOCK08/SES083/SA083S29	SES083	0.377033	-37.2516	-37.6287
BLOCK08/SES085/SA085S10	SES085	0.675755	-37.4361	-38.1118
BLOCK08/SES085/SA085S13	SES085	0.932297	-38.1812	-39.1135
BLOCK08/SES085/SA085S22	SES085	-0.0796013	-38.5944	-38.5148
BLOCK08/SES085/SA085S26	SES085	0.580395	-37.9296	-38.51
BLOCK08/SES085/SA085S28	SES085	1.17087	-37.05	-38.2209
BLOCK08/SES087/SA087S15	SES087	1.82366	-37.5308	-39.3544
BLOCK08/SES087/SA087S16	SES087	1.87217	-37.1893	-39.0615
BLOCK08/SES087/SA087S24	SES087	1.98966	-37.5339	-39.5235
BLOCK08/SES087/SA087S26	SES087	1.84115	-36.0421	-37.8832
BLOCK08/SES087/SA087S29	SES087	1.875	-37.0403	-38.9153
BLOCK09/SES099/SA099S15	SES099	1.74176	-37.739	-39.4807
BLOCK09/SES099/SA099S16	SES099	1.50438	-37.5026	-39.007
BLOCK09/SES099/SA099S24	SES099	1.71022	-36.9649	-38.6751
BLOCK09/SES099/SA099S26	SES099	1.90722	-36.7916	-38.6989
BLOCK09/SES099/SA099S29	SES099	1.80918	-36.9178	-38.727
BLOCK10/SES101/SA101S11	SES101	1.4586	-37.1238	-38.5824
BLOCK10/SES101/SA101S13	SES101	1.20822	-37.1227	-38.3309
BLOCK10/SES101/SA101S22	SES101	1.7207	-37.6677	-39.3884
BLOCK10/SES101/SA101S24	SES101	1.99796	-37.0124	-39.0104
BLOCK10/SES101/SA101S28	SES101	0.685043	-38.2655	-38.9506
BLOCK10/SES104/SA104S11	SES104	1.85218	-36.3631	-38.2153
BLOCK10/SES104/SA104S12	SES104	1.89941	-36.5672	-38.4666
BLOCK10/SES104/SA104S21	SES104	1.5472	-37.3032	-38.8504
BLOCK10/SES104/SA104S24	SES104	1.3502	-37.8785	-39.2287
BLOCK10/SES104/SA104S28	SES104	1.57169	-37.6754	-39.2471
BLOCK10/SES105/SA105S12	SES105	0.948586	-38.5378	-39.4863
BLOCK10/SES105/SA105S13	SES105	1.39862	-37.9565	-39.3551
BLOCK10/SES105/SA105S22	SES105	0.352993	-39.295	-39.648
BLOCK10/SES105/SA105S26	SES105	1.44547	-38.1722	-39.6177
BLOCK10/SES105/SA105S29	SES105	1.10944	-37.8629	-38.9723
BLOCK10/SES106/SA106S09	SES106	1.04395	-39.2835	-40.3275
BLOCK10/SES106/SA106S11	SES106	1.47009	-36.9462	-38.4163
BLOCK10/SES106/SA106S22	SES106	2.52327	-37.6772	-40.2004
BLOCK10/SES106/SA106S27	SES106	1.3719	-37.4687	-38.8406
BLOCK10/SES106/SA106S29	SES106	1.08781	-37.5325	-38.6203
BLOCK11/SES117/SA117S12	SES117	1.14811	-37.2832	-38.4313
BLOCK11/SES117/SA117S13	SES117	0.755394	-37.4194	-38.1748
BLOCK11/SES117/SA117S23	SES117	1.95684	-37.9918	-39.9487
BLOCK11/SES117/SA117S25	SES117	1.0441	-38.4528	-39.4969
BLOCK11/SES117/SA117S28	SES117	1.03308	-38.2652	-39.2983
BLOCK12/SES120/SA120S08	SES120	1.35268	-38.9385	-40.2912
BLOCK12/SES120/SA120S11	SES120	0.845955	-40.268	-41.1139
BLOCK12/SES120/SA120S22	SES120	0.0139084	-38.4658	-38.4797
BLOCK12/SES120/SA120S24	SES120	0.659546	-38.6758	-39.3354
BLOCK12/SES120/SA120S28	SES120	0.810024	-39.7733	-40.5833
BLOCK12/SES125/SA125S13	SES125	2.06134	-36.6759	-38.7372
BLOCK12/SES125/SA125S14	SES125	1.65276	-37.4106	-39.0634
BLOCK12/SES125/SA125S25	SES125	2.29817	-36.6535	-38.9516
BLOCK12/SES125/SA125S27	SES125	2.29919	-36.0712	-38.3704
BLOCK12/SES125/SA125S29	SES125	1.51016	-36.8336	-38.3437
BLOCK12/SES127/SA127S11	SES127	0.68137	-38.3036	-38.9849
BLOCK12/SES127/SA127S12	SES127	-0.669331	-38.7544	-38.0851
BLOCK12/SES127/SA127S23	SES127	0.551781	-38.035	-38.5868
BLOCK12/SES127/SA127S25	SES127	-0.495232	-39.116	-38.6207
BLOCK12/SES127/SA127S27	SES127	0.97905	-37.3482	-38.3272
BLOCK12/SES129/SA129S11	SES129	1.57816	-36.2964	-37.8746
BLOCK12/SES129/SA129S12	SES129	1.41217	-36.395	-37.8071
BLOCK12/SES129/SA129S22	SES129	1.31708	-36.9702	-38.2872
BLOCK12/SES129/SA129S27	SES129	1.88026	-36.2387	-38.1189
BLOCK12/SES129/SA129S29	SES129	1.53783	-36.5797	-38.1175
BLOCK14/SES142/SA142S11	SES142	1.5037	-37.3148	-38.8185
BLOCK14/SES142/SA142S12	SES142	1.43234	-37.4572	-38.8895
BLOCK14/SES142/SA142S24	SES142	1.63296	-37.2389	-38.8719
BLOCK14/SES142/SA142S27	SES142	1.93298	-36.8127	-38.7457
BLOCK14/SES142/SA142S29	SES142	1.64343	-36.4425	-38.0859
BLOCK14/SES143/SA143S12	SES143	1.29547	-37.7051	-39.0006
BLOCK14/SES143/SA143S13	SES143	1.11366	-37.8146	-38.9283
BLOCK14/SES143/SA143S23	SES143	1.43661	-37.8537	-39.2903
BLOCK14/SES143/SA143S25	SES143	1.35518	-37.6484	-39.0036
BLOCK14/SES143/SA143S28	SES143	1.11202	-37.4053	-38.5173
BLOCK14/SES144/SA144S09	SES144	1.13073	-37.5031	-38.6338
BLOCK14/SES144/SA144S11	SES144	1.22049	-38.4988	-39.7193
BLOCK14/SES144/SA144S21	SES144	0.500412	-38.5118	-39.0122
BLOCK14/SES144/SA144S25	SES144	0.929348	-37.8983	-38.8277
BLOCK14/SES144/SA144S29	SES144	0.281895	-38.2573	-38.5392
BLOCK14/SES146/SA146S14	SES146	0.902336	-38.6089	-39.5112
BLOCK14/SES146/SA146S15	SES146	0.559227	-38.237	-38.7963
BLOCK14/SES146/SA146S24	SES146	0.800934	-38.2865	-39.0874
BLOCK14/SES146/SA146S26	SES146	1.38913	-38.6376	-40.0267
BLOCK14/SES146/SA146S29	SES146	0.87117	-39.0088	-39.88
BLOCK14/SES147/SA147S11	SES147	2.25955	-37.4363	-39.6958
BLOCK14/SES147/SA147S13	SES147	2.49392	-36.4761	-38.9701
BLOCK14/SES147/SA147S23	SES147	1.76948	-37.8979	-39.6673
BLOCK14/SES147/SA147S26	SES147	1.77191	-37.7751	-39.547
BLOCK14/SES147/SA147S28	SES147	2.60649	-37.0697	-39.6762
BLOCK14/SES148/SA148S10	SES148	1.29794	-36.9748	-38.2728
BLOCK14/SES148/SA148S12	SES148	1.00778	-37.9663	-38.9741
BLOCK14/SES148/SA148S22	SES148	1.15619	-36.7114	-37.8676
BLOCK14/SES148/SA148S26	SES148	0.769039	-37.4415	-38.2105
BLOCK14/SES148/SA148S29	SES148	0.677982	-38.1879	-38.8659
BLOCK14/SES149/SA149S13	SES149	0.696533	-37.8951	-38.5917
BLOCK14/SES149/SA149S14	SES149	0.529922	-37.5448	-38.0748
BLOCK14/SES149/SA149S24	SES149	1.34519	-37.5987	-38.9439
BLOCK14/SES149/SA149S26	SES149	1.78321	-36.9134	-38.6966
BLOCK14/SES149/SA149S28	SES149	1.92066	-36.488	-38.4086
BLOCK15/SES158/SA158S13	SES158	1.43043	-38.1807	-39.6112
BLOCK15/SES158/SA158S14	SES158	1.88488	-38.3342	-40.2191
BLOCK15/SES158/SA158S23	SES158	1.39791	-37.646	-39.0439
BLOCK15/SES158/SA158S26	SES158	1.94028	-37.7124	-39.6527
BLOCK15/SES158/SA158S28	SES158	1.21074	-38.2215	-39.4323
BLOCK16/SES162/SA162S10	SES162	1.40108	-38.3043	-39.7054
BLOCK16/SES162/SA162S11	SES162	1.01357	-37.495	-38.5085
BLOCK16/SES162/SA162S21	SES162	1.69193	-37.3766	-39.0685
BLOCK16/SES162/SA162S24	SES162	1.55025	-37.5066	-39.0569
BLOCK16/SES162/SA162S27	SES162	1.61339	-37.8649	-39.4783
BLOCK16/SES167/SA167S14	SES167	1.3804	-36.2926	-37.673
BLOCK16/SES167/SA167S15	SES167	1.77886	-36.5693	-38.3481
BLOCK16/SES167/SA167S21	SES167	1.61937	-36.2048	-37.8242
BLOCK16/SES167/SA167S25	SES167	1.57306	-36.9531	-38.5262
BLOCK16/SES167/SA167S29	SES167	2.65256	-35.561	-38.2135
BLOCK17/SES172/SA172S12	SES172	1.10635	-37.9285	-39.0348
BLOCK17/SES172/SA172S13	SES172	1.65685	-37.6504	-39.3072
BLOCK17/SES172/SA172S23	SES172	1.06483	-36.5712	-37.6361
BLOCK17/SES172/SA172S27	SES172	1.18093	-37.3834	-38.5644
BLOCK17/SES172/SA172S29	SES172	1.75103	-37.1444	-38.8954
BLOCK17/SES175/SA175S11	SES175	1.36341	-37.2982	-38.6616
BLOCK17/SES175/SA175S13	SES175	1.30943	-37.2353	-38.5447
BLOCK17/SES175/SA175S23	SES175	1.68158	-37.7111	-39.3927
BLOCK17/SES175/SA175S25	SES175	1.18214	-38.7665	-39.9486
BLOCK17/SES175/SA175S28	SES175	1.53367	-37.1354	-38.669
BLOCK17/SES177/SA177S15	SES177	0.331745	-38.1708	-38.5025
BLOCK17/SES177/SA177S17	SES177	0.677212	-37.7663	-38.4435
BLOCK17/SES177/SA177S23	SES177	0.287361	-38.313	-38.6004
BLOCK17/SES177/SA177S26	SES177	0.698318	-36.3152	-37.0135
BLOCK17/SES177/SA177S28	SES177	0.693455	-37.1719	-37.8654
BLOCK18/SES180/SA180S13	SES180	1.14706	-37.6674	-38.8144
BLOCK18/SES180/SA180S15	SES180	0.933922	-38.0243	-38.9583
BLOCK18/SES180/SA180S24	SES180	1.22513	-36.7068	-37.9319
BLOCK18/SES180/SA180S26	SES180	1.46729	-37.0609	-38.5282
BLOCK18/SES180/SA180S29	SES180	1.3285	-37.7227	-39.0512
BLOCK18/SES183/SA183S13	SES183	1.35774	-37.9067	-39.2644
BLOCK18/SES183/SA183S14	SES183	0.613735	-38.4998	-39.1135
BLOCK18/SES183/SA183S24	SES183	1.70768	-38.0472	-39.7548
BLOCK18/SES183/SA183S27	SES183	1.32646	-37.9195	-39.246
BLOCK18/SES183/SA183S29	SES183	1.31796	-37.5378	-38.8558
BLOCK18/SES187/SA187S13	SES187	1.23177	-38.0023	-39.2341
BLOCK18/SES187/SA187S14	SES187	0.749096	-38.3872	-39.1363
BLOCK18/SES187/SA187S24	SES187	1.52633	-37.8757	-39.402
BLOCK18/SES187/SA187S27	SES187	1.34203	-37.3532	-38.6952
BLOCK18/SES187/SA187S29	SES187	1.1837	-38.4643	-39.648
BLOCK18/SES189/SA189S10	SES189	1.40629	-39.2436	-40.6499
BLOCK18/SES189/SA189S13	SES189	1.8764	-39.8221	-41.6985
BLOCK18/SES189/SA189S24	SES189	2.03355	-38.5777	-40.6112
BLOCK18/SES189/SA189S26	SES189	1.49933	-38.2669	-39.7663
BLOCK18/SES189/SA189S29	SES189	2.09669	-38.5112	-40.6079
BLOCK20/SES202/SA202S12	SES202	1.29072	-38.7974	-40.0881
BLOCK20/SES202/SA202S14	SES202	2.61594	-37.1039	-39.7199
BLOCK20/SES202/SA202S24	SES202	1.60302	-38.0698	-39.6729
BLOCK20/SES202/SA202S27	SES202	1.84881	-36.7828	-38.6316
BLOCK20/SES202/SA202S29	SES202	1.87777	-37.2593	-39.1371
BLOCK20/SES206/SA206S15	SES206	0.320618	-37.427	-37.7477
BLOCK20/SES206/SA206S17	SES206	2.28453	-36.4945	-38.7791
BLOCK20/SES206/SA206S24	SES206	2.06349	-36.4461	-38.5096
BLOCK20/SES206/SA206S27	SES206	2.37055	-37.0779	-39.4485
BLOCK20/SES206/SA206S29	SES206	1.99335	-36.1842	-38.1776
BLOCK22/SES226/SA226S12	SES226	1.25121	-38.0003	-39.2515
BLOCK22/SES226/SA226S13	SES226	-0.242542	-39.2589	-39.0163
BLOCK22/SES226/SA226S20	SES226	1.52486	-37.9648	-39.4897
BLOCK22/SES226/SA226S23	SES226	1.45817	-37.389	-38.8472
BLOCK22/SES226/SA226S28	SES226	1.99826	-37.0412	-39.0395
BLOCK25/SES259/SA259S13	SES259	3.07816	-35.8571	-38.9352
BLOCK25/SES259/SA259S14	SES259	2.20126	-36.2604	-38.4617
BLOCK25/SES259/SA259S22	SES259	2.05498	-36.2483	-38.3032
BLOCK25/SES259/SA259S24	SES259	2.03003	-36.3415	-38.3715
BLOCK25/SES259/SA259S28	SES259	2.13256	-36.0637	-38.1963
BLOCK27/SES270/SA270S14	SES270	2.19215	-37.9682	-40.1603
BLOCK27/SES270/SA270S16	SES270	1.00866	-37.9432	-38.9519
BLOCK27/SES270/SA270S22	SES270	2.75462	-37.0057	-39.7604
BLOCK27/SES270/SA270S26	SES270	1.60672	-38.4127	-40.0194
BLOCK27/SES270/SA270S28	SES270	1.66849	-37.0602	-38.7287
BLOCK27/SES275/SA275S17	SES275	1.57382	-37.7546	-39.3284
BLOCK27/SES275/SA275S18	SES275	0.733234	-37.9148	-38.648
BLOCK27/SES275/SA275S24	SES275	0.814255	-38.8525	-39.6668
BLOCK27/SES275/SA275S26	SES275	1.26647	-37.2844	-38.5509
BLOCK27/SES275/SA275S28	SES275	0.226242	-38.0794	-38.3056
BLOCK29/SES292/SA292S10	SES292	0.537704	-37.7215	-38.2592
BLOCK29/SES292/SA292S12	SES292	0.600616	-38.8768	-39.4775
BLOCK29/SES292/SA292S22	SES292	1.27277	-37.1456	-38.4184
BLOCK29/SES292/SA292S24	SES292	0.6866	-37.5659	-38.2525
BLOCK29/SES292/SA292S27	SES292	0.607647	-37.2288	-37.8365
BLOCK00/SES001/SA001S14	SES062	-1.40693	-40.3365	-38.9296
BLOCK00/SES001/SA001S14	SES082	-1.89456	-40.8241	-38.9296
BLOCK00/SES001/SA001S14	SES106	-3.29092	-42.2205	-38.9296
BLOCK00/SES001/SA001S14	SES206	-3.59706	-42.5266	-38.9296
BLOCK00/SES001/SA001S15	SES062	-1.74027	-39.9022	-38.1619
BLOCK00/SES001/SA001S15	SES104	-3.54841	-41.7103	-38.1619
BLOCK00/SES001/SA001S15	SES106	-3.29919	-41.4611	-38.1619
BLOCK00/SES001/SA001S15	SES206	-3.46253	-41.6244	-38.1619
BLOCK00/SES001/SA001S24	SES062	-2.17229	-41.6121	-39.4398
BLOCK00/SES001/SA001S24	SES082	-1.5378	-40.9776	-39.4398
BLOCK00/SES001/SA001S24	SES087	-2.81545	-42.2552	-39.4398
BLOCK00/SES001/SA001S24	SES206	-1.67043	-41.1102	-39.4398
BLOCK00/SES001/SA001S27	SES062	-1.60249	-39.1171	-37.5146
BLOCK00/SES001/SA001S27	SES082	-1.49183	-39.0064	-37.5146
BLOCK00/SES001/SA001S27	SES087	-2.77819	-40.2928	-37.5146
BLOCK00/SES001/SA001S27	SES206	-2.44901	-39.9636	-37.5146
BLOCK00/SES001/SA001S29	SES062	-1.71531	-40.7053	-38.99
BLOCK00/SES001/SA001S29	SES082	-1.243	-40.233	-38.99
BLOCK00/SES001/SA001S29	SES158	-1.40315	-40.3932	-38.99
BLOCK00/SES001/SA001S29	SES206	-3.7397	-42.7297	-38.99
BLOCK00/SES003/SA003S11	SES002	-1.59599	-40.5204	-38.9244
BLOCK00/SES003/SA003S11	SES019	-1.09208	-40.0165	-38.9244
BLOCK00/SES003/SA003S11	SES082	0.0150719	-38.9093	-38.9244
BLOCK00/SES003/SA003S11	SES125	-1.25829	-40.1827	-38.9244
BLOCK00/SES003/SA003S15	SES016	-1.69404	-40.5322	-38.8382
BLOCK00/SES003/SA003S15	SES019	-1.6347	-40.4729	-38.8382
BLOCK00/SES003/SA003S15	SES062	-2.12613	-40.9643	-38.8382
BLOCK00/SES003/SA003S15	SES206	-1.49008	-40.3282	-38.8382
BLOCK00/SES003/SA003S22	SES002	-2.93761	-41.4717	-38.5341
BLOCK00/SES003/SA003S22	SES062	-1.71818	-40.2522	-38.5341
BLOCK00/SES003/SA003S22	SES082	-0.623531	-39.1576	-38.5341
BLOCK00/SES003/SA003S22	SES087	-2.1983	-40.7324	-38.5341
BLOCK00/SES003/SA003S25	SES062	-2.94183	-42.2125	-39.2707
BLOCK00/SES003/SA003S25	SES082	-0.929981	-40.2007	-39.2707
BLOCK00/SES003/SA003S25	SES087	-2.57962	-41.8503	-39.2707
BLOCK00/SES003/SA003S25	SES206	-2.08945	-41.3601	-39.2707
BLOCK00/SES003/SA003S29	SES002	-2.49534	-41.5685	-39.0731
BLOCK00/SES003/SA003S29	SES062	-2.39672	-41.4698	-39.0731
BLOCK00/SES003/SA003S29	SES082	-0.680794	-39.7539	-39.0731
BLOCK00/SES003/SA003S29	SES087	-2.31711	-41.3902	-39.0731
BLOCK00/SES004/SA004S12	SES083	-1.29177	-39.7347	-38.443
BLOCK00/SES004/SA004S12	SES148	-1.49598	-39.9389	-38.443
BLOCK00/SES004/SA004S12	SES172	-0.174484	-38.6175	-38.443
BLOCK00/SES004/SA004S12	SES292	-1.40115	-39.8441	-38.443
BLOCK00/SES004/SA004S17	SES083	-1.13756	-40.1654	-39.0279
BLOCK00/SES004/SA004S17	SES162	-0.613712	-39.6416	-39.0279
BLOCK00/SES004/SA004S17	SES172	-0.999165	-40.027	-39.0279
BLOCK00/SES004/SA004S17	SES292	-1.64691	-40.6748	-39.0279
BLOCK00/SES004/SA004S24	SES083	-1.41295	-39.6485	-38.2356
BLOCK00/SES004/SA004S24	SES148	-1.4934	-39.729	-38.2356
BLOCK00/SES004/SA004S24	SES172	-0.788036	-39.0236	-38.2356
BLOCK00/SES004/SA004S24	SES292	-1.00528	-39.2408	-38.2356
BLOCK00/SES004/SA004S26	SES083	-1.10718	-39.668	-38.5608
BLOCK00/SES004/SA004S26	SES127	-0.910606	-39.4714	-38.5608
BLOCK00/SES004/SA004S26	SES148	-1.74813	-40.3089	-38.5608
BLOCK00/SES004/SA004S26	SES292	-1.52273	-40.0835	-38.5608
BLOCK00/SES004/SA004S28	SES083	-1.28215	-39.0595	-37.7774
BLOCK00/SES004/SA004S28	SES127	-0.187805	-37.9652	-37.7774
BLOCK00/SES004/SA004S28	SES187	-0.385612	-38.163	-37.7774
BLOCK00/SES004/SA004S28	SES292	-1.25286	-39.0303	-37.7774
BLOCK00/SES006/SA006S10	SES014	-2.62562	-43.6238	-40.9982
BLOCK00/SES006/SA006S10	SES158	-0.661179	-41.6594	-40.9982
BLOCK00/SES006/SA006S10	SES226	-3.23775	-44.236	-40.9982
BLOCK00/SES006/SA006S10	SES270	-0.0858116	-41.084	-40.9982
BLOCK00/SES006/SA006S11	SES158	-1.23462	-41.771	-40.5364
BLOCK00/SES006/SA006S11	SES226	-1.93742	-42.4738	-40.5364
BLOCK00/SES006/SA006S11	SES270	-0.281456	-40.8178	-40.5364
BLOCK00/SES006/SA006S11	SES275	-3.42739	-43.9637	-40.5364
BLOCK00/SES006/SA006S23	SES062	-2.73134	-42.713	-39.9817
BLOCK00/SES006/SA006S23	SES105	-2.50867	-42.4903	-39.9817
BLOCK00/SES006/SA006S23	SES158	-0.802681	-40.7843	-39.9817
BLOCK00/SES006/SA006S23	SES275	-2.35134	-42.333	-39.9817
BLOCK00/SES006/SA006S26	SES104	-2.36917	-41.9975	-39.6284
BLOCK00/SES006/SA006S26	SES158	-0.333138	-39.9615	-39.6284
BLOCK00/SES006/SA006S26	SES270	0.289497	-39.3389	-39.6284
BLOCK00/SES006/SA006S26	SES275	-2.94697	-42.5753	-39.6284
BLOCK00/SES006/SA006S28	SES007	-2.2139	-42.374	-40.1601
BLOCK00/SES006/SA006S28	SES105	-2.38235	-42.5424	-40.1601
BLOCK00/SES006/SA006S28	SES158	-1.20834	-41.3684	-40.1601
BLOCK00/SES006/SA006S28	SES275	-3.33994	-43.5	-40.1601
BLOCK00/SES009/SA009S12	SES083	-1.56092	-40.0973	-38.5364
BLOCK00/SES009/SA009S12	SES148	-0.785545	-39.3219	-38.5364
BLOCK00/SES009/SA009S12	SES177	-0.126823	-38.6632	-38.5364
BLOCK00/SES009/SA009S12	SES292	-0.597065	-39.1335	-38.5364
BLOCK00/SES009/SA009S15	SES007	0.438164	-37.4018	-37.84
BLOCK00/SES009/SA009S15	SES099	-10.5393	-48.3793	-37.84
BLOCK00/SES009/SA009S15	SES148	-0.635651	-38.4756	-37.84
BLOCK00/SES009/SA009S15	SES172	-0.266705	-38.1067	-37.84
BLOCK00/SES009/SA009S24	SES146	-0.604919	-38.7644	-38.1595
BLOCK00/SES009/SA009S24	SES148	-0.84116	-39.0007	-38.1595
BLOCK00/SES009/SA009S24	SES177	-0.111668	-38.2712	-38.1595
BLOCK00/SES009/SA009S24	SES292	-0.494354	-38.6539	-38.1595
BLOCK00/SES009/SA009S26	SES083	-1.58276	-40.2478	-38.6651
BLOCK00/SES009/SA009S26	SES101	-1.6125	-40.2775	-38.6651
BLOCK00/SES009/SA009S26	SES120	-0.608406	-39.2735	-38.6651
BLOCK00/SES009/SA009S26	SES177	-0.257633	-38.9227	-38.6651
BLOCK00/SES009/SA009S29	SES083	-1.12422	-39.2036	-38.0794
BLOCK00/SES009/SA009S29	SES101	-1.26788	-39.3472	-38.0794
BLOCK00/SES009/SA009S29	SES177	0.0861244	-37.9932	-38.0794
BLOCK00/SES009/SA009S29	SES292	-0.825493	-38.9049	-38.0794
BLOCK01/SES011/SA011S10	SES019	-0.745144	-40.0952	-39.3501
BLOCK01/SES011/SA011S10	SES042	-0.862289	-40.2124	-39.3501
BLOCK01/SES011/SA011S10	SES082	-1.48186	-40.8319	-39.3501
BLOCK01/SES011/SA011S10	SES206	-1.0403	-40.3904	-39.3501
BLOCK01/SES011/SA011S11	SES019	-1.05555	-40.6515	-39.596
BLOCK01/SES011/SA011S11	SES042	-1.19356	-40.7895	-39.596
BLOCK01/SES011/SA011S11	SES082	-1.5351	-41.1311	-39.596
BLOCK01/SES011/SA011S11	SES206	-0.763489	-40.3595	-39.596
BLOCK01/SES011/SA011S22	SES019	-0.502731	-39.7003	-39.1976
BLOCK01/SES011/SA011S22	SES042	-1.4374	-40.635	-39.1976
BLOCK01/SES011/SA011S22	SES082	-1.20409	-40.4017	-39.1976
BLOCK01/SES011/SA011S22	SES206	-0.496326	-39.6939	-39.1976
BLOCK01/SES011/SA011S24	SES019	-0.998795	-39.6897	-38.6909
BLOCK01/SES011/SA011S24	SES042	-0.783272	-39.4742	-38.6909
BLOCK01/SES011/SA011S24	SES104	-1.21779	-39.9087	-38.6909
BLOCK01/SES011/SA011S24	SES206	0.0935707	-38.5973	-38.6909
BLOCK01/SES011/SA011S27	SES082	0.254333	-38.4684	-38.7227
BLOCK01/SES011/SA011S27	SES087	-1.24557	-39.9683	-38.7227
BLOCK01/SES011/SA011S27	SES125	-0.315018	-39.0378	-38.7227
BLOCK01/SES011/SA011S27	SES206	0.0168686	-38.7059	-38.7227
BLOCK01/SES012/SA012S11	SES007	-2.2636	-40.2685	-38.0049
BLOCK01/SES012/SA012S11	SES082	-0.933628	-38.9385	-38.0049
BLOCK01/SES012/SA012S11	SES083	-1.99841	-40.0033	-38.0049
BLOCK01/SES012/SA012S11	SES206	-0.701923	-38.7068	-38.0049
BLOCK01/SES012/SA012S14	SES082	-0.968109	-39.2478	-38.2797
BLOCK01/SES012/SA012S14	SES087	-1.73425	-40.014	-38.2797
BLOCK01/SES012/SA012S14	SES206	-0.734795	-39.0145	-38.2797
BLOCK01/SES012/SA012S14	SES292	-4.32859	-42.6083	-38.2797
BLOCK01/SES012/SA012S24	SES082	0.102501	-39.5166	-39.6191
BLOCK01/SES012/SA012S24	SES087	-0.832352	-40.4514	-39.6191
BLOCK01/SES012/SA012S24	SES120	-3.29511	-42.9142	-39.6191
BLOCK01/SES012/SA012S24	SES206	-0.33128	-39.9503	-39.6191
BLOCK01/SES012/SA012S26	SES019	-2.57881	-41.2458	-38.667
BLOCK01/SES012/SA012S26	SES082	-1.95402	-40.621	-38.667
BLOCK01/SES012/SA012S26	SES206	-0.143967	-38.8109	-38.667
BLOCK01/SES012/SA012S26	SES292	-3.16585	-41.8328	-38.667
BLOCK01/SES012/SA012S29	SES062	-1.96764	-40.1848	-38.2171
BLOCK01/SES012/SA012S29	SES082	-0.450783	-38.6679	-38.2171
BLOCK01/SES012/SA012S29	SES083	-2.27332	-40.4905	-38.2171
BLOCK01/SES012/SA012S29	SES206	-1.01875	-39.2359	-38.2171
BLOCK01/SES013/SA013S16	SES062	-3.86682	-42.8535	-38.9867
BLOCK01/SES013/SA013S16	SES106	-0.16729	-39.154	-38.9867
BLOCK01/SES013/SA013S16	SES206	-0.933384	-39.9201	-38.9867
BLOCK01/SES013/SA013S16	SES226	-0.197857	-39.1846	-38.9867
BLOCK01/SES013/SA013S17	SES062	-3.98143	-42.1207	-38.1392
BLOCK01/SES013/SA013S17	SES106	-0.226822	-38.3661	-38.1392
BLOCK01/SES013/SA013S17	SES206	-0.219227	-38.3585	-38.1392
BLOCK01/SES013/SA013S17	SES226	0.286045	-37.8532	-38.1392
BLOCK01/SES013/SA013S23	SES104	-1.11783	-40.3358	-39.218
BLOCK01/SES013/SA013S23	SES106	0.167721	-39.0503	-39.218
BLOCK01/SES013/SA013S23	SES206	-1.03774	-40.2557	-39.218
BLOCK01/SES013/SA013S23	SES270	-0.239716	-39.4577	-39.218
BLOCK01/SES013/SA013S25	SES042	-1.47799	-40.0866	-38.6086
BLOCK01/SES013/SA013S25	SES104	-0.841919	-39.4505	-38.6086
BLOCK01/SES013/SA013S25	SES106	-0.00715637	-38.6158	-38.6086
BLOCK01/SES013/SA013S25	SES206	-1.37579	-39.9844	-38.6086
BLOCK01/SES013/SA013S29	SES062	-3.67994	-42.9282	-39.2483
BLOCK01/SES013/SA013S29	SES104	-1.24474	-40.493	-39.2483
BLOCK01/SES013/SA013S29	SES106	0.167179	-39.0811	-39.2483
BLOCK01/SES013/SA013S29	SES206	-1.46472	-40.713	-39.2483
BLOCK02/SES021/SA021S13	SES016	-1.57733	-40.2162	-38.6388
BLOCK02/SES021/SA021S13	SES029	-1.21097	-39.8498	-38.6388
BLOCK02/SES021/SA021S13	SES087	-2.49053	-41.1294	-38.6388
BLOCK02/SES021/SA021S13	SES206	-1.00174	-39.6406	-38.6388
BLOCK02/SES021/SA021S15	SES087	-1.45134	-39.0792	-37.6279
BLOCK02/SES021/SA021S15	SES125	-0.40966	-38.0375	-37.6279
BLOCK02/SES021/SA021S15	SES206	-0.482227	-38.1101	-37.6279
BLOCK02/SES021/SA021S15	SES226	-0.744579	-38.3725	-37.6279
BLOCK02/SES021/SA021S23	SES062	-2.75156	-41.8635	-39.112
BLOCK02/SES021/SA021S23	SES087	-2.93329	-42.0453	-39.112
BLOCK02/SES021/SA021S23	SES206	-2.05984	-41.1718	-39.112
BLOCK02/SES021/SA021S23	SES226	-1.32423	-40.4362	-39.112
BLOCK02/SES021/SA021S27	SES002	-2.60161	-40.1322	-37.5306
BLOCK02/SES021/SA021S27	SES016	-3.10746	-40.638	-37.5306
BLOCK02/SES021/SA021S27	SES019	-2.24187	-39.7724	-37.5306
BLOCK02/SES021/SA021S27	SES062	-1.03553	-38.5661	-37.5306
BLOCK02/SES021/SA021S29	SES087	-2.88723	-40.7384	-37.8512
BLOCK02/SES021/SA021S29	SES125	-1.90623	-39.7574	-37.8512
BLOCK02/SES021/SA021S29	SES206	-1.38533	-39.2365	-37.8512
BLOCK02/SES021/SA021S29	SES226	-0.993195	-38.8444	-37.8512
BLOCK04/SES043/SA043S09	SES083	-0.942146	-40.6664	-39.7243
BLOCK04/SES043/SA043S09	SES101	-1.79121	-41.5155	-39.7243
BLOCK04/SES043/SA043S09	SES144	-0.0621109	-39.7864	-39.7243
BLOCK04/SES043/SA043S09	SES172	-2.25915	-41.9834	-39.7243
BLOCK04/SES043/SA043S11	SES083	-0.418064	-38.7282	-38.3101
BLOCK04/SES043/SA043S11	SES101	-1.07159	-39.3817	-38.3101
BLOCK04/SES043/SA043S11	SES144	-0.338051	-38.6482	-38.3101
BLOCK04/SES043/SA043S11	SES172	-0.780766	-39.0909	-38.3101
BLOCK04/SES043/SA043S23	SES083	-0.288383	-38.9618	-38.6734
BLOCK04/SES043/SA043S23	SES144	0.29789	-38.3755	-38.6734
BLOCK04/SES043/SA043S23	SES177	-1.27199	-39.9454	-38.6734
BLOCK04/SES043/SA043S23	SES275	-0.327103	-39.0005	-38.6734
BLOCK04/SES043/SA043S26	SES083	-0.609718	-39.5732	-38.9635
BLOCK04/SES043/SA043S26	SES101	-0.667152	-39.6306	-38.9635
BLOCK04/SES043/SA043S26	SES144	0.205036	-38.7584	-38.9635
BLOCK04/SES043/SA043S26	SES177	-0.90506	-39.8685	-38.9635
BLOCK04/SES043/SA043S28	SES016	-1.26397	-39.4275	-38.1636
BLOCK04/SES043/SA043S28	SES083	-0.328201	-38.4918	-38.1636
BLOCK04/SES043/SA043S28	SES101	-0.42971	-38.5933	-38.1636
BLOCK04/SES043/SA043S28	SES144	-0.304077	-38.4676	-38.1636
BLOCK04/SES044/SA044S10	SES127	-2.71745	-43.3751	-40.6577
BLOCK04/SES044/SA044S10	SES144	-0.387039	-41.0447	-40.6577
BLOCK04/SES044/SA044S10	SES147	-3.78036	-44.438	-40.6577
BLOCK04/SES044/SA044S10	SES148	-2.60273	-43.2604	-40.6577
BLOCK04/SES044/SA044S11	SES101	-1.69262	-41.7091	-40.0165
BLOCK04/SES044/SA044S11	SES144	0.280445	-39.7361	-40.0165
BLOCK04/SES044/SA044S11	SES147	-2.92834	-42.9448	-40.0165
BLOCK04/SES044/SA044S11	SES177	-1.7039	-41.7204	-40.0165
BLOCK04/SES044/SA044S24	SES007	-1.67689	-41.1811	-39.5042
BLOCK04/SES044/SA044S24	SES101	-1.30389	-40.8081	-39.5042
BLOCK04/SES044/SA044S24	SES147	-2.50985	-42.014	-39.5042
BLOCK04/SES044/SA044S24	SES177	-1.58296	-41.0871	-39.5042
BLOCK04/SES044/SA044S26	SES007	-1.11105	-40.4047	-39.2936
BLOCK04/SES044/SA044S26	SES016	-0.945343	-40.239	-39.2936
BLOCK04/SES044/SA044S26	SES101	-1.12483	-40.4184	-39.2936
BLOCK04/SES044/SA044S26	SES147	-1.18142	-40.475	-39.2936
BLOCK04/SES044/SA044S29	SES007	-1.39808	-39.727	-38.3289
BLOCK04/SES044/SA044S29	SES101	-0.957134	-39.286	-38.3289
BLOCK04/SES044/SA044S29	SES147	-2.1377	-40.4666	-38.3289
BLOCK04/SES044/SA044S29	SES177	-1.4204	-39.7493	-38.3289
BLOCK04/SES046/SA046S13	SES101	-2.55107	-41.9688	-39.4177
BLOCK04/SES046/SA046S13	SES144	-0.538879	-39.9566	-39.4177
BLOCK04/SES046/SA046S13	SES147	-2.87815	-42.2959	-39.4177
BLOCK04/SES046/SA046S13	SES177	-1.3436	-40.7613	-39.4177
BLOCK04/SES046/SA046S15	SES048	-1.26274	-39.0017	-37.7389
BLOCK04/SES046/SA046S15	SES083	-0.430946	-38.1699	-37.7389
BLOCK04/SES046/SA046S15	SES120	-2.41343	-40.1524	-37.7389
BLOCK04/SES046/SA046S15	SES148	-0.984947	-38.7239	-37.7389
BLOCK04/SES046/SA046S22	SES101	-1.10072	-40.1471	-39.0464
BLOCK04/SES046/SA046S22	SES144	-0.800583	-39.8469	-39.0464
BLOCK04/SES046/SA046S22	SES147	-3.54396	-42.5903	-39.0464
BLOCK04/SES046/SA046S22	SES172	-0.546482	-39.5928	-39.0464
BLOCK04/SES046/SA046S25	SES083	-1.04249	-39.5344	-38.4919
BLOCK04/SES046/SA046S25	SES127	-1.12513	-39.617	-38.4919
BLOCK04/SES046/SA046S25	SES144	-1.05299	-39.5449	-38.4919
BLOCK04/SES046/SA046S25	SES148	-0.806499	-39.2984	-38.4919
BLOCK04/SES046/SA046S28	SES007	-1.67715	-41.0584	-39.3812
BLOCK04/SES046/SA046S28	SES105	-1.06517	-40.4464	-39.3812
BLOCK04/SES046/SA046S28	SES147	-2.00531	-41.3865	-39.3812
BLOCK04/SES046/SA046S28	SES148	-0.86594	-40.2471	-39.3812
BLOCK04/SES049/SA049S16	SES104	-1.88294	-41.7663	-39.8833
BLOCK04/SES049/SA049S16	SES106	-1.08666	-40.97	-39.8833
BLOCK04/SES049/SA049S16	SES120	-3.13148	-43.0148	-39.8833
BLOCK04/SES049/SA049S16	SES206	-1.15213	-41.0355	-39.8833
BLOCK04/SES049/SA049S18	SES099	-0.189713	-41.2989	-41.1092
BLOCK04/SES049/SA049S18	SES104	-1.76203	-42.8712	-41.1092
BLOCK04/SES049/SA049S18	SES125	-2.26944	-43.3786	-41.1092
BLOCK04/SES049/SA049S18	SES206	-1.57762	-42.6868	-41.1092
BLOCK04/SES049/SA049S25	SES087	-1.05584	-41.1387	-40.0829
BLOCK04/SES049/SA049S25	SES104	-1.28925	-41.3721	-40.0829
BLOCK04/SES049/SA049S25	SES125	-1.83128	-41.9142	-40.0829
BLOCK04/SES049/SA049S25	SES206	-1.08335	-41.1662	-40.0829
BLOCK04/SES049/SA049S27	SES099	-0.808586	-39.8265	-39.018
BLOCK04/SES049/SA049S27	SES104	-0.809322	-39.8273	-39.018
BLOCK04/SES049/SA049S27	SES125	-1.26363	-40.2816	-39.018
BLOCK04/SES049/SA049S27	SES206	-1.22567	-40.2436	-39.018
BLOCK04/SES049/SA049S29	SES099	-0.187603	-38.6265	-38.4389
BLOCK04/SES049/SA049S29	SES104	-0.0914841	-38.5304	-38.4389
BLOCK04/SES049/SA049S29	SES125	-0.918858	-39.3578	-38.4389
BLOCK04/SES049/SA049S29	SES206	-0.210758	-38.6497	-38.4389
BLOCK06/SES063/SA063S09	SES068	-1.0479	-39.8594	-38.8115
BLOCK06/SES063/SA063S09	SES083	-0.24123	-39.0528	-38.8115
BLOCK06/SES063/SA063S09	SES177	-0.789799	-39.6013	-38.8115
BLOCK06/SES063/SA063S09	SES187	-1.05037	-39.8619	-38.8115
BLOCK06/SES063/SA063S10	SES068	-1.68321	-40.5822	-38.899
BLOCK06/SES063/SA063S10	SES083	-0.350224	-39.2492	-38.899
BLOCK06/SES063/SA063S10	SES172	-0.663647	-39.5626	-38.899
BLOCK06/SES063/SA063S10	SES187	-0.820892	-39.7198	-38.899
BLOCK06/SES063/SA063S20	SES068	-1.31512	-40.195	-38.8798
BLOCK06/SES063/SA063S20	SES083	-0.401592	-39.2814	-38.8798
BLOCK06/SES063/SA063S20	SES172	-0.287941	-39.1678	-38.8798
BLOCK06/SES063/SA063S20	SES187	-0.30909	-39.1889	-38.8798
BLOCK06/SES063/SA063S24	SES029	-2.4915	-40.806	-38.3145
BLOCK06/SES063/SA063S24	SES083	0.409405	-37.9051	-38.3145
BLOCK06/SES063/SA063S24	SES177	-0.169109	-38.4836	-38.3145
BLOCK06/SES063/SA063S24	SES189	-0.958923	-39.2735	-38.3145
BLOCK06/SES063/SA063S27	SES083	-0.153526	-39.3635	-39.21
BLOCK06/SES063/SA063S27	SES172	0.122353	-39.0876	-39.21
BLOCK06/SES063/SA063S27	SES187	-1.10518	-40.3152	-39.21
BLOCK06/SES063/SA063S27	SES292	-0.466991	-39.677	-39.21
BLOCK06/SES067/SA067S12	SES083	-1.65494	-40.0001	-38.3451
BLOCK06/SES067/SA067S12	SES172	-1.1212	-39.4663	-38.3451
BLOCK06/SES067/SA067S12	SES202	0.284515	-38.0606	-38.3451
BLOCK06/SES067/SA067S12	SES292	-1.21174	-39.5569	-38.3451
BLOCK06/SES067/SA067S14	SES085	-0.878147	-38.7235	-37.8453
BLOCK06/SES067/SA067S14	SES177	-1.25148	-39.0968	-37.8453
BLOCK06/SES067/SA067S14	SES183	-1.11252	-38.9578	-37.8453
BLOCK06/SES067/SA067S14	SES202	-0.340229	-38.1856	-37.8453
BLOCK06/SES067/SA067S21	SES144	-1.02359	-40.1698	-39.1462
BLOCK06/SES067/SA067S21	SES177	-0.392212	-39.5384	-39.1462
BLOCK06/SES067/SA067S21	SES183	-1.22836	-40.3745	-39.1462
BLOCK06/SES067/SA067S21	SES189	-0.282326	-39.4285	-39.1462
BLOCK06/SES067/SA067S25	SES085	-0.888397	-39.6802	-38.7918
BLOCK06/SES067/SA067S25	SES177	-0.891068	-39.6828	-38.7918
BLOCK06/SES067/SA067S25	SES183	-0.665665	-39.4574	-38.7918
BLOCK06/SES067/SA067S25	SES202	-0.150993	-38.9428	-38.7918
BLOCK06/SES067/SA067S29	SES085	-0.43943	-39.1091	-38.6697
BLOCK06/SES067/SA067S29	SES177	-0.892754	-39.5624	-38.6697
BLOCK06/SES067/SA067S29	SES183	-0.652691	-39.3224	-38.6697
BLOCK06/SES067/SA067S29	SES202	0.989388	-37.6803	-38.6697
BLOCK06/SES069/SA069S12	SES029	-1.42538	-40.3538	-38.9284
BLOCK06/SES069/SA069S12	SES082	-0.808395	-39.7368	-38.9284
BLOCK06/SES069/SA069S12	SES087	-2.383	-41.3114	-38.9284
BLOCK06/SES069/SA069S12	SES206	-1.83997	-40.7684	-38.9284
BLOCK06/SES069/SA069S13	SES029	-2.33558	-40.7119	-38.3764
BLOCK06/SES069/SA069S13	SES087	-2.4567	-40.8331	-38.3764
BLOCK06/SES069/SA069S13	SES206	-2.01795	-40.3943	-38.3764
BLOCK06/SES069/SA069S13	SES226	-0.864681	-39.241	-38.3764
BLOCK06/SES069/SA069S23	SES029	-0.71785	-38.1245	-37.4066
BLOCK06/SES069/SA069S23	SES087	-3.38377	-40.7904	-37.4066
BLOCK06/SES069/SA069S23	SES206	-2.62415	-40.0308	-37.4066
BLOCK06/SES069/SA069S23	SES226	-0.88422	-38.2909	-37.4066
BLOCK06/SES069/SA069S25	SES087	-1.54933	-39.2003	-37.651
BLOCK06/SES069/SA069S25	SES206	-1.88458	-39.5355	-37.651
BLOCK06/SES069/SA069S25	SES226	-0.646591	-38.2975	-37.651
BLOCK06/SES069/SA069S25	SES270	-1.02932	-38.6803	-37.651
BLOCK06/SES069/SA069S27	SES087	-2.73038	-40.7592	-38.0288
BLOCK06/SES069/SA069S27	SES206	-1.19645	-39.2253	-38.0288
BLOCK06/SES069/SA069S27	SES226	-0.718246	-38.7471	-38.0288
BLOCK06/SES069/SA069S27	SES270	-0.815285	-38.8441	-38.0288
BLOCK08/SES081/SA081S11	SES060	-0.895611	-39.5012	-38.6055
BLOCK08/SES081/SA081S11	SES062	-1.98518	-40.5907	-38.6055
BLOCK08/SES081/SA081S11	SES117	-2.07719	-40.6827	-38.6055
BLOCK08/SES081/SA081S11	SES162	-1.57588	-40.1814	-38.6055
BLOCK08/SES081/SA081S13	SES016	-1.11314	-39.0254	-37.9123
BLOCK08/SES081/SA081S13	SES060	0.138477	-37.7738	-37.9123
BLOCK08/SES081/SA081S13	SES068	-0.152317	-38.0646	-37.9123
BLOCK08/SES081/SA081S13	SES129	-1.1056	-39.0179	-37.9123
BLOCK08/SES081/SA081S24	SES060	-0.421856	-38.6488	-38.227
BLOCK08/SES081/SA081S24	SES068	0.111565	-38.1154	-38.227
BLOCK08/SES081/SA081S24	SES117	-1.48744	-39.7144	-38.227
BLOCK08/SES081/SA081S24	SES275	-1.09449	-39.3215	-38.227
BLOCK08/SES081/SA081S27	SES007	-0.0624466	-38.7116	-38.6492
BLOCK08/SES081/SA081S27	SES060	-0.78347	-39.4327	-38.6492
BLOCK08/SES081/SA081S27	SES117	-0.488564	-39.1378	-38.6492
BLOCK08/SES081/SA081S27	SES275	-0.607391	-39.2566	-38.6492
BLOCK08/SES081/SA081S29	SES007	0.00783539	-38.143	-38.1509
BLOCK08/SES081/SA081S29	SES060	-0.345592	-38.4965	-38.1509
BLOCK08/SES081/SA081S29	SES117	-1.30552	-39.4564	-38.1509
BLOCK08/SES081/SA081S29	SES275	-0.992184	-39.1431	-38.1509
BLOCK08/SES086/SA086S11	SES029	-4.8824	-45.0609	-40.1785
BLOCK08/SES086/SA086S11	SES082	-1.10065	-41.2792	-40.1785
BLOCK08/SES086/SA086S11	SES087	-0.494968	-40.6735	-40.1785
BLOCK08/SES086/SA086S11	SES206	-1.63854	-41.8171	-40.1785
BLOCK08/SES086/SA086S12	SES029	-4.26522	-44.0081	-39.7429
BLOCK08/SES086/SA086S12	SES082	-1.68444	-41.4274	-39.7429
BLOCK08/SES086/SA086S12	SES087	0.49004	-39.2529	-39.7429
BLOCK08/SES086/SA086S12	SES206	-0.572411	-40.3153	-39.7429
BLOCK08/SES086/SA086S20	SES029	-3.55016	-41.9959	-38.4457
BLOCK08/SES086/SA086S20	SES082	-1.31627	-39.762	-38.4457
BLOCK08/SES086/SA086S20	SES087	0.817032	-37.6287	-38.4457
BLOCK08/SES086/SA086S20	SES206	0.148994	-38.2967	-38.4457
BLOCK08/SES086/SA086S24	SES087	0.508087	-39.2348	-39.7429
BLOCK08/SES086/SA086S24	SES104	-1.27749	-41.0204	-39.7429
BLOCK08/SES086/SA086S24	SES120	-3.54858	-43.2915	-39.7429
BLOCK08/SES086/SA086S24	SES206	0.109657	-39.6332	-39.7429
BLOCK08/SES086/SA086S28	SES029	-3.10743	-41.5846	-38.4772
BLOCK08/SES086/SA086S28	SES082	-1.18357	-39.6608	-38.4772
BLOCK08/SES086/SA086S28	SES087	0.242962	-38.2342	-38.4772
BLOCK08/SES086/SA086S28	SES206	-0.415897	-38.8931	-38.4772
BLOCK08/SES089/SA089S13	SES087	-2.80308	-42.0886	-39.2855
BLOCK08/SES089/SA089S13	SES206	-2.56652	-41.8521	-39.2855
BLOCK08/SES089/SA089S13	SES226	-1.37375	-40.6593	-39.2855
BLOCK08/SES089/SA089S13	SES270	-2.54761	-41.8331	-39.2855
BLOCK08/SES089/SA089S14	SES062	-1.72953	-40.7952	-39.0657
BLOCK08/SES089/SA089S14	SES087	-0.817081	-39.8827	-39.0657
BLOCK08/SES089/SA089S14	SES206	-0.834053	-39.8997	-39.0657
BLOCK08/SES089/SA089S14	SES226	-0.432354	-39.498	-39.0657
BLOCK08/SES089/SA089S23	SES087	-2.57729	-42.334	-39.7567
BLOCK08/SES089/SA089S23	SES206	-1.9775	-41.7342	-39.7567
BLOCK08/SES089/SA089S23	SES226	-1.14816	-40.9049	-39.7567
BLOCK08/SES089/SA089S23	SES270	-2.55237	-42.3091	-39.7567
BLOCK08/SES089/SA089S25	SES062	-2.69318	-41.9097	-39.2165
BLOCK08/SES089/SA089S25	SES087	-1.58874	-40.8052	-39.2165
BLOCK08/SES089/SA089S25	SES206	-2.00386	-41.2203	-39.2165
BLOCK08/SES089/SA089S25	SES226	-0.622334	-39.8388	-39.2165
BLOCK08/SES089/SA089S28	SES062	-2.0193	-40.4835	-38.4642
BLOCK08/SES089/SA089S28	SES087	-1.30481	-39.769	-38.4642
BLOCK08/SES089/SA089S28	SES206	-1.07354	-39.5377	-38.4642
BLOCK08/SES089/SA089S28	SES226	-0.739265	-39.2034	-38.4642
BLOCK09/SES097/SA097S11	SES099	0.102722	-39.5926	-39.6953
BLOCK09/SES097/SA097S11	SES125	-1.93565	-41.631	-39.6953
BLOCK09/SES097/SA097S11	SES206	-0.92683	-40.6221	-39.6953
BLOCK09/SES097/SA097S11	SES226	0.349041	-39.3463	-39.6953
BLOCK09/SES097/SA097S14	SES062	-2.66835	-42.1865	-39.5182
BLOCK09/SES097/SA097S14	SES099	-0.964508	-40.4827	-39.5182
BLOCK09/SES097/SA097S14	SES104	-1.56462	-41.0828	-39.5182
BLOCK09/SES097/SA097S14	SES206	-1.47644	-40.9946	-39.5182
BLOCK09/SES097/SA097S22	SES099	-0.198849	-39.806	-39.6072
BLOCK09/SES097/SA097S22	SES206	-1.14616	-40.7533	-39.6072
BLOCK09/SES097/SA097S22	SES226	-0.628456	-40.2356	-39.6072
BLOCK09/SES097/SA097S22	SES270	0.577274	-39.0299	-39.6072
BLOCK09/SES097/SA097S26	SES099	-0.617912	-39.9482	-39.3303
BLOCK09/SES097/SA097S26	SES120	-2.54359	-41.8739	-39.3303
BLOCK09/SES097/SA097S26	SES206	-1.00183	-40.3322	-39.3303
BLOCK09/SES097/SA097S26	SES226	-1.01831	-40.3486	-39.3303
BLOCK09/SES097/SA097S28	SES099	-1.13062	-40.3809	-39.2503
BLOCK09/SES097/SA097S28	SES120	-1.87552	-41.1258	-39.2503
BLOCK09/SES097/SA097S28	SES206	-1.87667	-41.127	-39.2503
BLOCK09/SES097/SA097S28	SES226	-1.12525	-40.3755	-39.2503
BLOCK09/SES098/SA098S11	SES127	-1.94606	-41.8263	-39.8803
BLOCK09/SES098/SA098S11	SES144	-0.794155	-40.6744	-39.8803
BLOCK09/SES098/SA098S11	SES147	-1.27591	-41.1562	-39.8803
BLOCK09/SES098/SA098S11	SES148	-2.10477	-41.985	-39.8803
BLOCK09/SES098/SA098S12	SES127	-3.84775	-44.9201	-41.0724
BLOCK09/SES098/SA098S12	SES144	-0.89716	-41.9695	-41.0724
BLOCK09/SES098/SA098S12	SES147	-2.51027	-43.5826	-41.0724
BLOCK09/SES098/SA098S12	SES189	-0.90406	-41.9764	-41.0724
BLOCK09/SES098/SA098S20	SES127	-3.40698	-44.0792	-40.6722
BLOCK09/SES098/SA098S20	SES147	-1.92393	-42.5962	-40.6722
BLOCK09/SES098/SA098S20	SES148	-2.29842	-42.9707	-40.6722
BLOCK09/SES098/SA098S20	SES292	-3.50087	-44.1731	-40.6722
BLOCK09/SES098/SA098S23	SES127	-1.30816	-41.156	-39.8478
BLOCK09/SES098/SA098S23	SES147	-1.69528	-41.5431	-39.8478
BLOCK09/SES098/SA098S23	SES187	-0.061348	-39.9092	-39.8478
BLOCK09/SES098/SA098S23	SES292	-0.918453	-40.7663	-39.8478
BLOCK09/SES098/SA098S27	SES127	-2.01189	-41.7583	-39.7464
BLOCK09/SES098/SA098S27	SES147	-2.69281	-42.4392	-39.7464
BLOCK09/SES098/SA098S27	SES148	-2.5042	-42.2506	-39.7464
BLOCK09/SES098/SA098S27	SES292	-1.47728	-41.2237	-39.7464
BLOCK10/SES102/SA102S13	SES101	-0.0192375	-40.1206	-40.1014
BLOCK10/SES102/SA102S13	SES105	-1.12556	-41.227	-40.1014
BLOCK10/SES102/SA102S13	SES120	-0.500877	-40.6023	-40.1014
BLOCK10/SES102/SA102S13	SES158	-4.56049	-44.6619	-40.1014
BLOCK10/SES102/SA102S14	SES007	-0.178864	-38.5381	-38.3592
BLOCK10/SES102/SA102S14	SES101	-0.0106926	-38.3699	-38.3592
BLOCK10/SES102/SA102S14	SES105	-0.203972	-38.5632	-38.3592
BLOCK10/SES102/SA102S14	SES147	-2.05226	-40.4115	-38.3592
BLOCK10/SES102/SA102S22	SES007	-0.609585	-39.1589	-38.5493
BLOCK10/SES102/SA102S22	SES101	0.100082	-38.4492	-38.5493
BLOCK10/SES102/SA102S22	SES105	-0.145638	-38.695	-38.5493
BLOCK10/SES102/SA102S22	SES158	-3.54161	-42.0909	-38.5493
BLOCK10/SES102/SA102S25	SES007	-0.407204	-39.2978	-38.8906
BLOCK10/SES102/SA102S25	SES101	0.49316	-38.3974	-38.8906
BLOCK10/SES102/SA102S25	SES105	-0.516739	-39.4073	-38.8906
BLOCK10/SES102/SA102S25	SES147	-2.23522	-41.1258	-38.8906
BLOCK10/SES102/SA102S27	SES007	-0.606991	-39.697	-39.09
BLOCK10/SES102/SA102S27	SES101	-0.188145	-39.2781	-39.09
BLOCK10/SES102/SA102S27	SES105	-0.884663	-39.9746	-39.09
BLOCK10/SES102/SA102S27	SES147	-2.01133	-41.1013	-39.09
BLOCK10/SES103/SA103S14	SES105	-2.51601	-42.624	-40.108
BLOCK10/SES103/SA103S14	SES106	-0.272663	-40.3806	-40.108
BLOCK10/SES103/SA103S14	SES120	-3.24618	-43.3541	-40.108
BLOCK10/SES103/SA103S14	SES206	-1.7663	-41.8743	-40.108
BLOCK10/SES103/SA103S15	SES099	-0.980213	-41.907	-40.9268
BLOCK10/SES103/SA103S15	SES101	-3.15739	-44.0842	-40.9268
BLOCK10/SES103/SA103S15	SES104	-1.33688	-42.2637	-40.9268
BLOCK10/SES103/SA103S15	SES125	-1.47654	-42.4034	-40.9268
BLOCK10/SES103/SA103S24	SES104	-1.34282	-40.9925	-39.6497
BLOCK10/SES103/SA103S24	SES125	-1.56838	-41.2181	-39.6497
BLOCK10/SES103/SA103S24	SES148	-3.22555	-42.8752	-39.6497
BLOCK10/SES103/SA103S24	SES158	-0.617325	-40.267	-39.6497
BLOCK10/SES103/SA103S26	SES104	-1.80997	-41.8348	-40.0248
BLOCK10/SES103/SA103S26	SES106	-0.901745	-40.9265	-40.0248
BLOCK10/SES103/SA103S26	SES125	-1.41269	-41.4375	-40.0248
BLOCK10/SES103/SA103S26	SES148	-3.7612	-43.786	-40.0248
BLOCK10/SES103/SA103S28	SES104	-2.45603	-42.6043	-40.1482
BLOCK10/SES103/SA103S28	SES106	-1.60672	-41.755	-40.1482
BLOCK10/SES103/SA103S28	SES125	-2.62686	-42.7751	-40.1482
BLOCK10/SES103/SA103S28	SES206	-2.67262	-42.8209	-40.1482
BLOCK12/SES121/SA121S12	SES042	-2.43801	-43.5456	-41.1076
BLOCK12/SES121/SA121S12	SES087	-1.24201	-42.3496	-41.1076
BLOCK12/SES121/SA121S12	SES105	-1.38623	-42.4938	-41.1076
BLOCK12/SES121/SA121S12	SES206	-1.15775	-42.2653	-41.1076
BLOCK12/SES121/SA121S14	SES007	-3.12494	-44.4959	-41.3709
BLOCK12/SES121/SA121S14	SES105	-2.61358	-43.9845	-41.3709
BLOCK12/SES121/SA121S14	SES106	-0.864712	-42.2357	-41.3709
BLOCK12/SES121/SA121S14	SES206	-1.10226	-42.4732	-41.3709
BLOCK12/SES121/SA121S23	SES105	-2.26108	-43.8286	-41.5675
BLOCK12/SES121/SA121S23	SES106	-0.628239	-42.1957	-41.5675
BLOCK12/SES121/SA121S23	SES120	-2.58065	-44.1481	-41.5675
BLOCK12/SES121/SA121S23	SES206	-0.0851097	-41.6526	-41.5675
BLOCK12/SES121/SA121S25	SES007	-2.34922	-44.571	-42.2217
BLOCK12/SES121/SA121S25	SES105	-3.03642	-45.2582	-42.2217
BLOCK12/SES121/SA121S25	SES106	-0.86356	-43.0853	-42.2217
BLOCK12/SES121/SA121S25	SES206	-1.32854	-43.5503	-42.2217
BLOCK12/SES121/SA121S27	SES087	-0.0479279	-40.9364	-40.8885
BLOCK12/SES121/SA121S27	SES105	-3.91336	-44.8019	-40.8885
BLOCK12/SES121/SA121S27	SES120	-2.40155	-43.2901	-40.8885
BLOCK12/SES121/SA121S27	SES206	-0.404636	-41.2931	-40.8885
BLOCK12/SES124/SA124S16	SES042	-0.174503	-38.595	-38.4205
BLOCK12/SES124/SA124S16	SES082	-0.0332527	-38.4537	-38.4205
BLOCK12/SES124/SA124S16	SES183	-4.16864	-42.5891	-38.4205
BLOCK12/SES124/SA124S16	SES206	-0.352383	-38.7729	-38.4205
BLOCK12/SES124/SA124S17	SES105	-3.5267	-43.2971	-39.7704
BLOCK12/SES124/SA124S17	SES149	-1.82396	-41.5943	-39.7704
BLOCK12/SES124/SA124S17	SES158	-2.51931	-42.2897	-39.7704
BLOCK12/SES124/SA124S17	SES275	-4.31201	-44.0824	-39.7704
BLOCK12/SES124/SA124S23	SES105	-2.83578	-40.3326	-37.4969
BLOCK12/SES124/SA124S23	SES125	0.326538	-37.1703	-37.4969
BLOCK12/SES124/SA124S23	SES129	-3.2406	-40.7375	-37.4969
BLOCK12/SES124/SA124S23	SES158	-0.718967	-38.2158	-37.4969
BLOCK12/SES124/SA124S26	SES105	-3.40651	-41.9959	-38.5894
BLOCK12/SES124/SA124S26	SES125	0.445526	-38.1439	-38.5894
BLOCK12/SES124/SA124S26	SES129	-4.22362	-42.813	-38.5894
BLOCK12/SES124/SA124S26	SES158	-1.11176	-39.7012	-38.5894
BLOCK12/SES124/SA124S28	SES104	-0.277557	-38.748	-38.4704
BLOCK12/SES124/SA124S28	SES106	-0.211315	-38.6818	-38.4704
BLOCK12/SES124/SA124S28	SES125	0.409264	-38.0612	-38.4704
BLOCK12/SES124/SA124S28	SES275	-3.83167	-42.3021	-38.4704
BLOCK12/SES126/SA126S13	SES007	-0.720425	-40.6551	-39.9347
BLOCK12/SES126/SA126S13	SES162	-1.83379	-41.7685	-39.9347
BLOCK12/SES126/SA126S13	SES177	-0.870327	-40.805	-39.9347
BLOCK12/SES126/SA126S13	SES180	-1.95679	-41.8915	-39.9347
BLOCK12/SES126/SA126S14	SES144	-0.404819	-38.8605	-38.4557
BLOCK12/SES126/SA126S14	SES148	-1.20226	-39.658	-38.4557
BLOCK12/SES126/SA126S14	SES177	-0.124332	-38.5801	-38.4557
BLOCK12/SES126/SA126S14	SES180	-1.14056	-39.5963	-38.4557
BLOCK12/SES126/SA126S20	SES007	-0.916489	-39.906	-38.9895
BLOCK12/SES126/SA126S20	SES162	-1.34356	-40.3331	-38.9895
BLOCK12/SES126/SA126S20	SES172	-2.00705	-40.9966	-38.9895
BLOCK12/SES126/SA126S20	SES180	-2.06664	-41.0562	-38.9895
BLOCK12/SES126/SA126S24	SES120	-0.734013	-39.5656	-38.8315
BLOCK12/SES126/SA126S24	SES162	-1.3492	-40.1807	-38.8315
BLOCK12/SES126/SA126S24	SES177	-0.132912	-38.9645	-38.8315
BLOCK12/SES126/SA126S24	SES180	-0.79575	-39.6273	-38.8315
BLOCK12/SES126/SA126S26	SES120	-0.676743	-40.4023	-39.7255
BLOCK12/SES126/SA126S26	SES177	-0.501232	-40.2268	-39.7255
BLOCK12/SES126/SA126S26	SES180	-0.796822	-40.5224	-39.7255
BLOCK12/SES126/SA126S26	SES202	-0.937061	-40.6626	-39.7255
BLOCK12/SES128/SA128S10	SES087	-2.69511	-41.6312	-38.9361
BLOCK12/SES128/SA128S10	SES206	-1.96237	-40.8985	-38.9361
BLOCK12/SES128/SA128S10	SES226	-0.59024	-39.5264	-38.9361
BLOCK12/SES128/SA128S10	SES270	-0.899227	-39.8353	-38.9361
BLOCK12/SES128/SA128S12	SES120	-2.12555	-40.919	-38.7935
BLOCK12/SES128/SA128S12	SES158	-1.31033	-40.1038	-38.7935
BLOCK12/SES128/SA128S12	SES206	-1.48694	-40.2804	-38.7935
BLOCK12/SES128/SA128S12	SES226	-1.28739	-40.0809	-38.7935
BLOCK12/SES128/SA128S21	SES106	-3.63155	-43.9995	-40.368
BLOCK12/SES128/SA128S21	SES120	-1.43764	-41.8056	-40.368
BLOCK12/SES128/SA128S21	SES206	-3.96179	-44.3298	-40.368
BLOCK12/SES128/SA128S21	SES226	-3.33638	-43.7043	-40.368
BLOCK12/SES128/SA128S24	SES087	-4.00541	-43.4278	-39.4224
BLOCK12/SES128/SA128S24	SES120	-0.563953	-39.9863	-39.4224
BLOCK12/SES128/SA128S24	SES206	-2.8353	-42.2577	-39.4224
BLOCK12/SES128/SA128S24	SES226	-2.04524	-41.4676	-39.4224
BLOCK12/SES128/SA128S27	SES099	-2.43637	-41.1553	-38.7189
BLOCK12/SES128/SA128S27	SES120	-1.01666	-39.7356	-38.7189
BLOCK12/SES128/SA128S27	SES206	-2.34976	-41.0687	-38.7189
BLOCK12/SES128/SA128S27	SES226	-0.911076	-39.63	-38.7189
BLOCK13/SES130/SA130S13	SES143	-1.40275	-42.0214	-40.6187
BLOCK13/SES130/SA130S13	SES144	0.000831604	-40.6179	-40.6187
BLOCK13/SES130/SA130S13	SES146	0.0218811	-40.5968	-40.6187
BLOCK13/SES130/SA130S13	SES275	-2.43634	-43.055	-40.6187
BLOCK13/SES130/SA130S15	SES143	-1.63209	-40.5971	-38.965
BLOCK13/SES130/SA130S15	SES144	0.0655251	-38.8995	-38.965
BLOCK13/SES130/SA130S15	SES146	0.107121	-38.8579	-38.965
BLOCK13/SES130/SA130S15	SES275	-0.913593	-39.8786	-38.965
BLOCK13/SES130/SA130S23	SES127	-1.20712	-41.7758	-40.5687
BLOCK13/SES130/SA130S23	SES144	-0.820435	-41.3891	-40.5687
BLOCK13/SES130/SA130S23	SES146	0.182198	-40.3865	-40.5687
BLOCK13/SES130/SA130S23	SES162	0.339584	-40.2291	-40.5687
BLOCK13/SES130/SA130S25	SES127	-0.747643	-39.7773	-39.0297
BLOCK13/SES130/SA130S25	SES144	-0.0760117	-39.1057	-39.0297
BLOCK13/SES130/SA130S25	SES146	-0.179668	-39.2094	-39.0297
BLOCK13/SES130/SA130S25	SES275	-0.65657	-39.6863	-39.0297
BLOCK13/SES130/SA130S28	SES127	-0.423038	-39.5998	-39.1768
BLOCK13/SES130/SA130S28	SES144	-0.0768509	-39.2536	-39.1768
BLOCK13/SES130/SA130S28	SES146	-0.380783	-39.5576	-39.1768
BLOCK13/SES130/SA130S28	SES275	-0.179226	-39.356	-39.1768
BLOCK13/SES131/SA131S13	SES002	-2.34414	-43.539	-41.1949
BLOCK13/SES131/SA131S13	SES007	-4.88163	-46.0765	-41.1949
BLOCK13/SES131/SA131S13	SES099	-1.62782	-42.8227	-41.1949
BLOCK13/SES131/SA131S13	SES105	-2.87051	-44.0654	-41.1949
BLOCK13/SES131/SA131S14	SES104	-0.386593	-40.1342	-39.7476
BLOCK13/SES131/SA131S14	SES106	0.298382	-39.4492	-39.7476
BLOCK13/SES131/SA131S14	SES125	-1.41473	-41.1623	-39.7476
BLOCK13/SES131/SA131S14	SES148	-3.05997	-42.8076	-39.7476
BLOCK13/SES131/SA131S20	SES104	-1.53411	-41.715	-40.1809
BLOCK13/SES131/SA131S20	SES106	-0.35323	-40.5341	-40.1809
BLOCK13/SES131/SA131S20	SES125	-1.13508	-41.316	-40.1809
BLOCK13/SES131/SA131S20	SES148	-4.33731	-44.5182	-40.1809
BLOCK13/SES131/SA131S22	SES099	-0.564789	-39.7502	-39.1854
BLOCK13/SES131/SA131S22	SES104	-1.57098	-40.7564	-39.1854
BLOCK13/SES131/SA131S22	SES125	-1.26429	-40.4497	-39.1854
BLOCK13/SES131/SA131S22	SES206	-1.41133	-40.5967	-39.1854
BLOCK13/SES131/SA131S29	SES087	-0.660629	-40.7838	-40.1232
BLOCK13/SES131/SA131S29	SES104	-1.66105	-41.7843	-40.1232
BLOCK13/SES131/SA131S29	SES125	-1.60881	-41.732	-40.1232
BLOCK13/SES131/SA131S29	SES206	-1.2393	-41.3625	-40.1232
BLOCK13/SES132/SA132S11	SES083	-1.58522	-40.2518	-38.6666
BLOCK13/SES132/SA132S11	SES120	0.00906372	-38.6575	-38.6666
BLOCK13/SES132/SA132S11	SES127	-0.833866	-39.5004	-38.6666
BLOCK13/SES132/SA132S11	SES275	-0.729134	-39.3957	-38.6666
BLOCK13/SES132/SA132S12	SES083	-1.22399	-39.1885	-37.9645
BLOCK13/SES132/SA132S12	SES143	-1.6054	-39.5699	-37.9645
BLOCK13/SES132/SA132S12	SES144	-0.451458	-38.4159	-37.9645
BLOCK13/SES132/SA132S12	SES148	-0.717129	-38.6816	-37.9645
BLOCK13/SES132/SA132S22	SES062	0.114811	-38.209	-38.3238
BLOCK13/SES132/SA132S22	SES083	-1.1124	-39.4362	-38.3238
BLOCK13/SES132/SA132S22	SES127	-0.693924	-39.0178	-38.3238
BLOCK13/SES132/SA132S22	SES275	-0.42474	-38.7486	-38.3238
BLOCK13/SES132/SA132S24	SES007	-0.104309	-38.2708	-38.1665
BLOCK13/SES132/SA132S24	SES083	-1.47041	-39.6369	-38.1665
BLOCK13/SES132/SA132S24	SES127	-1.2277	-39.3942	-38.1665
BLOCK13/SES132/SA132S24	SES275	-0.491039	-38.6575	-38.1665
BLOCK13/SES132/SA132S27	SES083	-1.665	-40.5478	-38.8828
BLOCK13/SES132/SA132S27	SES120	0.236069	-38.6467	-38.8828
BLOCK13/SES132/SA132S27	SES127	-1.47329	-40.3561	-38.8828
BLOCK13/SES132/SA132S27	SES275	-1.10765	-39.9904	-38.8828
BLOCK14/SES141/SA141S09	SES143	-0.830559	-39.5669	-38.7364
BLOCK14/SES141/SA141S09	SES144	-0.502048	-39.2384	-38.7364
BLOCK14/SES141/SA141S09	SES162	-0.807339	-39.5437	-38.7364
BLOCK14/SES141/SA141S09	SES180	-0.921642	-39.658	-38.7364
BLOCK14/SES141/SA141S15	SES127	-0.778522	-39.5978	-38.8193
BLOCK14/SES141/SA141S15	SES144	-0.943394	-39.7627	-38.8193
BLOCK14/SES141/SA141S15	SES162	-0.933689	-39.753	-38.8193
BLOCK14/SES141/SA141S15	SES180	-0.60955	-39.4288	-38.8193
BLOCK14/SES141/SA141S24	SES127	-0.517986	-38.9933	-38.4753
BLOCK14/SES141/SA141S24	SES144	-0.693127	-39.1684	-38.4753
BLOCK14/SES141/SA141S24	SES162	-0.960518	-39.4358	-38.4753
BLOCK14/SES141/SA141S24	SES183	-1.68114	-40.1564	-38.4753
BLOCK14/SES141/SA141S26	SES142	-0.675735	-40.0116	-39.3358
BLOCK14/SES141/SA141S26	SES144	-0.655022	-39.9909	-39.3358
BLOCK14/SES141/SA141S26	SES172	-0.781631	-40.1175	-39.3358
BLOCK14/SES141/SA141S26	SES180	-0.807259	-40.1431	-39.3358
BLOCK14/SES141/SA141S29	SES127	0.254818	-38.1564	-38.4112
BLOCK14/SES141/SA141S29	SES142	0.00802231	-38.4032	-38.4112
BLOCK14/SES141/SA141S29	SES144	-0.47506	-38.8862	-38.4112
BLOCK14/SES141/SA141S29	SES180	-0.150013	-38.5612	-38.4112
BLOCK15/SES157/SA157S08	SES083	-2.48223	-41.7053	-39.2231
BLOCK15/SES157/SA157S08	SES127	-0.976471	-40.1996	-39.2231
BLOCK15/SES157/SA157S08	SES148	-1.1883	-40.4114	-39.2231
BLOCK15/SES157/SA157S08	SES292	-1.76733	-40.9904	-39.2231
BLOCK15/SES157/SA157S11	SES083	-2.0963	-41.41	-39.3137
BLOCK15/SES157/SA157S11	SES127	-0.949345	-40.2631	-39.3137
BLOCK15/SES157/SA157S11	SES148	-0.989571	-40.3033	-39.3137
BLOCK15/SES157/SA157S11	SES292	-1.80427	-41.118	-39.3137
BLOCK15/SES157/SA157S21	SES127	-0.858719	-39.6709	-38.8122
BLOCK15/SES157/SA157S21	SES148	-0.528927	-39.3411	-38.8122
BLOCK15/SES157/SA157S21	SES158	-4.8851	-43.6973	-38.8122
BLOCK15/SES157/SA157S21	SES292	-0.882534	-39.6947	-38.8122
BLOCK15/SES157/SA157S24	SES127	-0.264404	-39.1375	-38.8731
BLOCK15/SES157/SA157S24	SES148	-0.849483	-39.7226	-38.8731
BLOCK15/SES157/SA157S24	SES183	-1.32069	-40.1938	-38.8731
BLOCK15/SES157/SA157S24	SES292	-1.265	-40.1381	-38.8731
BLOCK15/SES157/SA157S26	SES007	-0.0564384	-38.6899	-38.6334
BLOCK15/SES157/SA157S26	SES127	-0.283302	-38.9167	-38.6334
BLOCK15/SES157/SA157S26	SES147	-3.14822	-41.7817	-38.6334
BLOCK15/SES157/SA157S26	SES148	-1.0815	-39.715	-38.6334
BLOCK16/SES161/SA161S10	SES007	-1.76612	-41.9251	-40.1589
BLOCK16/SES161/SA161S10	SES105	-1.60649	-41.7654	-40.1589
BLOCK16/SES161/SA161S10	SES158	-1.9519	-42.1108	-40.1589
BLOCK16/SES161/SA161S10	SES275	-1.8258	-41.9847	-40.1589
BLOCK16/SES161/SA161S12	SES007	-1.78507	-41.4785	-39.6935
BLOCK16/SES161/SA161S12	SES105	-2.24935	-41.9428	-39.6935
BLOCK16/SES161/SA161S12	SES158	-1.44728	-41.1407	-39.6935
BLOCK16/SES161/SA161S12	SES275	-1.80336	-41.4968	-39.6935
BLOCK16/SES161/SA161S20	SES007	-2.36011	-42.9827	-40.6226
BLOCK16/SES161/SA161S20	SES105	-2.68732	-43.31	-40.6226
BLOCK16/SES161/SA161S20	SES158	-1.7911	-42.4137	-40.6226
BLOCK16/SES161/SA161S20	SES275	-3.05766	-43.6803	-40.6226
BLOCK16/SES161/SA161S23	SES007	-1.85765	-41.4376	-39.5799
BLOCK16/SES161/SA161S23	SES105	-1.23531	-40.8152	-39.5799
BLOCK16/SES161/SA161S23	SES148	-1.7071	-41.287	-39.5799
BLOCK16/SES161/SA161S23	SES158	-0.855621	-40.4355	-39.5799
BLOCK16/SES161/SA161S28	SES007	-2.81214	-42.8082	-39.9961
BLOCK16/SES161/SA161S28	SES105	-2.50977	-42.5058	-39.9961
BLOCK16/SES161/SA161S28	SES158	-1.0734	-41.0695	-39.9961
BLOCK16/SES161/SA161S28	SES206	-1.93792	-41.934	-39.9961
BLOCK16/SES164/SA164S11	SES104	-1.70054	-40.669	-38.9685
BLOCK16/SES164/SA164S11	SES125	-0.564167	-39.5327	-38.9685
BLOCK16/SES164/SA164S11	SES158	-0.397976	-39.3665	-38.9685
BLOCK16/SES164/SA164S11	SES206	-1.85607	-40.8246	-38.9685
BLOCK16/SES164/SA164S13	SES099	-1.04206	-41.0677	-40.0256
BLOCK16/SES164/SA164S13	SES104	-1.56626	-41.5919	-40.0256
BLOCK16/SES164/SA164S13	SES125	-1.45582	-41.4814	-40.0256
BLOCK16/SES164/SA164S13	SES206	-2.01533	-42.041	-40.0256
BLOCK16/SES164/SA164S24	SES002	-0.290985	-39.9053	-39.6143
BLOCK16/SES164/SA164S24	SES099	-0.24247	-39.8568	-39.6143
BLOCK16/SES164/SA164S24	SES125	-1.28866	-40.903	-39.6143
BLOCK16/SES164/SA164S24	SES226	0.0535393	-39.5608	-39.6143
BLOCK16/SES164/SA164S27	SES087	-1.49014	-41.5399	-40.0497
BLOCK16/SES164/SA164S27	SES125	-0.690746	-40.7405	-40.0497
BLOCK16/SES164/SA164S27	SES206	-1.33266	-41.3824	-40.0497
BLOCK16/SES164/SA164S27	SES226	-0.400696	-40.4504	-40.0497
BLOCK16/SES164/SA164S29	SES002	0.00205994	-39.6415	-39.6436
BLOCK16/SES164/SA164S29	SES019	-1.16978	-40.8134	-39.6436
BLOCK16/SES164/SA164S29	SES125	-0.834362	-40.4779	-39.6436
BLOCK16/SES164/SA164S29	SES226	-0.696243	-40.3398	-39.6436
BLOCK16/SES169/SA169S13	SES117	-0.771828	-39.764	-38.9922
BLOCK16/SES169/SA169S13	SES144	-0.421635	-39.4138	-38.9922
BLOCK16/SES169/SA169S13	SES146	-0.684975	-39.6772	-38.9922
BLOCK16/SES169/SA169S13	SES162	-0.753246	-39.7454	-38.9922
BLOCK16/SES169/SA169S14	SES144	-0.0402145	-38.02	-37.9798
BLOCK16/SES169/SA169S14	SES148	-0.113956	-38.0938	-37.9798
BLOCK16/SES169/SA169S14	SES177	-0.485733	-38.4655	-37.9798
BLOCK16/SES169/SA169S14	SES180	-1.05902	-39.0388	-37.9798
BLOCK16/SES169/SA169S24	SES117	-0.561588	-40.5578	-39.9962
BLOCK16/SES169/SA169S24	SES144	0.04533	-39.9509	-39.9962
BLOCK16/SES169/SA169S24	SES146	-0.513973	-40.5102	-39.9962
BLOCK16/SES169/SA169S24	SES162	-0.483898	-40.4801	-39.9962
BLOCK16/SES169/SA169S27	SES127	-0.503555	-39.1546	-38.6511
BLOCK16/SES169/SA169S27	SES129	-0.880844	-39.5319	-38.6511
BLOCK16/SES169/SA169S27	SES144	-0.305885	-38.9569	-38.6511
BLOCK16/SES169/SA169S27	SES146	-0.0038681	-38.6549	-38.6511
BLOCK16/SES169/SA169S29	SES144	0.0604706	-37.8977	-37.9582
BLOCK16/SES169/SA169S29	SES162	-0.240379	-38.1986	-37.9582
BLOCK16/SES169/SA169S29	SES177	-1.05521	-39.0134	-37.9582
BLOCK16/SES169/SA169S29	SES180	-0.287334	-38.2455	-37.9582
BLOCK17/SES171/SA171S12	SES083	-1.19948	-40.7305	-39.5311
BLOCK17/SES171/SA171S12	SES148	-1.3871	-40.9182	-39.5311
BLOCK17/SES171/SA171S12	SES172	-0.921188	-40.4522	-39.5311
BLOCK17/SES171/SA171S12	SES292	-2.19357	-41.7246	-39.5311
BLOCK17/SES171/SA171S15	SES148	-0.908081	-41.4528	-40.5447
BLOCK17/SES171/SA171S15	SES177	-1.23805	-41.7828	-40.5447
BLOCK17/SES171/SA171S15	SES180	-3.67264	-44.2174	-40.5447
BLOCK17/SES171/SA171S15	SES292	-3.58532	-44.1301	-40.5447
BLOCK17/SES171/SA171S22	SES007	-0.927486	-39.7864	-38.8589
BLOCK17/SES171/SA171S22	SES148	-1.11592	-39.9749	-38.8589
BLOCK17/SES171/SA171S22	SES177	-0.360031	-39.219	-38.8589
BLOCK17/SES171/SA171S22	SES180	-1.90416	-40.7631	-38.8589
BLOCK17/SES171/SA171S25	SES101	-2.27326	-42.2038	-39.9305
BLOCK17/SES171/SA171S25	SES120	-2.18759	-42.1181	-39.9305
BLOCK17/SES171/SA171S25	SES177	-0.753452	-40.684	-39.9305
BLOCK17/SES171/SA171S25	SES180	-2.67984	-42.6104	-39.9305
BLOCK17/SES171/SA171S27	SES177	-0.468166	-39.7466	-39.2784
BLOCK17/SES171/SA171S27	SES180	-2.07378	-41.3522	-39.2784
BLOCK17/SES171/SA171S27	SES189	-0.871578	-40.15	-39.2784
BLOCK17/SES171/SA171S27	SES292	-1.91541	-41.1938	-39.2784
BLOCK17/SES173/SA173S13	SES162	-2.21906	-42.2775	-40.0584
BLOCK17/SES173/SA173S13	SES177	-1.30818	-41.3666	-40.0584
BLOCK17/SES173/SA173S13	SES180	-2.2677	-42.3261	-40.0584
BLOCK17/SES173/SA173S13	SES292	-0.82021	-40.8786	-40.0584
BLOCK17/SES173/SA173S14	SES007	-1.46921	-41.5876	-40.1184
BLOCK17/SES173/SA173S14	SES162	-1.76892	-41.8873	-40.1184
BLOCK17/SES173/SA173S14	SES177	-0.999893	-41.1183	-40.1184
BLOCK17/SES173/SA173S14	SES180	-2.89351	-43.0119	-40.1184
BLOCK17/SES173/SA173S24	SES144	-1.10794	-41.6465	-40.5386
BLOCK17/SES173/SA173S24	SES162	-2.21757	-42.7562	-40.5386
BLOCK17/SES173/SA173S24	SES177	-0.829533	-41.3681	-40.5386
BLOCK17/SES173/SA173S24	SES180	-2.51839	-43.057	-40.5386
BLOCK17/SES173/SA173S27	SES162	-3.00325	-42.856	-39.8528
BLOCK17/SES173/SA173S27	SES177	-1.28823	-41.141	-39.8528
BLOCK17/SES173/SA173S27	SES180	-1.85077	-41.7035	-39.8528
BLOCK17/SES173/SA173S27	SES292	-1.15636	-41.0091	-39.8528
BLOCK17/SES173/SA173S29	SES162	-1.66884	-41.6527	-39.9838
BLOCK17/SES173/SA173S29	SES175	-0.819149	-40.803	-39.9838
BLOCK17/SES173/SA173S29	SES177	-1.23193	-41.2158	-39.9838
BLOCK17/SES173/SA173S29	SES292	-2.44578	-42.4296	-39.9838
BLOCK18/SES182/SA182S10	SES144	-0.433987	-39.5534	-39.1194
BLOCK18/SES182/SA182S10	SES177	-0.925594	-40.045	-39.1194
BLOCK18/SES182/SA182S10	SES180	-1.48728	-40.6067	-39.1194
BLOCK18/SES182/SA182S10	SES275	-0.134571	-39.254	-39.1194
BLOCK18/SES182/SA182S12	SES144	-0.255432	-38.7263	-38.4708
BLOCK18/SES182/SA182S12	SES177	-0.583603	-39.0544	-38.4708
BLOCK18/SES182/SA182S12	SES180	-0.911392	-39.3822	-38.4708
BLOCK18/SES182/SA182S12	SES275	-0.55827	-39.0291	-38.4708
BLOCK18/SES182/SA182S21	SES117	-1.11258	-40.5273	-39.4148
BLOCK18/SES182/SA182S21	SES144	-0.285355	-39.7001	-39.4148
BLOCK18/SES182/SA182S21	SES162	-0.606869	-40.0216	-39.4148
BLOCK18/SES182/SA182S21	SES180	-1.21053	-40.6253	-39.4148
BLOCK18/SES182/SA182S23	SES117	-1.34505	-40.8256	-39.4806
BLOCK18/SES182/SA182S23	SES144	-0.749744	-40.2303	-39.4806
BLOCK18/SES182/SA182S23	SES180	-1.20792	-40.6885	-39.4806
BLOCK18/SES182/SA182S23	SES275	-0.158752	-39.6394	-39.4806
BLOCK18/SES182/SA182S25	SES007	0.486374	-38.587	-39.0733
BLOCK18/SES182/SA182S25	SES162	-0.517387	-39.5907	-39.0733
BLOCK18/SES182/SA182S25	SES177	-0.643726	-39.7171	-39.0733
BLOCK18/SES182/SA182S25	SES180	-0.999432	-40.0728	-39.0733
BLOCK18/SES184/SA184S12	SES177	-1.44787	-41.0673	-39.6195
BLOCK18/SES184/SA184S12	SES180	-1.74409	-41.3635	-39.6195
BLOCK18/SES184/SA184S12	SES189	-0.82024	-40.4397	-39.6195
BLOCK18/SES184/SA184S12	SES292	-0.923164	-40.5426	-39.6195
BLOCK18/SES184/SA184S13	SES101	-1.69488	-40.7897	-39.0948
BLOCK18/SES184/SA184S13	SES177	-0.755512	-39.8504	-39.0948
BLOCK18/SES184/SA184S13	SES180	-1.11639	-40.2112	-39.0948
BLOCK18/SES184/SA184S13	SES292	-0.953327	-40.0482	-39.0948
BLOCK18/SES184/SA184S22	SES177	-1.04355	-39.4312	-38.3876
BLOCK18/SES184/SA184S22	SES180	-1.00513	-39.3928	-38.3876
BLOCK18/SES184/SA184S22	SES189	-1.69315	-40.0808	-38.3876
BLOCK18/SES184/SA184S22	SES292	-1.0044	-39.392	-38.3876
BLOCK18/SES184/SA184S25	SES101	-1.37701	-39.3985	-38.0215
BLOCK18/SES184/SA184S25	SES177	-1.12772	-39.1492	-38.0215
BLOCK18/SES184/SA184S25	SES180	-0.58744	-38.6089	-38.0215
BLOCK18/SES184/SA184S25	SES292	-0.407032	-38.4285	-38.0215
BLOCK18/SES184/SA184S27	SES083	-1.13322	-39.7147	-38.5815
BLOCK18/SES184/SA184S27	SES177	-0.636726	-39.2182	-38.5815
BLOCK18/SES184/SA184S27	SES202	-0.69875	-39.2803	-38.5815
BLOCK18/SES184/SA184S27	SES292	-0.552456	-39.134	-38.5815
BLOCK20/SES204/SA204S12	SES062	-1.96585	-40.6354	-38.6695
BLOCK20/SES204/SA204S12	SES083	-2.21462	-40.8841	-38.6695
BLOCK20/SES204/SA204S12	SES206	-0.770504	-39.44	-38.6695
BLOCK20/SES204/SA204S12	SES226	-1.49188	-40.1614	-38.6695
BLOCK20/SES204/SA204S14	SES068	-2.07612	-39.9056	-37.8295
BLOCK20/SES204/SA204S14	SES087	-0.972321	-38.8018	-37.8295
BLOCK20/SES204/SA204S14	SES206	-1.49989	-39.3294	-37.8295
BLOCK20/SES204/SA204S14	SES226	-1.37003	-39.1995	-37.8295
BLOCK20/SES204/SA204S22	SES068	-2.865	-41.7622	-38.8972
BLOCK20/SES204/SA204S22	SES082	-2.62742	-41.5246	-38.8972
BLOCK20/SES204/SA204S22	SES083	-2.45478	-41.3519	-38.8972
BLOCK20/SES204/SA204S22	SES206	-1.14371	-40.0409	-38.8972
BLOCK20/SES204/SA204S25	SES062	-3.06586	-42.0679	-39.0021
BLOCK20/SES204/SA204S25	SES083	-2.71122	-41.7133	-39.0021
BLOCK20/SES204/SA204S25	SES206	-0.608402	-39.6105	-39.0021
BLOCK20/SES204/SA204S25	SES226	-1.30909	-40.3111	-39.0021
BLOCK20/SES204/SA204S27	SES068	-3.17373	-42.1761	-39.0024
BLOCK20/SES204/SA204S27	SES082	-1.91792	-40.9203	-39.0024
BLOCK20/SES204/SA204S27	SES087	-0.795837	-39.7982	-39.0024
BLOCK20/SES204/SA204S27	SES206	-0.678211	-39.6806	-39.0024
BLOCK20/SES207/SA207S10	SES127	-0.547474	-39.4744	-38.9269
BLOCK20/SES207/SA207S10	SES183	-1.34172	-40.2686	-38.9269
BLOCK20/SES207/SA207S10	SES189	-1.07878	-40.0057	-38.9269
BLOCK20/SES207/SA207S10	SES292	-1.22678	-40.1537	-38.9269
BLOCK20/SES207/SA207S11	SES127	-2.17512	-41.1932	-39.0181
BLOCK20/SES207/SA207S11	SES183	-1.43292	-40.451	-39.0181
BLOCK20/SES207/SA207S11	SES187	-0.441914	-39.46	-39.0181
BLOCK20/SES207/SA207S11	SES292	-1.68174	-40.6998	-39.0181
BLOCK20/SES207/SA207S25	SES068	-0.609436	-40.1032	-39.4937
BLOCK20/SES207/SA207S25	SES083	-1.90686	-41.4006	-39.4937
BLOCK20/SES207/SA207S25	SES127	-0.515461	-40.0092	-39.4937
BLOCK20/SES207/SA207S25	SES187	-0.391342	-39.8851	-39.4937
BLOCK20/SES207/SA207S27	SES127	-1.0451	-41.1236	-40.0785
BLOCK20/SES207/SA207S27	SES183	-0.797901	-40.8764	-40.0785
BLOCK20/SES207/SA207S27	SES187	-0.805447	-40.8839	-40.0785
BLOCK20/SES207/SA207S27	SES292	-1.80529	-41.8838	-40.0785
BLOCK20/SES207/SA207S29	SES083	-2.02027	-41.4935	-39.4732
BLOCK20/SES207/SA207S29	SES085	-0.823494	-40.2967	-39.4732
BLOCK20/SES207/SA207S29	SES172	-0.457821	-39.9311	-39.4732
BLOCK20/SES207/SA207S29	SES189	-1.50953	-40.9828	-39.4732
BLOCK22/SES221/SA221S12	SES068	-1.82439	-41.0066	-39.1822
BLOCK22/SES221/SA221S12	SES143	-1.29122	-40.4734	-39.1822
BLOCK22/SES221/SA221S12	SES175	-0.493	-39.6752	-39.1822
BLOCK22/SES221/SA221S12	SES202	-0.352005	-39.5342	-39.1822
BLOCK22/SES221/SA221S15	SES085	-1.72511	-41.5224	-39.7973
BLOCK22/SES221/SA221S15	SES143	-2.19735	-41.9946	-39.7973
BLOCK22/SES221/SA221S15	SES175	-1.12887	-40.9261	-39.7973
BLOCK22/SES221/SA221S15	SES187	-0.317257	-40.1145	-39.7973
BLOCK22/SES221/SA221S23	SES068	-1.10429	-40.2218	-39.1175
BLOCK22/SES221/SA221S23	SES143	-1.95615	-41.0736	-39.1175
BLOCK22/SES221/SA221S23	SES175	-0.292397	-39.4099	-39.1175
BLOCK22/SES221/SA221S23	SES189	-0.0556908	-39.1732	-39.1175
BLOCK22/SES221/SA221S27	SES085	-0.766979	-40.3312	-39.5642
BLOCK22/SES221/SA221S27	SES143	-1.2338	-40.798	-39.5642
BLOCK22/SES221/SA221S27	SES175	-0.600281	-40.1645	-39.5642
BLOCK22/SES221/SA221S27	SES189	0.389088	-39.1751	-39.5642
BLOCK22/SES221/SA221S29	SES085	-1.44487	-41.7715	-40.3266
BLOCK22/SES221/SA221S29	SES143	-1.4504	-41.777	-40.3266
BLOCK22/SES221/SA221S29	SES175	-0.65984	-40.9864	-40.3266
BLOCK22/SES221/SA221S29	SES187	-0.175835	-40.5024	-40.3266
BLOCK22/SES223/SA223S11	SES143	-0.924297	-41.0718	-40.1475
BLOCK22/SES223/SA223S11	SES144	-1.73996	-41.8874	-40.1475
BLOCK22/SES223/SA223S11	SES175	-0.47673	-40.6242	-40.1475
BLOCK22/SES223/SA223S11	SES187	-0.62991	-40.7774	-40.1475
BLOCK22/SES223/SA223S13	SES068	-2.17005	-42.7714	-40.6013
BLOCK22/SES223/SA223S13	SES143	-2.10119	-42.7025	-40.6013
BLOCK22/SES223/SA223S13	SES146	-2.41421	-43.0155	-40.6013
BLOCK22/SES223/SA223S13	SES202	-1.45151	-42.0528	-40.6013
BLOCK22/SES223/SA223S22	SES143	-1.14082	-41.1088	-39.968
BLOCK22/SES223/SA223S22	SES144	-1.20195	-41.1699	-39.968
BLOCK22/SES223/SA223S22	SES175	-0.916286	-40.8843	-39.968
BLOCK22/SES223/SA223S22	SES187	-0.169777	-40.1377	-39.968
BLOCK22/SES223/SA223S25	SES068	-1.10819	-41.0965	-39.9883
BLOCK22/SES223/SA223S25	SES143	-1.45746	-41.4457	-39.9883
BLOCK22/SES223/SA223S25	SES175	-0.426334	-40.4146	-39.9883
BLOCK22/SES223/SA223S25	SES187	-0.574902	-40.5632	-39.9883
BLOCK22/SES223/SA223S27	SES143	-0.767548	-41.0087	-40.2411
BLOCK22/SES223/SA223S27	SES146	-1.02809	-41.2692	-40.2411
BLOCK22/SES223/SA223S27	SES187	-0.29216	-40.5333	-40.2411
BLOCK22/SES223/SA223S27	SES292	-2.07267	-42.3138	-40.2411
BLOCK27/SES273/SA273S12	SES099	-0.422371	-38.2576	-37.8352
BLOCK27/SES273/SA273S12	SES104	-0.645134	-38.4804	-37.8352
BLOCK27/SES273/SA273S12	SES125	-0.620972	-38.4562	-37.8352
BLOCK27/SES273/SA273S12	SES206	-0.418495	-38.2537	-37.8352
BLOCK27/SES273/SA273S13	SES099	-1.3732	-38.9645	-37.5913
BLOCK27/SES273/SA273S13	SES104	-1.12139	-38.7127	-37.5913
BLOCK27/SES273/SA273S13	SES206	-1.2617	-38.853	-37.5913
BLOCK27/SES273/SA273S13	SES292	-3.99541	-41.5867	-37.5913
BLOCK27/SES273/SA273S21	SES099	0.0684814	-38.2405	-38.3089
BLOCK27/SES273/SA273S21	SES148	-2.61615	-40.9251	-38.3089
BLOCK27/SES273/SA273S21	SES149	-0.926632	-39.2356	-38.3089
BLOCK27/SES273/SA273S21	SES177	-3.37866	-41.6876	-38.3089
BLOCK27/SES273/SA273S25	SES104	-1.05902	-39.0133	-37.9543
BLOCK27/SES273/SA273S25	SES125	-0.757217	-38.7115	-37.9543
BLOCK27/SES273/SA273S25	SES158	-0.244789	-38.1991	-37.9543
BLOCK27/SES273/SA273S25	SES206	0.0761528	-37.8781	-37.9543
BLOCK27/SES273/SA273S27	SES099	-0.61227	-38.0545	-37.4422
BLOCK27/SES273/SA273S27	SES104	-1.06992	-38.5121	-37.4422
BLOCK27/SES273/SA273S27	SES149	-0.516659	-37.9589	-37.4422
BLOCK27/SES273/SA273S27	SES275	-1.77095	-39.2132	-37.4422
BLOCK27/SES274/SA274S10	SES105	-1.58907	-39.6054	-38.0163
BLOCK27/SES274/SA274S10	SES125	-0.726559	-38.7429	-38.0163
BLOCK27/SES274/SA274S10	SES129	-0.771862	-38.7882	-38.0163
BLOCK27/SES274/SA274S10	SES158	-1.00837	-39.0247	-38.0163
BLOCK27/SES274/SA274S11	SES105	-1.93787	-39.9979	-38.06
BLOCK27/SES274/SA274S11	SES149	-0.650166	-38.7102	-38.06
BLOCK27/SES274/SA274S11	SES158	-1.17635	-39.2364	-38.06
BLOCK27/SES274/SA274S11	SES275	-2.21425	-40.2743	-38.06
BLOCK27/SES274/SA274S21	SES105	-1.66399	-40.1478	-38.4838
BLOCK27/SES274/SA274S21	SES129	-1.08642	-39.5702	-38.4838
BLOCK27/SES274/SA274S21	SES149	-0.468338	-38.9522	-38.4838
BLOCK27/SES274/SA274S21	SES158	-2.45876	-40.9426	-38.4838
BLOCK27/SES274/SA274S24	SES105	-1.90297	-40.5778	-38.6748
BLOCK27/SES274/SA274S24	SES129	-1.60768	-40.2825	-38.6748
BLOCK27/SES274/SA274S24	SES149	-0.510433	-39.1852	-38.6748
BLOCK27/SES274/SA274S24	SES158	-2.08194	-40.7567	-38.6748
BLOCK27/SES274/SA274S29	SES105	-1.98323	-40.176	-38.1928
BLOCK27/SES274/SA274S29	SES106	-1.716	-39.9088	-38.1928
BLOCK27/SES274/SA274S29	SES120	-1.83654	-40.0294	-38.1928
BLOCK27/SES274/SA274S29	SES275	-1.65219	-39.845	-38.1928
BLOCK27/SES276/SA276S16	SES148	-1.10922	-40.2563	-39.1471
BLOCK27/SES276/SA276S16	SES172	-0.909798	-40.0569	-39.1471
BLOCK27/SES276/SA276S16	SES180	-1.66909	-40.8162	-39.1471
BLOCK27/SES276/SA276S16	SES292	-0.983158	-40.1302	-39.1471
BLOCK27/SES276/SA276S17	SES101	-1.79057	-40.762	-38.9714
BLOCK27/SES276/SA276S17	SES177	-1.13174	-40.1032	-38.9714
BLOCK27/SES276/SA276S17	SES180	-1.28882	-40.2602	-38.9714
BLOCK27/SES276/SA276S17	SES292	-1.18694	-40.1584	-38.9714
BLOCK27/SES276/SA276S24	SES101	-1.19959	-39.4406	-38.241
BLOCK27/SES276/SA276S24	SES177	-0.946545	-39.1876	-38.241
BLOCK27/SES276/SA276S24	SES180	-1.25372	-39.4947	-38.241
BLOCK27/SES276/SA276S24	SES292	-1.28355	-39.5246	-38.241
BLOCK27/SES276/SA276S26	SES101	-1.87113	-40.4314	-38.5603
BLOCK27/SES276/SA276S26	SES177	-0.589947	-39.1502	-38.5603
BLOCK27/SES276/SA276S26	SES180	-0.733177	-39.2935	-38.5603
BLOCK27/SES276/SA276S26	SES292	-0.226494	-38.7868	-38.5603
BLOCK27/SES276/SA276S28	SES101	-1.9528	-40.7821	-38.8293
BLOCK27/SES276/SA276S28	SES177	-1.84186	-40.6712	-38.8293
BLOCK27/SES276/SA276S28	SES180	-0.731804	-39.5611	-38.8293
BLOCK27/SES276/SA276S28	SES292	-1.35931	-40.1886	-38.8293
BLOCK27/SES277/SA277S12	SES101	-1.02523	-40.5894	-39.5642
BLOCK27/SES277/SA277S12	SES177	-0.957386	-40.5216	-39.5642
BLOCK27/SES277/SA277S12	SES180	-1.73991	-41.3041	-39.5642
BLOCK27/SES277/SA277S12	SES292	-1.94427	-41.5084	-39.5642
BLOCK27/SES277/SA277S14	SES177	-0.833843	-40.5526	-39.7187
BLOCK27/SES277/SA277S14	SES180	-1.92308	-41.6418	-39.7187
BLOCK27/SES277/SA277S14	SES189	-0.852531	-40.5713	-39.7187
BLOCK27/SES277/SA277S14	SES292	-2.21016	-41.9289	-39.7187
BLOCK27/SES277/SA277S21	SES177	-0.451611	-39.4236	-38.972
BLOCK27/SES277/SA277S21	SES180	-1.4335	-40.4055	-38.972
BLOCK27/SES277/SA277S21	SES189	-0.695015	-39.667	-38.972
BLOCK27/SES277/SA277S21	SES292	-2.1218	-41.0938	-38.972
BLOCK27/SES277/SA277S24	SES144	-0.977554	-40.8518	-39.8742
BLOCK27/SES277/SA277S24	SES177	-0.637352	-40.5116	-39.8742
BLOCK27/SES277/SA277S24	SES180	-2.10502	-41.9793	-39.8742
BLOCK27/SES277/SA277S24	SES189	-1.06708	-40.9413	-39.8742
BLOCK27/SES277/SA277S29	SES177	-0.195229	-37.9661	-37.7709
BLOCK27/SES277/SA277S29	SES180	-0.70837	-38.4792	-37.7709
BLOCK27/SES277/SA277S29	SES202	-0.547489	-38.3184	-37.7709
BLOCK27/SES277/SA277S29	SES292	-1.53505	-39.3059	-37.7709
BLOCK27/SES279/SA279S09	SES120	-0.691936	-39.1595	-38.4676
BLOCK27/SES279/SA279S09	SES146	-1.07347	-39.541	-38.4676
BLOCK27/SES279/SA279S09	SES206	-2.74379	-41.2113	-38.4676
BLOCK27/SES279/SA279S09	SES226	-2.00793	-40.4755	-38.4676
BLOCK27/SES279/SA279S10	SES099	-2.73116	-41.3154	-38.5843
BLOCK27/SES279/SA279S10	SES206	-2.2665	-40.8508	-38.5843
BLOCK27/SES279/SA279S10	SES226	-1.94644	-40.5307	-38.5843
BLOCK27/SES279/SA279S10	SES292	-1.4165	-40.0008	-38.5843
BLOCK27/SES279/SA279S20	SES099	-3.93225	-43.1474	-39.2152
BLOCK27/SES279/SA279S20	SES206	-2.43583	-41.651	-39.2152
BLOCK27/SES279/SA279S20	SES226	-2.89666	-42.1118	-39.2152
BLOCK27/SES279/SA279S20	SES292	-0.568531	-39.7837	-39.2152
BLOCK27/SES279/SA279S26	SES099	-3.66053	-42.575	-38.9145
BLOCK27/SES279/SA279S26	SES206	-2.38322	-41.2977	-38.9145
BLOCK27/SES279/SA279S26	SES226	-2.34591	-41.2604	-38.9145
BLOCK27/SES279/SA279S26	SES292	-1.25273	-40.1672	-38.9145
BLOCK27/SES279/SA279S28	SES099	-3.53797	-40.9407	-37.4028
BLOCK27/SES279/SA279S28	SES120	-0.736946	-38.1397	-37.4028
BLOCK27/SES279/SA279S28	SES177	-1.54236	-38.9451	-37.4028
BLOCK27/SES279/SA279S28	SES206	-2.75743	-40.1602	-37.4028
BLOCK29/SES290/SA290S12	SES162	-0.700653	-39.0374	-38.3367
BLOCK29/SES290/SA290S12	SES177	-0.885498	-39.2222	-38.3367
BLOCK29/SES290/SA290S12	SES180	-1.38057	-39.7173	-38.3367
BLOCK29/SES290/SA290S12	SES292	-1.68979	-40.0265	-38.3367
BLOCK29/SES290/SA290S13	SES007	-0.942104	-39.8134	-38.8713
BLOCK29/SES290/SA290S13	SES162	-1.70263	-40.5739	-38.8713
BLOCK29/SES290/SA290S13	SES177	-0.385532	-39.2568	-38.8713
BLOCK29/SES290/SA290S13	SES180	-1.58058	-40.4519	-38.8713
BLOCK29/SES290/SA290S22	SES177	-0.887325	-39.2046	-38.3172
BLOCK29/SES290/SA290S22	SES180	-1.19496	-39.5122	-38.3172
BLOCK29/SES290/SA290S22	SES202	-0.711853	-39.0291	-38.3172
BLOCK29/SES290/SA290S22	SES292	-1.44823	-39.7655	-38.3172
BLOCK29/SES290/SA290S25	SES162	-0.956173	-39.1021	-38.1459
BLOCK29/SES290/SA290S25	SES177	-0.307804	-38.4537	-38.1459
BLOCK29/SES290/SA290S25	SES180	-0.953953	-39.0999	-38.1459
BLOCK29/SES290/SA290S25	SES292	-0.890408	-39.0364	-38.1459
BLOCK29/SES290/SA290S29	SES177	-0.272999	-38.462	-38.189
BLOCK29/SES290/SA290S29	SES180	-0.649197	-38.8382	-38.189
BLOCK29/SES290/SA290S29	SES275	-0.827927	-39.017	-38.189
BLOCK29/SES290/SA290S29	SES292	-0.516525	-38.7056	-38.189
BLOCK29/SES291/SA291S11	SES105	-3.90184	-42.9956	-39.0937
BLOCK29/SES291/SA291S11	SES125	-0.679256	-39.773	-39.0937
BLOCK29/SES291/SA291S11	SES158	-1.25335	-40.3471	-39.0937
BLOCK29/SES291/SA291S11	SES275	-4.51883	-43.6125	-39.0937
BLOCK29/SES291/SA291S12	SES158	-0.678078	-39.2744	-38.5963
BLOCK29/SES291/SA291S12	SES226	-1.32839	-39.9247	-38.5963
BLOCK29/SES291/SA291S12	SES270	-0.0724602	-38.6687	-38.5963
BLOCK29/SES291/SA291S12	SES275	-5.09507	-43.6913	-38.5963
BLOCK29/SES291/SA291S22	SES082	-0.688286	-39.3323	-38.644
BLOCK29/SES291/SA291S22	SES158	-1.0033	-39.6473	-38.644
BLOCK29/SES291/SA291S22	SES259	-1.10072	-39.7447	-38.644
BLOCK29/SES291/SA291S22	SES275	-3.67275	-42.3168	-38.644
BLOCK29/SES291/SA291S24	SES104	-0.40823	-38.3326	-37.9243
BLOCK29/SES291/SA291S24	SES125	0.13932	-37.785	-37.9243
BLOCK29/SES291/SA291S24	SES158	-0.90036	-38.8247	-37.9243
BLOCK29/SES291/SA291S24	SES275	-3.86699	-41.7913	-37.9243
BLOCK29/SES291/SA291S27	SES158	-0.0102425	-37.9433	-37.933
BLOCK29/SES291/SA291S27	SES172	-5.49239	-43.4254	-37.933
BLOCK29/SES291/SA291S27	SES275	-4.15741	-42.0905	-37.933
BLOCK29/SES291/SA291S27	SES292	-4.44736	-42.3804	-37.933
